<?xml version="1.0" encoding="UTF-8"?>
<robot generator="Robot 7.2.2 (Python 3.13.3 on win32)" generated="2025-05-12T11:10:34.004276" rpa="false" schemaversion="5">
<suite id="s1" name="Richard-RobotFrameworkTestProject" source="D:\Rail9000\RobotFramework\Richard-RobotFrameworkTestProject">
<suite id="s1-s1" name="Tests" source="D:\Rail9000\RobotFramework\Richard-RobotFrameworkTestProject\Tests">
<suite id="s1-s1-s1" name="CR9K-23224" source="D:\Rail9000\RobotFramework\Richard-RobotFrameworkTestProject\Tests\CR9K-23224.robot">
<test id="s1-s1-s1-t1" name="Login with Valid Credentials" line="8">
<kw name="Open Browser to Login Page" owner="browser">
<kw name="Open Url With Edge" owner="browser">
<kw name="Open Url" owner="browser">
<kw name="Create Webdriver" owner="SeleniumLibrary">
<msg time="2025-05-12T11:10:34.597791" level="INFO">Creating an instance of the Edge WebDriver.</msg>
<arg>${browser}</arg>
<doc>Creates an instance of Selenium WebDriver.</doc>
<status status="PASS" start="2025-05-12T11:10:34.596436" elapsed="11.156647"/>
</kw>
<kw name="Maximize Browser Window" owner="SeleniumLibrary">
<doc>Maximizes current browser window.</doc>
<status status="PASS" start="2025-05-12T11:10:45.754240" elapsed="0.098416"/>
</kw>
<kw name="Go To" owner="SeleniumLibrary">
<msg time="2025-05-12T11:10:45.853921" level="INFO">Opening url 'http://127.0.0.1.nip.io/'</msg>
<arg>${url}</arg>
<doc>Navigates the current browser window to the provided ``url``.</doc>
<status status="PASS" start="2025-05-12T11:10:45.853181" elapsed="1.066231"/>
</kw>
<kw name="Wait For Condition" owner="SeleniumLibrary">
<arg>return !!document.body</arg>
<doc>Waits until ``condition`` is true or ``timeout`` expires.</doc>
<status status="PASS" start="2025-05-12T11:10:46.920282" elapsed="0.029421"/>
</kw>
<arg>Edge</arg>
<arg>${url}</arg>
<status status="PASS" start="2025-05-12T11:10:34.592969" elapsed="12.357087"/>
</kw>
<arg>${url}</arg>
<status status="PASS" start="2025-05-12T11:10:34.591964" elapsed="12.358328"/>
</kw>
<kw name="Login Page Should Be Open" owner="browser">
<kw name="Title Should Be" owner="SeleniumLibrary">
<msg time="2025-05-12T11:10:46.962221" level="INFO">Page title is 'Sign in to CSX CoreSystem'.</msg>
<arg>Sign in to CSX CoreSystem</arg>
<doc>Verifies that the current page title equals ``title``.</doc>
<status status="PASS" start="2025-05-12T11:10:46.951748" elapsed="0.011618"/>
</kw>
<status status="PASS" start="2025-05-12T11:10:46.950768" elapsed="0.012928"/>
</kw>
<arg>${LOGIN_URL}</arg>
<status status="PASS" start="2025-05-12T11:10:34.590385" elapsed="12.373489"/>
</kw>
<kw name="Input Username" owner="browser">
<kw name="Input Text" owner="SeleniumLibrary">
<msg time="2025-05-12T11:10:46.967135" level="INFO">Typing text 'supervisor' into text field 'username'.</msg>
<arg>username</arg>
<arg>${username}</arg>
<doc>Types the given ``text`` into the text field identified by ``locator``.</doc>
<status status="PASS" start="2025-05-12T11:10:46.965975" elapsed="0.136891"/>
</kw>
<arg>${VALID_USERNAME}</arg>
<status status="PASS" start="2025-05-12T11:10:46.964648" elapsed="0.138676"/>
</kw>
<kw name="Input Password" owner="browser">
<kw name="Input Text" owner="SeleniumLibrary">
<msg time="2025-05-12T11:10:47.105673" level="INFO">Typing text 'supervisor' into text field 'password'.</msg>
<arg>password</arg>
<arg>${password}</arg>
<doc>Types the given ``text`` into the text field identified by ``locator``.</doc>
<status status="PASS" start="2025-05-12T11:10:47.104920" elapsed="0.147970"/>
</kw>
<arg>${VALID_PASSWORD}</arg>
<status status="PASS" start="2025-05-12T11:10:47.103964" elapsed="0.149348"/>
</kw>
<kw name="Submit Credentials" owner="browser">
<kw name="Click Button" owner="SeleniumLibrary">
<msg time="2025-05-12T11:10:47.255349" level="INFO">Clicking button 'kc-login'.</msg>
<arg>kc-login</arg>
<doc>Clicks the button identified by ``locator``.</doc>
<status status="PASS" start="2025-05-12T11:10:47.254773" elapsed="9.184642"/>
</kw>
<status status="PASS" start="2025-05-12T11:10:47.253978" elapsed="9.185914"/>
</kw>
<kw name="Welcome Page Should Be Open" owner="browser">
<kw name="Location Should Be" owner="SeleniumLibrary">
<msg time="2025-05-12T11:10:56.463443" level="INFO">Current location is 'http://127.0.0.1.nip.io/'.</msg>
<arg>${LOGIN_URL}</arg>
<doc>Verifies that the current URL is exactly ``url``.</doc>
<status status="PASS" start="2025-05-12T11:10:56.447377" elapsed="0.016852"/>
</kw>
<kw name="Title Should Be" owner="SeleniumLibrary">
<msg time="2025-05-12T11:10:56.481169" level="INFO">Page title is 'Core System'.</msg>
<arg>Core System</arg>
<doc>Verifies that the current page title equals ``title``.</doc>
<status status="PASS" start="2025-05-12T11:10:56.464652" elapsed="0.017397"/>
</kw>
<status status="PASS" start="2025-05-12T11:10:56.441180" elapsed="0.041209"/>
</kw>
<status status="PASS" start="2025-05-12T11:10:34.587682" elapsed="21.895838"/>
</test>
<kw name="Close Browser" owner="SeleniumLibrary" type="TEARDOWN">
<doc>Closes the current browser.</doc>
<status status="PASS" start="2025-05-12T11:10:56.487233" elapsed="2.459517"/>
</kw>
<doc>A test suite to check valid login.</doc>
<meta name="Version">0.1</meta>
<status status="PASS" start="2025-05-12T11:10:34.055515" elapsed="24.891532"/>
</suite>
<status status="PASS" start="2025-05-12T11:10:34.049904" elapsed="24.900413"/>
</suite>
<status status="PASS" start="2025-05-12T11:10:34.012164" elapsed="24.940506"/>
</suite>
<statistics>
<total>
<stat pass="1" fail="0" skip="0">All Tests</stat>
</total>
<tag>
</tag>
<suite>
<stat name="Richard-RobotFrameworkTestProject" id="s1" pass="1" fail="0" skip="0">Richard-RobotFrameworkTestProject</stat>
<stat name="Tests" id="s1-s1" pass="1" fail="0" skip="0">Richard-RobotFrameworkTestProject.Tests</stat>
<stat name="CR9K-23224" id="s1-s1-s1" pass="1" fail="0" skip="0">Richard-RobotFrameworkTestProject.Tests.CR9K-23224</stat>
</suite>
</statistics>
<errors>
</errors>
</robot>
