<?xml version="1.0" encoding="UTF-8"?>
<robot generator="Robot 7.2.2 (Python 3.13.3 on win32)" generated="2025-05-26T11:48:48.483193" rpa="false" schemaversion="5">
<suite id="s1" name="Richard-RobotFrameworkTestProject" source="D:\Rail9000\RobotFramework\Richard-RobotFrameworkTestProject">
<suite id="s1-s1" name="Tests" source="D:\Rail9000\RobotFramework\Richard-RobotFrameworkTestProject\Tests">
<suite id="s1-s1-s1" name="1.5.3 User logoff" source="D:\Rail9000\RobotFramework\Richard-RobotFrameworkTestProject\Tests\1.5.3 User logoff">
<suite id="s1-s1-s1-s1" name="CR9K-266271" source="D:\Rail9000\RobotFramework\Richard-RobotFrameworkTestProject\Tests\1.5.3 User logoff\CR9K-266271.robot">
<kw name="Set initial configuration" owner="initialConfiguration" type="SETUP">
<kw name="New Browser" owner="Browser">
<msg time="2025-05-26T11:48:49.122723" level="INFO">{"browser": "chromium", "headless": false, "args": ["--incognito"], "chromiumSandbox": false, "devtools": false, "handleSIGHUP": true, "handleSIGINT": true, "handleSIGTERM": true, "slowMo": 500.0, "timeout": 30000.0, "tracesDir": "D:\\Rail9000\\RobotFramework\\Richard-RobotFrameworkTestProject\\results\\browser\\traces\\temp\\fb61a6df-0c96-4ffe-b3d8-b37cb0175e1e"}</msg>
<msg time="2025-05-26T11:48:49.172961" level="INFO">Starting Browser process C:\Python313\Lib\site-packages\Browser\wrapper\index.js using at 127.0.0.1:61546</msg>
<msg time="2025-05-26T11:48:50.579005" level="INFO">Successfully created browser with options: {"browser":"chromium","headless":false,"args":["--incognito"],"chromiumSandbox":false,"devtools":false,"handleSIGHUP":true,"handleSIGINT":true,"handleSIGTERM":true,"slowMo":500,"timeout":30000,"tracesDir":"D:\\Rail9000\\RobotFramework\\Richard-RobotFrameworkTestProject\\results\\browser\\traces\\temp\\fb61a6df-0c96-4ffe-b3d8-b37cb0175e1e"}</msg>
<arg>browser=${BROWSER}</arg>
<arg>headless=${HEADLESS}</arg>
<arg>slowMo=${SLOWMO}</arg>
<arg>args=['--incognito']</arg>
<tag>BrowserControl</tag>
<tag>Setter</tag>
<doc>Create a new playwright Browser with specified options.</doc>
<status status="PASS" start="2025-05-26T11:48:49.118678" elapsed="1.461196"/>
</kw>
<kw name="Connect Users BBDD" owner="db">
<kw name="Get Config" owner="ConfigReader">
<msg time="2025-05-26T11:48:50.584449" level="INFO">${DBHost} = localhost</msg>
<var>${DBHost}</var>
<arg>host</arg>
<arg>database</arg>
<status status="PASS" start="2025-05-26T11:48:50.581973" elapsed="0.003052"/>
</kw>
<kw name="Get Config" owner="ConfigReader">
<msg time="2025-05-26T11:48:50.586869" level="INFO">${DBName} = users_csx</msg>
<var>${DBName}</var>
<arg>name</arg>
<arg>database</arg>
<status status="PASS" start="2025-05-26T11:48:50.585560" elapsed="0.002338"/>
</kw>
<kw name="Get Config" owner="ConfigReader">
<msg time="2025-05-26T11:48:50.589508" level="INFO">${DBPass} = ""</msg>
<var>${DBPass}</var>
<arg>password</arg>
<arg>database</arg>
<status status="PASS" start="2025-05-26T11:48:50.588536" elapsed="0.001474"/>
</kw>
<kw name="Get Config" owner="ConfigReader">
<msg time="2025-05-26T11:48:50.592286" level="INFO">${DBPort} = 5432</msg>
<var>${DBPort}</var>
<arg>port</arg>
<arg>database</arg>
<status status="PASS" start="2025-05-26T11:48:50.590388" elapsed="0.002549"/>
</kw>
<kw name="Get Config" owner="ConfigReader">
<msg time="2025-05-26T11:48:50.594644" level="INFO">${DBUser} = postgres</msg>
<var>${DBUser}</var>
<arg>user</arg>
<arg>database</arg>
<status status="PASS" start="2025-05-26T11:48:50.593381" elapsed="0.001833"/>
</kw>
<kw name="Connect To Database" owner="DatabaseLibrary">
<msg time="2025-05-26T11:48:50.596838" level="INFO">Looking for configuration file: 'resources\db.cfg'</msg>
<msg time="2025-05-26T11:48:50.597524" level="INFO">Configuration file doesn't exist</msg>
<msg time="2025-05-26T11:48:50.630156" level="INFO">Connect to DB using : psycopg2.connect(database='users_csx', user='postgres', password=***, host='localhost', port=5432)</msg>
<arg>psycopg2</arg>
<arg>${DBName}</arg>
<arg>${DBUser}</arg>
<arg>${DBPass}</arg>
<arg>${DBHost}</arg>
<arg>${DBPort}</arg>
<doc>Creates a database connection using the DB API 2.0 ``db_module`` and the parameters provided.
Along with listed commonly used arguments (`db_name`, `db_host` etc.)
you can set any other DB module specific parameters as key/value pairs.</doc>
<status status="PASS" start="2025-05-26T11:48:50.595627" elapsed="0.047037"/>
</kw>
<status status="PASS" start="2025-05-26T11:48:50.580509" elapsed="0.062617"/>
</kw>
<kw name="Check Open Sessions" owner="db">
<kw name="Query" owner="DatabaseLibrary">
<msg time="2025-05-26T11:48:50.645666" level="INFO" html="true">Executing sql:&lt;br&gt;&lt;code style="font-weight: bold;"&gt;SELECT COUNT(*) FROM usersessions WHERE status IS NOT NULL;&lt;/code&gt;</msg>
<msg time="2025-05-26T11:48:50.649751" level="INFO">Commit the transaction</msg>
<msg time="2025-05-26T11:48:50.651350" level="INFO" html="true">&lt;div style="max-width: 100%; overflow-x: auto;"&gt;&lt;table style="width: auto; border-collapse: collapse; border: 2px solid rgb(140 140 140)"&gt;&lt;caption style="text-align: left; font-weight: bold; padding: 5px;"&gt;Query returned 1 rows&lt;/caption&gt;&lt;tr&gt;&lt;th scope="col" style="color:black; background-color: #d6ecd4; border: 1px solid rgb(160 160 160);padding: 8px 10px;text-align: center;"&gt;Row&lt;/th&gt;&lt;th scope="col" style="background-color: #505050; color: #fff;border: 1px solid rgb(160 160 160);padding: 8px 10px;text-align: center;"&gt;count&lt;/th&gt;&lt;/tr&gt;&lt;tr style="background-color: var(--secondary-color, #eee)"&gt;&lt;th scope="row" style="color:black; background-color: #d6ecd4;border: 1px solid rgb(160 160 160);padding: 8px 10px;text-align: center;"&gt;0&lt;/th&gt;&lt;td style="border: 1px solid rgb(160 160 160);padding: 8px 10px;text-align: center;"&gt;1&lt;/td&gt;&lt;/tr&gt;&lt;/table&gt;&lt;/div&gt;</msg>
<msg time="2025-05-26T11:48:50.652252" level="INFO">${query} = [(1,)]</msg>
<var>${query}</var>
<arg>SELECT COUNT(*) FROM usersessions WHERE status IS NOT NULL;</arg>
<doc>Runs a query with the ``select_statement`` and returns the result as list of rows.
The type of row values depends on the database module -
usually they are tuples or tuple-like objects.</doc>
<status status="PASS" start="2025-05-26T11:48:50.644932" elapsed="0.007658"/>
</kw>
<kw name="Set Variable" owner="BuiltIn">
<msg time="2025-05-26T11:48:50.655678" level="INFO">${count} = 1</msg>
<var>${count}</var>
<arg>${query[0][0]}</arg>
<doc>Returns the given values which can then be assigned to a variables.</doc>
<status status="PASS" start="2025-05-26T11:48:50.653154" elapsed="0.003213"/>
</kw>
<if>
<branch type="IF" condition="${count} &gt; 0">
<kw name="Close Open Sessions" owner="db">
<kw name="Execute Sql String" owner="DatabaseLibrary">
<msg time="2025-05-26T11:48:50.660476" level="INFO" html="true">Executing sql:&lt;br&gt;&lt;code style="font-weight: bold;"&gt;DELETE FROM usersessions;&lt;/code&gt;</msg>
<msg time="2025-05-26T11:48:50.664594" level="INFO">Commit the transaction</msg>
<arg>DELETE FROM usersessions;</arg>
<doc>Executes the ``sql_string`` as a single SQL command.</doc>
<status status="PASS" start="2025-05-26T11:48:50.659774" elapsed="0.021358"/>
</kw>
<status status="PASS" start="2025-05-26T11:48:50.658726" elapsed="0.022699"/>
</kw>
<status status="PASS" start="2025-05-26T11:48:50.656823" elapsed="0.024737"/>
</branch>
<branch type="ELSE">
<kw name="Log To Console" owner="BuiltIn">
<arg>No hay sesiones abiertas</arg>
<doc>Logs the given message to the console.</doc>
<status status="NOT RUN" start="2025-05-26T11:48:50.682302" elapsed="0.000488"/>
</kw>
<status status="NOT RUN" start="2025-05-26T11:48:50.681683" elapsed="0.001301"/>
</branch>
<status status="PASS" start="2025-05-26T11:48:50.656745" elapsed="0.026335"/>
</if>
<status status="PASS" start="2025-05-26T11:48:50.643726" elapsed="0.039474"/>
</kw>
<status status="PASS" start="2025-05-26T11:48:49.116083" elapsed="1.567312"/>
</kw>
<test id="s1-s1-s1-s1-t1" name="Log off at any time" line="16">
<kw name="Open Login Page" owner="browser">
<kw name="Open Url" owner="browser">
<kw name="New Context" owner="Browser">
<msg time="2025-05-26T11:48:50.698181" level="INFO">{
  "acceptDownloads": true,
  "bypassCSP": false,
  "forcedColors": "none",
  "ignoreHTTPSErrors": false,
  "javaScriptEnabled": true,
  "offline": false,
  "reducedMotion": "no-preference",
  "serviceWorkers": "allow",
  "viewport": {
    "height": 720,
    "width": 1280
  }
}</msg>
<msg time="2025-05-26T11:48:50.725342" level="INFO">Successfully created context. </msg>
<msg time="2025-05-26T11:48:50.726062" level="INFO">{'acceptDownloads': True, 'bypassCSP': False, 'forcedColors': 'none', 'ignoreHTTPSErrors': False, 'javaScriptEnabled': True, 'offline': False, 'reducedMotion': 'no-preference', 'serviceWorkers': 'allow', 'viewport': {'height': 720, 'width': 1280}}</msg>
<tag>BrowserControl</tag>
<tag>Setter</tag>
<doc>Create a new BrowserContext with specified options.</doc>
<status status="PASS" start="2025-05-26T11:48:50.693712" elapsed="0.032927"/>
</kw>
<kw name="New Page" owner="Browser">
<msg time="2025-05-26T11:48:52.723653" level="INFO">Successfully initialized new page object and opened url: http://127.0.0.1.nip.io/</msg>
<arg>${url}</arg>
<tag>BrowserControl</tag>
<tag>Setter</tag>
<doc>Open a new Page.</doc>
<status status="PASS" start="2025-05-26T11:48:50.727113" elapsed="1.997081"/>
</kw>
<kw name="Set Viewport Size" owner="Browser">
<msg time="2025-05-26T11:48:52.744271" level="INFO">Set viewport size to: [object Object]</msg>
<arg>1920</arg>
<arg>1080</arg>
<tag>BrowserControl</tag>
<tag>Setter</tag>
<doc>Sets current Pages viewport size to specified dimensions.</doc>
<status status="PASS" start="2025-05-26T11:48:52.724473" elapsed="0.020504"/>
</kw>
<arg>${LOGIN_URL}</arg>
<status status="PASS" start="2025-05-26T11:48:50.692851" elapsed="2.052441"/>
</kw>
<kw name="Login Page Should Be Loaded" owner="browser">
<kw name="Wait For Elements State" owner="Browser">
<msg time="2025-05-26T11:48:52.789273" level="INFO">Waited for Element with selector div.login-pf-page at state visible</msg>
<arg>${LOGIN_PAGE_ELEMENT}</arg>
<arg>visible</arg>
<tag>PageContent</tag>
<tag>Wait</tag>
<doc>Waits for the element found by ``selector`` to satisfy state option.</doc>
<status status="PASS" start="2025-05-26T11:48:52.747213" elapsed="0.042535"/>
</kw>
<kw name="Expected Title" owner="browser">
<kw name="Get Title" owner="Browser">
<msg time="2025-05-26T11:48:52.798863" level="INFO">Title: 'Sign in to CSX CoreSystem'</msg>
<msg time="2025-05-26T11:48:52.799225" level="INFO">${title} = Sign in to CSX CoreSystem</msg>
<var>${title}</var>
<tag>Assertion</tag>
<tag>Getter</tag>
<tag>PageContent</tag>
<doc>Returns the title of the current page.</doc>
<status status="PASS" start="2025-05-26T11:48:52.791167" elapsed="0.008386"/>
</kw>
<kw name="Should Be Equal" owner="BuiltIn">
<arg>${title}</arg>
<arg>${expected_title}</arg>
<doc>Fails if the given objects are unequal.</doc>
<status status="PASS" start="2025-05-26T11:48:52.799938" elapsed="0.001036"/>
</kw>
<arg>${expected_title}</arg>
<status status="PASS" start="2025-05-26T11:48:52.790081" elapsed="0.011199"/>
</kw>
<arg>${LOGIN_TITLE}</arg>
<status status="PASS" start="2025-05-26T11:48:52.745633" elapsed="0.055820"/>
</kw>
<arg>${LOGIN_URL}</arg>
<status status="PASS" start="2025-05-26T11:48:50.691521" elapsed="2.110110"/>
</kw>
<kw name="Input Login Valid Credentials" owner="browser">
<kw name="Input Username Login/Logoff" owner="browser">
<kw name="Wait For Elements State" owner="Browser">
<msg time="2025-05-26T11:48:52.817547" level="INFO">Waited for Element with selector input[name="username"] at state visible</msg>
<arg>${INPUT_LOGIN_USERNAME}</arg>
<arg>visible</arg>
<tag>PageContent</tag>
<tag>Wait</tag>
<doc>Waits for the element found by ``selector`` to satisfy state option.</doc>
<status status="PASS" start="2025-05-26T11:48:52.804238" elapsed="0.014014"/>
</kw>
<kw name="Click" owner="Browser">
<msg time="2025-05-26T11:48:52.821070" level="INFO">Clicks the element 'input[name="username"]'.</msg>
<arg>${INPUT_LOGIN_USERNAME}</arg>
<tag>PageContent</tag>
<tag>Setter</tag>
<doc>Simulates mouse click on the element found by ``selector``.</doc>
<status status="PASS" start="2025-05-26T11:48:52.818670" elapsed="0.537661"/>
</kw>
<kw name="Fill Text" owner="Browser">
<msg time="2025-05-26T11:48:53.359210" level="INFO">Fills the text 'supervisor' in the given field.</msg>
<arg>${INPUT_LOGIN_USERNAME}</arg>
<arg>${username}</arg>
<tag>PageContent</tag>
<tag>Setter</tag>
<doc>Clears and fills the given ``txt`` into the text field found by ``selector``.</doc>
<status status="PASS" start="2025-05-26T11:48:53.357043" elapsed="0.526615"/>
</kw>
<arg>${username}</arg>
<status status="PASS" start="2025-05-26T11:48:52.803069" elapsed="1.081061"/>
</kw>
<kw name="Input Password Login/Logoff" owner="browser">
<kw name="Wait For Elements State" owner="Browser">
<msg time="2025-05-26T11:48:53.895246" level="INFO">Waited for Element with selector input[name="password"] at state visible</msg>
<arg>${INPUT_LOGIN_PASSWORD}</arg>
<arg>visible</arg>
<tag>PageContent</tag>
<tag>Wait</tag>
<doc>Waits for the element found by ``selector`` to satisfy state option.</doc>
<status status="PASS" start="2025-05-26T11:48:53.885855" elapsed="0.009992"/>
</kw>
<kw name="Click" owner="Browser">
<msg time="2025-05-26T11:48:53.899004" level="INFO">Clicks the element 'input[name="password"]'.</msg>
<arg>${INPUT_LOGIN_PASSWORD}</arg>
<tag>PageContent</tag>
<tag>Setter</tag>
<doc>Simulates mouse click on the element found by ``selector``.</doc>
<status status="PASS" start="2025-05-26T11:48:53.896267" elapsed="0.544077"/>
</kw>
<kw name="Fill Text" owner="Browser">
<msg time="2025-05-26T11:48:54.442595" level="INFO">Fills the text 'supervisor' in the given field.</msg>
<arg>${INPUT_LOGIN_PASSWORD}</arg>
<arg>${password}</arg>
<tag>PageContent</tag>
<tag>Setter</tag>
<doc>Clears and fills the given ``txt`` into the text field found by ``selector``.</doc>
<status status="PASS" start="2025-05-26T11:48:54.440622" elapsed="0.527288"/>
</kw>
<arg>${password}</arg>
<status status="PASS" start="2025-05-26T11:48:53.884671" elapsed="1.083444"/>
</kw>
<kw name="Click Submit Button" owner="browser">
<kw name="Wait For Elements State" owner="Browser">
<msg time="2025-05-26T11:48:54.977280" level="INFO">Waited for Element with selector input#kc-login at state visible</msg>
<arg>${INPUT_LOGIN_SUBMIT}</arg>
<arg>visible</arg>
<tag>PageContent</tag>
<tag>Wait</tag>
<doc>Waits for the element found by ``selector`` to satisfy state option.</doc>
<status status="PASS" start="2025-05-26T11:48:54.969074" elapsed="0.008699"/>
</kw>
<kw name="Click" owner="Browser">
<msg time="2025-05-26T11:48:54.979665" level="INFO">Clicks the element 'input#kc-login'.</msg>
<arg>${INPUT_LOGIN_SUBMIT}</arg>
<tag>PageContent</tag>
<tag>Setter</tag>
<doc>Simulates mouse click on the element found by ``selector``.</doc>
<status status="PASS" start="2025-05-26T11:48:54.978038" elapsed="0.722736"/>
</kw>
<status status="PASS" start="2025-05-26T11:48:54.968356" elapsed="0.732789"/>
</kw>
<kw name="Role&amp;Position Page Should Be Open" owner="browser">
<kw name="Wait For Elements State" owner="Browser">
<msg time="2025-05-26T11:48:57.772912" level="INFO">Waited for Element with selector ix-blind.rootPane.blind-outline.hydrated at state visible</msg>
<arg>${IX-BLIND_ROLE&amp;POSITION}</arg>
<arg>visible</arg>
<tag>PageContent</tag>
<tag>Wait</tag>
<doc>Waits for the element found by ``selector`` to satisfy state option.</doc>
<status status="PASS" start="2025-05-26T11:48:55.702798" elapsed="2.070810"/>
</kw>
<kw name="Expected Title" owner="browser">
<kw name="Get Title" owner="Browser">
<msg time="2025-05-26T11:48:57.782589" level="INFO">Title: 'Core System'</msg>
<msg time="2025-05-26T11:48:57.782941" level="INFO">${title} = Core System</msg>
<var>${title}</var>
<tag>Assertion</tag>
<tag>Getter</tag>
<tag>PageContent</tag>
<doc>Returns the title of the current page.</doc>
<status status="PASS" start="2025-05-26T11:48:57.775480" elapsed="0.007660"/>
</kw>
<kw name="Should Be Equal" owner="BuiltIn">
<arg>${title}</arg>
<arg>${expected_title}</arg>
<doc>Fails if the given objects are unequal.</doc>
<status status="PASS" start="2025-05-26T11:48:57.783949" elapsed="0.000881"/>
</kw>
<arg>${expected_title}</arg>
<status status="PASS" start="2025-05-26T11:48:57.774086" elapsed="0.010916"/>
</kw>
<arg>${MAIN_TITLE}</arg>
<status status="PASS" start="2025-05-26T11:48:55.701533" elapsed="2.083593"/>
</kw>
<arg>${VALID_USERNAME}</arg>
<arg>${VALID_PASSWORD}</arg>
<status status="PASS" start="2025-05-26T11:48:52.802203" elapsed="4.983030"/>
</kw>
<kw name="Select Role And Position" owner="browser">
<kw name="Select A Role" owner="browser">
<kw name="Wait For Elements State" owner="Browser">
<msg time="2025-05-26T11:48:57.796742" level="INFO">Waited for Element with selector ix-select &gt;&gt; nth=0 at state visible</msg>
<arg>${IX-SELECT_ROLE}</arg>
<tag>PageContent</tag>
<tag>Wait</tag>
<doc>Waits for the element found by ``selector`` to satisfy state option.</doc>
<status status="PASS" start="2025-05-26T11:48:57.787425" elapsed="0.009967"/>
</kw>
<kw name="Click" owner="Browser">
<msg time="2025-05-26T11:48:57.799904" level="INFO">Clicks the element 'ix-select &gt;&gt; nth=0'.</msg>
<arg>${IX-SELECT_ROLE}</arg>
<tag>PageContent</tag>
<tag>Setter</tag>
<doc>Simulates mouse click on the element found by ``selector``.</doc>
<status status="PASS" start="2025-05-26T11:48:57.797812" elapsed="0.592266"/>
</kw>
<kw name="Get Selector For IX-SELECT-ITEM_ROLE" owner="variables">
<kw name="Set Variable" owner="BuiltIn">
<msg time="2025-05-26T11:48:58.392164" level="INFO">${selector} = ix-select-item[ng-reflect-value="Chief Dispatcher"]</msg>
<var>${selector}</var>
<arg>ix-select-item[ng-reflect-value="${role}"]</arg>
<doc>Returns the given values which can then be assigned to a variables.</doc>
<status status="PASS" start="2025-05-26T11:48:58.391759" elapsed="0.000648"/>
</kw>
<return>
<value>${selector}</value>
<status status="PASS" start="2025-05-26T11:48:58.392591" elapsed="0.000579"/>
</return>
<msg time="2025-05-26T11:48:58.393438" level="INFO">${IXL-SELECT-ITEM_ROLE} = ix-select-item[ng-reflect-value="Chief Dispatcher"]</msg>
<var>${IXL-SELECT-ITEM_ROLE}</var>
<arg>${role}</arg>
<status status="PASS" start="2025-05-26T11:48:58.390636" elapsed="0.003136"/>
</kw>
<kw name="Wait For Elements State" owner="Browser">
<msg time="2025-05-26T11:48:59.010021" level="INFO">Waited for Element with selector ix-select-item[ng-reflect-value="Chief Dispatcher"] at state visible</msg>
<arg>${IXL-SELECT-ITEM_ROLE}</arg>
<arg>visible</arg>
<tag>PageContent</tag>
<tag>Wait</tag>
<doc>Waits for the element found by ``selector`` to satisfy state option.</doc>
<status status="PASS" start="2025-05-26T11:48:58.394080" elapsed="0.616658"/>
</kw>
<kw name="Click" owner="Browser">
<msg time="2025-05-26T11:48:59.013382" level="INFO">Clicks the element 'ix-select-item[ng-reflect-value="Chief Dispatcher"]'.</msg>
<arg>${IXL-SELECT-ITEM_ROLE}</arg>
<tag>PageContent</tag>
<tag>Setter</tag>
<doc>Simulates mouse click on the element found by ``selector``.</doc>
<status status="PASS" start="2025-05-26T11:48:59.011308" elapsed="0.557651"/>
</kw>
<arg>${role}</arg>
<status status="PASS" start="2025-05-26T11:48:57.786644" elapsed="1.782812"/>
</kw>
<kw name="Select A Position" owner="browser">
<kw name="Wait For Elements State" owner="Browser">
<msg time="2025-05-26T11:48:59.952171" level="INFO">Waited for Element with selector ix-select &gt;&gt; nth=1 at state visible</msg>
<arg>${IX-SELECT_POSITION}</arg>
<tag>PageContent</tag>
<tag>Wait</tag>
<doc>Waits for the element found by ``selector`` to satisfy state option.</doc>
<status status="PASS" start="2025-05-26T11:48:59.570733" elapsed="0.382384"/>
</kw>
<kw name="Click" owner="Browser">
<msg time="2025-05-26T11:48:59.955613" level="INFO">Clicks the element 'ix-select &gt;&gt; nth=1'.</msg>
<arg>${IX-SELECT_POSITION}</arg>
<tag>PageContent</tag>
<tag>Setter</tag>
<doc>Simulates mouse click on the element found by ``selector``.</doc>
<status status="PASS" start="2025-05-26T11:48:59.953442" elapsed="1.126402"/>
</kw>
<kw name="Get Selector For IX-SELECT-ITEM_POSITION" owner="variables">
<kw name="Set Variable" owner="BuiltIn">
<msg time="2025-05-26T11:49:01.081366" level="INFO">${selector} = ix-select-item[ng-reflect-value="Florence"]</msg>
<var>${selector}</var>
<arg>ix-select-item[ng-reflect-value="${position}"]</arg>
<doc>Returns the given values which can then be assigned to a variables.</doc>
<status status="PASS" start="2025-05-26T11:49:01.080928" elapsed="0.000630"/>
</kw>
<return>
<value>${selector}</value>
<status status="PASS" start="2025-05-26T11:49:01.081714" elapsed="0.000638"/>
</return>
<msg time="2025-05-26T11:49:01.082591" level="INFO">${IXL-SELECT-ITEM_POSITION} = ix-select-item[ng-reflect-value="Florence"]</msg>
<var>${IXL-SELECT-ITEM_POSITION}</var>
<arg>${position}</arg>
<status status="PASS" start="2025-05-26T11:49:01.080136" elapsed="0.002614"/>
</kw>
<kw name="Wait For Elements State" owner="Browser">
<msg time="2025-05-26T11:49:01.092438" level="INFO">Waited for Element with selector ix-select-item[ng-reflect-value="Florence"] at state visible</msg>
<arg>${IXL-SELECT-ITEM_POSITION}</arg>
<arg>visible</arg>
<tag>PageContent</tag>
<tag>Wait</tag>
<doc>Waits for the element found by ``selector`` to satisfy state option.</doc>
<status status="PASS" start="2025-05-26T11:49:01.082984" elapsed="0.009862"/>
</kw>
<kw name="Click" owner="Browser">
<msg time="2025-05-26T11:49:01.095166" level="INFO">Clicks the element 'ix-select-item[ng-reflect-value="Florence"]'.</msg>
<arg>${IXL-SELECT-ITEM_POSITION}</arg>
<tag>PageContent</tag>
<tag>Setter</tag>
<doc>Simulates mouse click on the element found by ``selector``.</doc>
<status status="PASS" start="2025-05-26T11:49:01.093116" elapsed="0.559019"/>
</kw>
<arg>${position}</arg>
<status status="PASS" start="2025-05-26T11:48:59.569909" elapsed="2.082474"/>
</kw>
<kw name="Run Keyword If" owner="BuiltIn">
<arg>${HOS} == True</arg>
<arg>Set Hour Of Service</arg>
<doc>Runs the given keyword with the given arguments, if ``condition`` is true.</doc>
<status status="PASS" start="2025-05-26T11:49:01.652601" elapsed="0.001122"/>
</kw>
<kw name="Start Session" owner="browser">
<kw name="Wait For Elements State" owner="Browser">
<msg time="2025-05-26T11:49:01.668265" level="INFO">Waited for Element with selector text="Start session" at state visible</msg>
<arg>${START_SESSION_BUTTON}</arg>
<arg>visible</arg>
<tag>PageContent</tag>
<tag>Wait</tag>
<doc>Waits for the element found by ``selector`` to satisfy state option.</doc>
<status status="PASS" start="2025-05-26T11:49:01.654513" elapsed="0.014365"/>
</kw>
<kw name="Click" owner="Browser">
<msg time="2025-05-26T11:49:01.671274" level="INFO">Clicks the element 'text="Start session"'.</msg>
<arg>${START_SESSION_BUTTON}</arg>
<tag>PageContent</tag>
<tag>Setter</tag>
<doc>Simulates mouse click on the element found by ``selector``.</doc>
<status status="PASS" start="2025-05-26T11:49:01.669284" elapsed="0.557808"/>
</kw>
<status status="PASS" start="2025-05-26T11:49:01.653993" elapsed="0.573418"/>
</kw>
<kw name="Main Page Should Be Open" owner="browser">
<kw name="Wait For Elements State" owner="Browser">
<msg time="2025-05-26T11:49:02.238221" level="INFO">Waited for Element with selector gridster-item#DashBoard_mainCanvas at state visible</msg>
<arg>${MAIN_PAGE_ELEMENT}</arg>
<arg>visible</arg>
<tag>PageContent</tag>
<tag>Wait</tag>
<doc>Waits for the element found by ``selector`` to satisfy state option.</doc>
<status status="PASS" start="2025-05-26T11:49:02.228493" elapsed="0.010357"/>
</kw>
<kw name="Expected Title" owner="browser">
<kw name="Get Title" owner="Browser">
<msg time="2025-05-26T11:49:02.246385" level="INFO">Title: 'Core System'</msg>
<msg time="2025-05-26T11:49:02.246959" level="INFO">${title} = Core System</msg>
<var>${title}</var>
<tag>Assertion</tag>
<tag>Getter</tag>
<tag>PageContent</tag>
<doc>Returns the title of the current page.</doc>
<status status="PASS" start="2025-05-26T11:49:02.240601" elapsed="0.073257"/>
</kw>
<kw name="Should Be Equal" owner="BuiltIn">
<arg>${title}</arg>
<arg>${expected_title}</arg>
<doc>Fails if the given objects are unequal.</doc>
<status status="PASS" start="2025-05-26T11:49:02.315570" elapsed="0.001563"/>
</kw>
<arg>${expected_title}</arg>
<status status="PASS" start="2025-05-26T11:49:02.239317" elapsed="0.078137"/>
</kw>
<arg>${MAIN_TITLE}</arg>
<status status="PASS" start="2025-05-26T11:49:02.227727" elapsed="0.090088"/>
</kw>
<arg>${ROLE}</arg>
<arg>${POSITION}</arg>
<arg>${HOS}</arg>
<status status="PASS" start="2025-05-26T11:48:57.785775" elapsed="4.532375"/>
</kw>
<kw name="Confirm Logoff" owner="browser">
<kw name="Click Logoff Button" owner="browser">
<kw name="Wait For Elements State" owner="Browser">
<msg time="2025-05-26T11:49:12.348517" level="FAIL">ConnectionError: Playwright process has been terminated with code 130</msg>
<arg>${LOGOFF_BUTTON}</arg>
<arg>visible</arg>
<tag>PageContent</tag>
<tag>Wait</tag>
<doc>Waits for the element found by ``selector`` to satisfy state option.</doc>
<status status="FAIL" start="2025-05-26T11:49:02.328268" elapsed="10.032778">ConnectionError: Playwright process has been terminated with code 130</status>
</kw>
<kw name="Click" owner="Browser">
<arg>${LOGOFF_BUTTON}</arg>
<tag>PageContent</tag>
<tag>Setter</tag>
<doc>Simulates mouse click on the element found by ``selector``.</doc>
<status status="NOT RUN" start="2025-05-26T11:49:12.361419" elapsed="0.000361"/>
</kw>
<status status="FAIL" start="2025-05-26T11:49:02.322755" elapsed="10.039310">ConnectionError: Playwright process has been terminated with code 130</status>
</kw>
<kw name="Wait For Elements State" owner="Browser">
<arg>${CONTINUE_LOGOFF}</arg>
<arg>visible</arg>
<tag>PageContent</tag>
<tag>Wait</tag>
<doc>Waits for the element found by ``selector`` to satisfy state option.</doc>
<status status="NOT RUN" start="2025-05-26T11:49:12.362404" elapsed="0.000444"/>
</kw>
<if>
<branch type="IF" condition="${HOS} == True">
<kw name="Open HOS Logoff Window" owner="browser">
<status status="NOT RUN" start="2025-05-26T11:49:12.364096" elapsed="0.000505"/>
</kw>
<kw name="Input Password Login/Logoff" owner="browser">
<arg>${VALID_PASSWORD}</arg>
<status status="NOT RUN" start="2025-05-26T11:49:12.364916" elapsed="0.000366"/>
</kw>
<kw name="Click Submit Button" owner="browser">
<status status="NOT RUN" start="2025-05-26T11:49:12.365602" elapsed="0.000484"/>
</kw>
<status status="NOT RUN" start="2025-05-26T11:49:12.363155" elapsed="0.003196"/>
</branch>
<branch type="ELSE">
<kw name="Click" owner="Browser">
<arg>${CONTINUE_LOGOFF}</arg>
<tag>PageContent</tag>
<tag>Setter</tag>
<doc>Simulates mouse click on the element found by ``selector``.</doc>
<status status="NOT RUN" start="2025-05-26T11:49:12.367160" elapsed="0.000554"/>
</kw>
<status status="NOT RUN" start="2025-05-26T11:49:12.366551" elapsed="0.001354"/>
</branch>
<status status="NOT RUN" start="2025-05-26T11:49:12.363101" elapsed="0.004896"/>
</if>
<kw name="Login Page Should Be Loaded" owner="browser">
<arg>${LOGIN_TITLE}</arg>
<status status="NOT RUN" start="2025-05-26T11:49:12.368201" elapsed="0.000482"/>
</kw>
<arg>HOS=${HOS}</arg>
<status status="FAIL" start="2025-05-26T11:49:02.320822" elapsed="10.048428">ConnectionError: Playwright process has been terminated with code 130</status>
</kw>
<status status="FAIL" start="2025-05-26T11:48:50.683599" elapsed="21.686258">ConnectionError: Playwright process has been terminated with code 130</status>
</test>
<kw name="Closing Test" owner="initialConfiguration" type="TEARDOWN">
<kw name="Disconnect Users BBDD" owner="db">
<kw name="Execute Sql String" owner="DatabaseLibrary">
<msg time="2025-05-26T11:49:12.385417" level="INFO" html="true">Executing sql:&lt;br&gt;&lt;code style="font-weight: bold;"&gt;DELETE FROM usersessions;&lt;/code&gt;</msg>
<msg time="2025-05-26T11:49:12.388134" level="INFO">Commit the transaction</msg>
<arg>DELETE FROM usersessions;</arg>
<doc>Executes the ``sql_string`` as a single SQL command.</doc>
<status status="PASS" start="2025-05-26T11:49:12.384932" elapsed="0.010306"/>
</kw>
<kw name="Disconnect From Database" owner="DatabaseLibrary">
<doc>Disconnects from the database.</doc>
<status status="PASS" start="2025-05-26T11:49:12.395544" elapsed="0.001038"/>
</kw>
<status status="PASS" start="2025-05-26T11:49:12.384336" elapsed="0.012703"/>
</kw>
<kw name="Close Browser" owner="Browser">
<msg time="2025-05-26T11:49:12.400097" level="FAIL">ConnectionError: Playwright process has been terminated with code 130</msg>
<tag>BrowserControl</tag>
<tag>Setter</tag>
<doc>Closes the current browser.</doc>
<status status="FAIL" start="2025-05-26T11:49:12.397339" elapsed="0.013478">ConnectionError: Playwright process has been terminated with code 130</status>
</kw>
<kw name="Log To Console" owner="BuiltIn">
<arg>Test finalizado</arg>
<doc>Logs the given message to the console.</doc>
<status status="PASS" start="2025-05-26T11:49:12.411641" elapsed="0.001105"/>
</kw>
<status status="FAIL" start="2025-05-26T11:49:12.383254" elapsed="0.029899">ConnectionError: Playwright process has been terminated with code 130</status>
</kw>
<doc>Verify that a logged on user shall be able to logoff at anytime during their shitf</doc>
<meta name="Version">1.0</meta>
<status status="FAIL" start="2025-05-26T11:48:48.711102" elapsed="23.702288">Suite teardown failed:
ConnectionError: Playwright process has been terminated with code 130</status>
</suite>
<suite id="s1-s1-s1-s2" name="CR9K-266303" source="D:\Rail9000\RobotFramework\Richard-RobotFrameworkTestProject\Tests\1.5.3 User logoff\CR9K-266303.robot">
<kw name="Set initial configuration" owner="initialConfiguration" type="SETUP">
<kw name="New Browser" owner="Browser">
<arg>browser=${BROWSER}</arg>
<arg>headless=${HEADLESS}</arg>
<arg>slowMo=${SLOWMO}</arg>
<arg>args=['--incognito']</arg>
<tag>BrowserControl</tag>
<tag>Setter</tag>
<doc>Create a new playwright Browser with specified options.</doc>
<status status="FAIL" start="2025-05-26T11:49:12.445082" elapsed="0.002757">Execution terminated by signal</status>
</kw>
<kw name="Connect Users BBDD" owner="db">
<status status="NOT RUN" start="2025-05-26T11:49:12.448241" elapsed="0.000440"/>
</kw>
<kw name="Check Open Sessions" owner="db">
<status status="NOT RUN" start="2025-05-26T11:49:12.449010" elapsed="0.000331"/>
</kw>
<status status="FAIL" start="2025-05-26T11:49:12.444158" elapsed="0.005365">Execution terminated by signal</status>
</kw>
<test id="s1-s1-s1-s2-t1" name="Logoff HOS user type" line="16">
<errors>
<msg time="2025-05-26T11:49:12.379768" level="ERROR">Calling method '_end_test' of listener 'Browser' failed: ConnectionError: Playwright process has been terminated with code 130</msg>
<msg time="2025-05-26T11:49:12.423178" level="ERROR">Calling method '_end_suite' of listener 'Browser' failed: ConnectionError: Playwright process has been terminated with code 130</msg>
<msg time="2025-05-26T11:49:12.456943" level="ERROR">Execution stopped by user.</msg>
</errors>
</robot>
2025-05-26T11:49:02.189904" level="INFO">Commit the transaction</msg>
<msg time="2025-05-26T11:49:02.191423" level="INFO" html="true">&lt;div style="max-width: 100%; overflow-x: auto;"&gt;&lt;table style="width: auto; border-collapse: collapse; border: 2px solid rgb(140 140 140)"&gt;&lt;caption style="text-align: left; font-weight: bold; padding: 5px;"&gt;Query returned 1 rows&lt;/caption&gt;&lt;tr&gt;&lt;th scope="col" style="color:black; background-color: #d6ecd4; border: 1px solid rgb(160 160 160);padding: 8px 10px;text-align: center;"&gt;Row&lt;/th&gt;&lt;th scope="col" style="background-color: #505050; color: #fff;border: 1px solid rgb(160 160 160);padding: 8px 10px;text-align: center;"&gt;count&lt;/th&gt;&lt;/tr&gt;&lt;tr style="background-color: var(--secondary-color, #eee)"&gt;&lt;th scope="row" style="color:black; background-color: #d6ecd4;border: 1px solid rgb(160 160 160);padding: 8px 10px;text-align: center;"&gt;0&lt;/th&gt;&lt;td style="border: 1px solid rgb(160 160 160);padding: 8px 10px;text-align: center;"&gt;0&lt;/td&gt;&lt;/tr&gt;&lt;/table&gt;&lt;/div&gt;</msg>
<msg time="2025-05-26T11:49:02.192478" level="INFO">${query} = [(0,)]</msg>
<var>${query}</var>
<arg>SELECT COUNT(*) FROM usersessions WHERE status IS NOT NULL;</arg>
<doc>Runs a query with the ``select_statement`` and returns the result as list of rows.
The type of row values depends on the database module -
usually they are tuples or tuple-like objects.</doc>
<status status="PASS" start="2025-05-26T11:49:02.185653" elapsed="0.007298"/>
</kw>
<kw name="Set Variable" owner="BuiltIn">
<msg time="2025-05-26T11:49:02.195414" level="INFO">${count} = 0</msg>
<var>${count}</var>
<arg>${query[0][0]}</arg>
<doc>Returns the given values which can then be assigned to a variables.</doc>
<status status="PASS" start="2025-05-26T11:49:02.193527" elapsed="0.002154"/>
</kw>
<if>
<branch type="IF" condition="${count} &gt; 0">
<kw name="Close Open Sessions" owner="db">
<status status="NOT RUN" start="2025-05-26T11:49:02.197087" elapsed="0.000377"/>
</kw>
<status status="NOT RUN" start="2025-05-26T11:49:02.195961" elapsed="0.001685"/>
</branch>
<branch type="ELSE">
<kw name="Log To Console" owner="BuiltIn">
<arg>No hay sesiones abiertas</arg>
<doc>Logs the given message to the console.</doc>
<status status="PASS" start="2025-05-26T11:49:02.198301" elapsed="0.000653"/>
</kw>
<status status="PASS" start="2025-05-26T11:49:02.197758" elapsed="0.001357"/>
</branch>
<status status="PASS" start="2025-05-26T11:49:02.195915" elapsed="0.003272"/>
</if>
<status status="PASS" start="2025-05-26T11:49:02.184741" elapsed="0.014534"/>
</kw>
<status status="PASS" start="2025-05-26T11:49:01.872219" elapsed="0.327238"/>
</kw>
<test id="s1-s1-s1-s2-t1" name="Logoff HOS user type" line="16">
<kw name="Open Login Page" owner="browser">
<kw name="Open Url" owner="browser">
<kw name="New Context" owner="Browser">
<msg time="2025-05-26T11:49:02.210237" level="INFO">{
  "acceptDownloads": true,
  "bypassCSP": false,
  "forcedColors": "none",
  "ignoreHTTPSErrors": false,
  "javaScriptEnabled": true,
  "offline": false,
  "reducedMotion": "no-preference",
  "serviceWorkers": "allow",
  "viewport": {
    "width": 1280,
    "height": 720
  }
}</msg>
<msg time="2025-05-26T11:49:02.222731" level="INFO">Successfully created context. </msg>
<msg time="2025-05-26T11:49:02.223293" level="INFO">{'acceptDownloads': True, 'bypassCSP': False, 'forcedColors': 'none', 'ignoreHTTPSErrors': False, 'javaScriptEnabled': True, 'offline': False, 'reducedMotion': 'no-preference', 'serviceWorkers': 'allow', 'viewport': {'width': 1280, 'height': 720}}</msg>
<tag>BrowserControl</tag>
<tag>Setter</tag>
<doc>Create a new BrowserContext with specified options.</doc>
<status status="PASS" start="2025-05-26T11:49:02.206067" elapsed="0.017640"/>
</kw>
<kw name="New Page" owner="Browser">
<msg time="2025-05-26T11:49:03.950191" level="INFO">Successfully initialized new page object and opened url: http://127.0.0.1.nip.io/</msg>
<arg>${url}</arg>
<tag>BrowserControl</tag>
<tag>Setter</tag>
<doc>Open a new Page.</doc>
<status status="PASS" start="2025-05-26T11:49:02.224104" elapsed="1.726947"/>
</kw>
<kw name="Set Viewport Size" owner="Browser">
<msg time="2025-05-26T11:49:03.971482" level="INFO">Set viewport size to: [object Object]</msg>
<arg>1920</arg>
<arg>1080</arg>
<tag>BrowserControl</tag>
<tag>Setter</tag>
<doc>Sets current Pages viewport size to specified dimensions.</doc>
<status status="PASS" start="2025-05-26T11:49:03.951517" elapsed="0.021048"/>
</kw>
<arg>${LOGIN_URL}</arg>
<status status="PASS" start="2025-05-26T11:49:02.205255" elapsed="1.767542"/>
</kw>
<kw name="Login Page Should Be Loaded" owner="browser">
<kw name="Wait For Elements State" owner="Browser">
<msg time="2025-05-26T11:49:04.014593" level="INFO">Waited for Element with selector div.login-pf-page at state visible</msg>
<arg>${LOGIN_PAGE_ELEMENT}</arg>
<arg>visible</arg>
<tag>PageContent</tag>
<tag>Wait</tag>
<doc>Waits for the element found by ``selector`` to satisfy state option.</doc>
<status status="PASS" start="2025-05-26T11:49:03.973919" elapsed="0.041420"/>
</kw>
<kw name="Expected Title" owner="browser">
<kw name="Get Title" owner="Browser">
<msg time="2025-05-26T11:49:04.023938" level="INFO">Title: 'Sign in to CSX CoreSystem'</msg>
<msg time="2025-05-26T11:49:04.024372" level="INFO">${title} = Sign in to CSX CoreSystem</msg>
<var>${title}</var>
<tag>Assertion</tag>
<tag>Getter</tag>
<tag>PageContent</tag>
<doc>Returns the title of the current page.</doc>
<status status="PASS" start="2025-05-26T11:49:04.016558" elapsed="0.008346"/>
</kw>
<kw name="Should Be Equal" owner="BuiltIn">
<arg>${title}</arg>
<arg>${expected_title}</arg>
<doc>Fails if the given objects are unequal.</doc>
<status status="PASS" start="2025-05-26T11:49:04.025353" elapsed="0.001939"/>
</kw>
<arg>${expected_title}</arg>
<status status="PASS" start="2025-05-26T11:49:04.015687" elapsed="0.012003"/>
</kw>
<arg>${LOGIN_TITLE}</arg>
<status status="PASS" start="2025-05-26T11:49:03.973038" elapsed="0.054854"/>
</kw>
<arg>${LOGIN_URL}</arg>
<status status="PASS" start="2025-05-26T11:49:02.204186" elapsed="1.823928"/>
</kw>
<kw name="Input Login Valid Credentials" owner="browser">
<kw name="Input Username Login/Logoff" owner="browser">
<kw name="Wait For Elements State" owner="Browser">
<msg time="2025-05-26T11:49:04.041286" level="INFO">Waited for Element with selector input[name="username"] at state visible</msg>
<arg>${INPUT_LOGIN_USERNAME}</arg>
<arg>visible</arg>
<tag>PageContent</tag>
<tag>Wait</tag>
<doc>Waits for the element found by ``selector`` to satisfy state option.</doc>
<status status="PASS" start="2025-05-26T11:49:04.030781" elapsed="0.011062"/>
</kw>
<kw name="Click" owner="Browser">
<msg time="2025-05-26T11:49:04.044493" level="INFO">Clicks the element 'input[name="username"]'.</msg>
<arg>${INPUT_LOGIN_USERNAME}</arg>
<tag>PageContent</tag>
<tag>Setter</tag>
<doc>Simulates mouse click on the element found by ``selector``.</doc>
<status status="PASS" start="2025-05-26T11:49:04.042314" elapsed="0.559361"/>
</kw>
<kw name="Fill Text" owner="Browser">
<msg time="2025-05-26T11:49:04.603555" level="INFO">Fills the text 'supervisor' in the given field.</msg>
<arg>${INPUT_LOGIN_USERNAME}</arg>
<arg>${username}</arg>
<tag>PageContent</tag>
<tag>Setter</tag>
<doc>Clears and fills the given ``txt`` into the text field found by ``selector``.</doc>
<status status="PASS" start="2025-05-26T11:49:04.601972" elapsed="0.526767"/>
</kw>
<arg>${username}</arg>
<status status="PASS" start="2025-05-26T11:49:04.029824" elapsed="1.099272"/>
</kw>
<kw name="Input Password Login/Logoff" owner="browser">
<kw name="Wait For Elements State" owner="Browser">
<msg time="2025-05-26T11:49:05.139045" level="INFO">Waited for Element with selector input[name="password"] at state visible</msg>
<arg>${INPUT_LOGIN_PASSWORD}</arg>
<arg>visible</arg>
<tag>PageContent</tag>
<tag>Wait</tag>
<doc>Waits for the element found by ``selector`` to satisfy state option.</doc>
<status status="PASS" start="2025-05-26T11:49:05.130476" elapsed="0.009172"/>
</kw>
<kw name="Click" owner="Browser">
<msg time="2025-05-26T11:49:05.141770" level="INFO">Clicks the element 'input[name="password"]'.</msg>
<arg>${INPUT_LOGIN_PASSWORD}</arg>
<tag>PageContent</tag>
<tag>Setter</tag>
<doc>Simulates mouse click on the element found by ``selector``.</doc>
<status status="PASS" start="2025-05-26T11:49:05.139996" elapsed="0.550545"/>
</kw>
<kw name="Fill Text" owner="Browser">
<msg time="2025-05-26T11:49:05.693865" level="INFO">Fills the text 'supervisor' in the given field.</msg>
<arg>${INPUT_LOGIN_PASSWORD}</arg>
<arg>${password}</arg>
<tag>PageContent</tag>
<tag>Setter</tag>
<doc>Clears and fills the given ``txt`` into the text field found by ``selector``.</doc>
<status status="PASS" start="2025-05-26T11:49:05.691048" elapsed="0.524182"/>
</kw>
<arg>${password}</arg>
<status status="PASS" start="2025-05-26T11:49:05.129458" elapsed="1.086108"/>
</kw>
<kw name="Click Submit Button" owner="browser">
<kw name="Wait For Elements State" owner="Browser">
<msg time="2025-05-26T11:49:06.228935" level="INFO">Waited for Element with selector input#kc-login at state visible</msg>
<arg>${INPUT_LOGIN_SUBMIT}</arg>
<arg>visible</arg>
<tag>PageContent</tag>
<tag>Wait</tag>
<doc>Waits for the element found by ``selector`` to satisfy state option.</doc>
<status status="PASS" start="2025-05-26T11:49:06.216510" elapsed="0.013540"/>
</kw>
<kw name="Click" owner="Browser">
<msg time="2025-05-26T11:49:06.232693" level="INFO">Clicks the element 'input#kc-login'.</msg>
<arg>${INPUT_LOGIN_SUBMIT}</arg>
<tag>PageContent</tag>
<tag>Setter</tag>
<doc>Simulates mouse click on the element found by ``selector``.</doc>
<status status="PASS" start="2025-05-26T11:49:06.230517" elapsed="0.826632"/>
</kw>
<status status="PASS" start="2025-05-26T11:49:06.215824" elapsed="0.841999"/>
</kw>
<kw name="Role&amp;Position Page Should Be Open" owner="browser">
<kw name="Wait For Elements State" owner="Browser">
<msg time="2025-05-26T11:49:17.100064" level="INFO">Keyword 'Take Screenshot  fail-screenshot-{index}' could not be run on failure:
Error: Tried to take screenshot, but no page was open.</msg>
<msg time="2025-05-26T11:49:17.100858" level="INFO">See also file:///D:/Rail9000/RobotFramework/Richard-RobotFrameworkTestProject/results/playwright-log.txt for additional details.</msg>
<msg time="2025-05-26T11:49:17.101291" level="FAIL">Error: Could not find active page</msg>
<arg>${IX-BLIND_ROLE&amp;POSITION}</arg>
<arg>visible</arg>
<tag>PageContent</tag>
<tag>Wait</tag>
<doc>Waits for the element found by ``selector`` to satisfy state option.</doc>
<status status="FAIL" start="2025-05-26T11:49:07.060147" elapsed="10.052072">Error: Could not find active page</status>
</kw>
<kw name="Expected Title" owner="browser">
<arg>${expected_title}</arg>
<status status="NOT RUN" start="2025-05-26T11:49:17.112681" elapsed="0.000422"/>
</kw>
<arg>${MAIN_TITLE}</arg>
<status status="FAIL" start="2025-05-26T11:49:07.058695" elapsed="10.054605">Error: Could not find active page</status>
</kw>
<arg>${VALID_USERNAME}</arg>
<arg>${VALID_PASSWORD}</arg>
<status status="FAIL" start="2025-05-26T11:49:04.028706" elapsed="13.084727">Error: Could not find active page</status>
</kw>
<kw name="Select Role And Position" owner="browser">
<arg>${ROLE}</arg>
<arg>${POSITION}</arg>
<arg>${HOS}</arg>
<status status="NOT RUN" start="2025-05-26T11:49:17.113896" elapsed="0.000549"/>
</kw>
<kw name="Cancel Logoff" owner="browser">
<arg>HOS=${HOS}</arg>
<arg>Mode="Incorrect Password Logoff HOS"</arg>
<status status="NOT RUN" start="2025-05-26T11:49:17.114876" elapsed="0.000312"/>
</kw>
<kw name="Cancel Logoff" owner="browser">
<arg>HOS=${HOS}</arg>
<arg>Mode="Close HOS Logoff Window"</arg>
<status status="NOT RUN" start="2025-05-26T11:49:17.115583" elapsed="0.000433"/>
</kw>
<kw name="Confirm Logoff" owner="browser">
<arg>${HOS}</arg>
<status status="NOT RUN" start="2025-05-26T11:49:17.116494" elapsed="0.000257"/>
</kw>
<msg time="2025-05-26T11:49:17.128763" level="INFO">Switching context to context=9d348b33-26f0-4824-86a4-bb4b3778d556 in CURRENT</msg>
<msg time="2025-05-26T11:49:17.135096" level="INFO">Successfully changed active context: context=9d348b33-26f0-4824-86a4-bb4b3778d556</msg>
<msg time="2025-05-26T11:49:17.142738" level="INFO">Successfully closed Context</msg>
<status status="FAIL" start="2025-05-26T11:49:02.199592" elapsed="14.917561">Error: Could not find active page</status>
</test>
<kw name="Closing Test" owner="initialConfiguration" type="TEARDOWN">
<kw name="Disconnect Users BBDD" owner="db">
<kw name="Execute Sql String" owner="DatabaseLibrary">
<msg time="2025-05-26T11:49:17.149739" level="INFO" html="true">Executing sql:&lt;br&gt;&lt;code style="font-weight: bold;"&gt;DELETE FROM usersessions;&lt;/code&gt;</msg>
<msg time="2025-05-26T11:49:17.152527" level="INFO">Commit the transaction</msg>
<arg>DELETE FROM usersessions;</arg>
<doc>Executes the ``sql_string`` as a single SQL command.</doc>
<status status="PASS" start="2025-05-26T11:49:17.149182" elapsed="0.004692"/>
</kw>
<kw name="Disconnect From Database" owner="DatabaseLibrary">
<doc>Disconnects from the database.</doc>
<status status="PASS" start="2025-05-26T11:49:17.154360" elapsed="0.000926"/>
</kw>
<status status="PASS" start="2025-05-26T11:49:17.148725" elapsed="0.006873"/>
</kw>
<kw name="Close Browser" owner="Browser">
<msg time="2025-05-26T11:49:17.295379" level="INFO">Closed browser</msg>
<tag>BrowserControl</tag>
<tag>Setter</tag>
<doc>Closes the current browser.</doc>
<status status="PASS" start="2025-05-26T11:49:17.155919" elapsed="0.139902"/>
</kw>
<kw name="Log To Console" owner="BuiltIn">
<arg>Test finalizado</arg>
<doc>Logs the given message to the console.</doc>
<status status="PASS" start="2025-05-26T11:49:17.296092" elapsed="0.001138"/>
</kw>
<status status="PASS" start="2025-05-26T11:49:17.147930" elapsed="0.149561"/>
</kw>
<doc>Verify that when the user works under hours of service, the system shall ask for confirmation password to complete the logoff</doc>
<meta name="Version">1.0</meta>
<status status="FAIL" start="2025-05-26T11:49:01.855131" elapsed="15.442462"/>
</suite>
<suite id="s1-s1-s1-s3" name="CR9K-266318" source="D:\Rail9000\RobotFramework\Richard-RobotFrameworkTestProject\Tests\1.5.3 User logoff\CR9K-266318.robot">
<kw name="Set initial configuration" owner="initialConfiguration" type="SETUP">
<kw name="New Browser" owner="Browser">
<msg time="2025-05-26T11:49:17.345090" level="INFO">{"browser": "chromium", "headless": false, "args": ["--incognito"], "chromiumSandbox": false, "devtools": false, "handleSIGHUP": true, "handleSIGINT": true, "handleSIGTERM": true, "slowMo": 500.0, "timeout": 30000.0, "tracesDir": "D:\\Rail9000\\RobotFramework\\Richard-RobotFrameworkTestProject\\results\\browser\\traces\\temp\\cbe07617-ae2f-41b0-970b-e004b0fedd64"}</msg>
<msg time="2025-05-26T11:49:17.587504" level="INFO">Successfully created browser with options: {"browser":"chromium","headless":false,"args":["--incognito"],"chromiumSandbox":false,"devtools":false,"handleSIGHUP":true,"handleSIGINT":true,"handleSIGTERM":true,"slowMo":500,"timeout":30000,"tracesDir":"D:\\Rail9000\\RobotFramework\\Richard-RobotFrameworkTestProject\\results\\browser\\traces\\temp\\cbe07617-ae2f-41b0-970b-e004b0fedd64"}</msg>
<arg>browser=${BROWSER}</arg>
<arg>headless=${HEADLESS}</arg>
<arg>slowMo=${SLOWMO}</arg>
<arg>args=['--incognito']</arg>
<tag>BrowserControl</tag>
<tag>Setter</tag>
<doc>Create a new playwright Browser with specified options.</doc>
<status status="PASS" start="2025-05-26T11:49:17.342992" elapsed="0.245266"/>
</kw>
<kw name="Connect Users BBDD" owner="db">
<kw name="Get Config" owner="ConfigReader">
<msg time="2025-05-26T11:49:17.592263" level="INFO">${DBHost} = localhost</msg>
<var>${DBHost}</var>
<arg>host</arg>
<arg>database</arg>
<status status="PASS" start="2025-05-26T11:49:17.589757" elapsed="0.003004"/>
</kw>
<kw name="Get Config" owner="ConfigReader">
<msg time="2025-05-26T11:49:17.594128" level="INFO">${DBName} = users_csx</msg>
<var>${DBName}</var>
<arg>name</arg>
<arg>database</arg>
<status status="PASS" start="2025-05-26T11:49:17.593270" elapsed="0.001325"/>
</kw>
<kw name="Get Config" owner="ConfigReader">
<msg time="2025-05-26T11:49:17.596083" level="INFO">${DBPass} = ""</msg>
<var>${DBPass}</var>
<arg>password</arg>
<arg>database</arg>
<status status="PASS" start="2025-05-26T11:49:17.595011" elapsed="0.001499"/>
</kw>
<kw name="Get Config" owner="ConfigReader">
<msg time="2025-05-26T11:49:17.598224" level="INFO">${DBPort} = 5432</msg>
<var>${DBPort}</var>
<arg>port</arg>
<arg>database</arg>
<status status="PASS" start="2025-05-26T11:49:17.597140" elapsed="0.001476"/>
</kw>
<kw name="Get Config" owner="ConfigReader">
<msg time="2025-05-26T11:49:17.600096" level="INFO">${DBUser} = postgres</msg>
<var>${DBUser}</var>
<arg>user</arg>
<arg>database</arg>
<status status="PASS" start="2025-05-26T11:49:17.599005" elapsed="0.001601"/>
</kw>
<kw name="Connect To Database" owner="DatabaseLibrary">
<msg time="2025-05-26T11:49:17.602303" level="INFO">Looking for configuration file: 'resources\db.cfg'</msg>
<msg time="2025-05-26T11:49:17.602984" level="INFO">Configuration file doesn't exist</msg>
<msg time="2025-05-26T11:49:17.603745" level="INFO">Connect to DB using : psycopg2.connect(database='users_csx', user='postgres', password=***, host='localhost', port=5432)</msg>
<arg>psycopg2</arg>
<arg>${DBName}</arg>
<arg>${DBUser}</arg>
<arg>${DBPass}</arg>
<arg>${DBHost}</arg>
<arg>${DBPort}</arg>
<doc>Creates a database connection using the DB API 2.0 ``db_module`` and the parameters provided.
Along with listed commonly used arguments (`db_name`, `db_host` etc.)
you can set any other DB module specific parameters as key/value pairs.</doc>
<status status="PASS" start="2025-05-26T11:49:17.601189" elapsed="0.011565"/>
</kw>
<status status="PASS" start="2025-05-26T11:49:17.588687" elapsed="0.024499"/>
</kw>
<kw name="Check Open Sessions" owner="db">
<kw name="Query" owner="DatabaseLibrary">
<msg time="2025-05-26T11:49:17.615341" level="INFO" html="true">Executing sql:&lt;br&gt;&lt;code style="font-weight: bold;"&gt;SELECT COUNT(*) FROM usersessions WHERE status IS NOT NULL;&lt;/code&gt;</msg>
<msg time="2025-05-26T11:49:17.619308" level="INFO">Commit the transaction</msg>
<msg time="2025-05-26T11:49:17.621169" level="INFO" html="true">&lt;div style="max-width: 100%; overflow-x: auto;"&gt;&lt;table style="width: auto; border-collapse: collapse; border: 2px solid rgb(140 140 140)"&gt;&lt;caption style="text-align: left; font-weight: bold; padding: 5px;"&gt;Query returned 1 rows&lt;/caption&gt;&lt;tr&gt;&lt;th scope="col" style="color:black; background-color: #d6ecd4; border: 1px solid rgb(160 160 160);padding: 8px 10px;text-align: center;"&gt;Row&lt;/th&gt;&lt;th scope="col" style="background-color: #505050; color: #fff;border: 1px solid rgb(160 160 160);padding: 8px 10px;text-align: center;"&gt;count&lt;/th&gt;&lt;/tr&gt;&lt;tr style="background-color: var(--secondary-color, #eee)"&gt;&lt;th scope="row" style="color:black; background-color: #d6ecd4;border: 1px solid rgb(160 160 160);padding: 8px 10px;text-align: center;"&gt;0&lt;/th&gt;&lt;td style="border: 1px solid rgb(160 160 160);padding: 8px 10px;text-align: center;"&gt;0&lt;/td&gt;&lt;/tr&gt;&lt;/table&gt;&lt;/div&gt;</msg>
<msg time="2025-05-26T11:49:17.622014" level="INFO">${query} = [(0,)]</msg>
<var>${query}</var>
<arg>SELECT COUNT(*) FROM usersessions WHERE status IS NOT NULL;</arg>
<doc>Runs a query with the ``select_statement`` and returns the result as list of rows.
The type of row values depends on the database module -
usually they are tuples or tuple-like objects.</doc>
<status status="PASS" start="2025-05-26T11:49:17.614676" elapsed="0.007640"/>
</kw>
<kw name="Set Variable" owner="BuiltIn">
<msg time="2025-05-26T11:49:17.625233" level="INFO">${count} = 0</msg>
<var>${count}</var>
<arg>${query[0][0]}</arg>
<doc>Returns the given values which can then be assigned to a variables.</doc>
<status status="PASS" start="2025-05-26T11:49:17.622715" elapsed="0.003010"/>
</kw>
<if>
<branch type="IF" condition="${count} &gt; 0">
<kw name="Close Open Sessions" owner="db">
<status status="NOT RUN" start="2025-05-26T11:49:17.627932" elapsed="0.000465"/>
</kw>
<status status="NOT RUN" start="2025-05-26T11:49:17.626430" elapsed="0.002146"/>
</branch>
<branch type="ELSE">
<kw name="Log To Console" owner="BuiltIn">
<arg>No hay sesiones abiertas</arg>
<doc>Logs the given message to the console.</doc>
<status status="PASS" start="2025-05-26T11:49:17.629496" elapsed="0.001310"/>
</kw>
<status status="PASS" start="2025-05-26T11:49:17.628684" elapsed="0.002334"/>
</branch>
<status status="PASS" start="2025-05-26T11:49:17.626365" elapsed="0.004749"/>
</if>
<status status="PASS" start="2025-05-26T11:49:17.613643" elapsed="0.017586"/>
</kw>
<status status="PASS" start="2025-05-26T11:49:17.342341" elapsed="0.289092"/>
</kw>
<test id="s1-s1-s1-s3-t1" name="Cancel logoff process" line="16">
<kw name="Open Login Page" owner="browser">
<kw name="Open Url" owner="browser">
<kw name="New Context" owner="Browser">
<msg time="2025-05-26T11:49:17.642033" level="INFO">{
  "acceptDownloads": true,
  "bypassCSP": false,
  "forcedColors": "none",
  "ignoreHTTPSErrors": false,
  "javaScriptEnabled": true,
  "offline": false,
  "reducedMotion": "no-preference",
  "serviceWorkers": "allow",
  "viewport": {
    "width": 1280,
    "height": 720
  }
}</msg>
<msg time="2025-05-26T11:49:17.653094" level="INFO">Successfully created context. </msg>
<msg time="2025-05-26T11:49:17.653535" level="INFO">{'acceptDownloads': True, 'bypassCSP': False, 'forcedColors': 'none', 'ignoreHTTPSErrors': False, 'javaScriptEnabled': True, 'offline': False, 'reducedMotion': 'no-preference', 'serviceWorkers': 'allow', 'viewport': {'width': 1280, 'height': 720}}</msg>
<tag>BrowserControl</tag>
<tag>Setter</tag>
<doc>Create a new BrowserContext with specified options.</doc>
<status status="PASS" start="2025-05-26T11:49:17.638204" elapsed="0.015727"/>
</kw>
<kw name="New Page" owner="Browser">
<msg time="2025-05-26T11:49:19.755943" level="WARN">Keyword 'Take Screenshot  fail-screenshot-{index}' could not be run on failure:
Playwright process has been terminated with code 1</msg>
<msg time="2025-05-26T11:49:19.757969" level="INFO">See also file:///D:/Rail9000/RobotFramework/Richard-RobotFrameworkTestProject/results/playwright-log.txt for additional details.</msg>
<msg time="2025-05-26T11:49:19.758458" level="FAIL">IOCP/Socket: Connection reset (An existing connection was forcibly closed by the remote host.
 -- 10054)</msg>
<arg>${url}</arg>
<tag>BrowserControl</tag>
<tag>Setter</tag>
<doc>Open a new Page.</doc>
<status status="FAIL" start="2025-05-26T11:49:17.654223" elapsed="2.116215">IOCP/Socket: Connection reset (An existing connection was forcibly closed by the remote host.
 -- 10054)</status>
</kw>
<kw name="Set Viewport Size" owner="Browser">
<arg>1920</arg>
<arg>1080</arg>
<tag>BrowserControl</tag>
<tag>Setter</tag>
<doc>Sets current Pages viewport size to specified dimensions.</doc>
<status status="NOT RUN" start="2025-05-26T11:49:19.770750" elapsed="0.000380"/>
</kw>
<arg>${LOGIN_URL}</arg>
<status status="FAIL" start="2025-05-26T11:49:17.637461" elapsed="2.133936">IOCP/Socket: Connection reset (An existing connection was forcibly closed by the remote host.
 -- 10054)</status>
</kw>
<kw name="Login Page Should Be Loaded" owner="browser">
<arg>${LOGIN_TITLE}</arg>
<status status="NOT RUN" start="2025-05-26T11:49:19.771630" elapsed="0.000300"/>
</kw>
<arg>${LOGIN_URL}</arg>
<status status="FAIL" start="2025-05-26T11:49:17.636483" elapsed="2.135621">IOCP/Socket: Connection reset (An existing connection was forcibly closed by the remote host.
 -- 10054)</status>
</kw>
<kw name="Input Login Valid Credentials" owner="browser">
<arg>${VALID_USERNAME}</arg>
<arg>${VALID_PASSWORD}</arg>
<status status="NOT RUN" start="2025-05-26T11:49:19.772454" elapsed="0.000276"/>
</kw>
<kw name="Select Role And Position" owner="browser">
<arg>${ROLE}</arg>
<arg>${POSITION}</arg>
<arg>${HOS}</arg>
<status status="NOT RUN" start="2025-05-26T11:49:19.773071" elapsed="0.000256"/>
</kw>
<kw name="Cancel Logoff" owner="browser">
<arg>HOS=${HOS}</arg>
<arg>Mode="Cancel Logoff Window"</arg>
<status status="NOT RUN" start="2025-05-26T11:49:19.773617" elapsed="0.000273"/>
</kw>
<kw name="Cancel Logoff" owner="browser">
<arg>HOS=${HOS}</arg>
<arg>Mode="Close Logoff Window"</arg>
<status status="NOT RUN" start="2025-05-26T11:49:19.774219" elapsed="0.000384"/>
</kw>
<status status="FAIL" start="2025-05-26T11:49:17.631698" elapsed="2.143336">IOCP/Socket: Connection reset (An existing connection was forcibly closed by the remote host.
 -- 10054)</status>
</test>
<kw name="Closing Test" owner="initialConfiguration" type="TEARDOWN">
<kw name="Disconnect Users BBDD" owner="db">
<kw name="Execute Sql String" owner="DatabaseLibrary">
<msg time="2025-05-26T11:49:19.786214" level="INFO" html="true">Executing sql:&lt;br&gt;&lt;code style="font-weight: bold;"&gt;DELETE FROM usersessions;&lt;/code&gt;</msg>
<msg time="2025-05-26T11:49:19.788635" level="INFO">Commit the transaction</msg>
<arg>DELETE FROM usersessions;</arg>
<doc>Executes the ``sql_string`` as a single SQL command.</doc>
<status status="PASS" start="2025-05-26T11:49:19.785757" elapsed="0.004130"/>
</kw>
<kw name="Disconnect From Database" owner="DatabaseLibrary">
<doc>Disconnects from the database.</doc>
<status status="PASS" start="2025-05-26T11:49:19.790218" elapsed="0.000665"/>
</kw>
<status status="PASS" start="2025-05-26T11:49:19.785005" elapsed="0.006387"/>
</kw>
<kw name="Close Browser" owner="Browser">
<msg time="2025-05-26T11:49:19.793406" level="FAIL">ConnectionError: Playwright process has been terminated with code 1</msg>
<tag>BrowserControl</tag>
<tag>Setter</tag>
<doc>Closes the current browser.</doc>
<status status="FAIL" start="2025-05-26T11:49:19.791665" elapsed="0.006714">ConnectionError: Playwright process has been terminated with code 1</status>
</kw>
<kw name="Log To Console" owner="BuiltIn">
<arg>Test finalizado</arg>
<doc>Logs the given message to the console.</doc>
<status status="PASS" start="2025-05-26T11:49:19.798837" elapsed="0.000977"/>
</kw>
<status status="FAIL" start="2025-05-26T11:49:19.784244" elapsed="0.015920">ConnectionError: Playwright process has been terminated with code 1</status>
</kw>
<doc>Verify that the user is able to cancel the logoff process</doc>
<meta name="Version">1.0</meta>
<status status="FAIL" start="2025-05-26T11:49:17.329539" elapsed="2.470892">Suite teardown failed:
ConnectionError: Playwright process has been terminated with code 1</status>
</suite>
<status status="FAIL" start="2025-05-26T11:48:38.826918" elapsed="40.985183"/>
</suite>
<status status="FAIL" start="2025-05-26T11:48:38.822708" elapsed="40.991264"/>
</suite>
<status status="FAIL" start="2025-05-26T11:48:38.789237" elapsed="41.026945"/>
</suite>
<statistics>
<total>
<stat pass="0" fail="3" skip="0">All Tests</stat>
</total>
<tag>
</tag>
<suite>
<stat name="Richard-RobotFrameworkTestProject" id="s1" pass="0" fail="3" skip="0">Richard-RobotFrameworkTestProject</stat>
<stat name="Tests" id="s1-s1" pass="0" fail="3" skip="0">Richard-RobotFrameworkTestProject.Tests</stat>
<stat name="1.5.3 User logoff" id="s1-s1-s1" pass="0" fail="3" skip="0">Richard-RobotFrameworkTestProject.Tests.1.5.3 User logoff</stat>
<stat name="CR9K-266271" id="s1-s1-s1-s1" pass="0" fail="1" skip="0">Richard-RobotFrameworkTestProject.Tests.1.5.3 User logoff.CR9K-266271</stat>
<stat name="CR9K-266303" id="s1-s1-s1-s2" pass="0" fail="1" skip="0">Richard-RobotFrameworkTestProject.Tests.1.5.3 User logoff.CR9K-266303</stat>
<stat name="CR9K-266318" id="s1-s1-s1-s3" pass="0" fail="1" skip="0">Richard-RobotFrameworkTestProject.Tests.1.5.3 User logoff.CR9K-266318</stat>
</suite>
</statistics>
<errors>
<msg time="2025-05-26T11:49:19.755943" level="WARN">Keyword 'Take Screenshot  fail-screenshot-{index}' could not be run on failure:
Playwright process has been terminated with code 1</msg>
<msg time="2025-05-26T11:49:19.781356" level="ERROR">Calling method '_end_test' of listener 'Browser' failed: ConnectionError: Playwright process has been terminated with code 1</msg>
<msg time="2025-05-26T11:49:19.808989" level="ERROR">Calling method '_end_suite' of listener 'Browser' failed: ConnectionError: Playwright process has been terminated with code 1</msg>
</errors>
</robot>
