<?xml version="1.0" encoding="UTF-8"?>
<robot generator="Robot 7.2.2 (Python 3.13.3 on win32)" generated="2025-06-05T09:49:55.582707" rpa="false" schemaversion="5">
<suite id="s1" name="Richard-RobotFrameworkTestProject" source="D:\Rail9000\RobotFramework\Richard-RobotFrameworkTestProject">
<suite id="s1-s1" name="Tests" source="D:\Rail9000\RobotFramework\Richard-RobotFrameworkTestProject\Tests">
<suite id="s1-s1-s1" name="1.5.2 User logon" source="D:\Rail9000\RobotFramework\Richard-RobotFrameworkTestProject\Tests\1.5.2 User logon">
<suite id="s1-s1-s1-s1" name="CR9K-266260" source="D:\Rail9000\RobotFramework\Richard-RobotFrameworkTestProject\Tests\1.5.2 User logon\CR9K-266260.robot">
<kw name="Set initial configuration" owner="initialConfiguration" type="SETUP">
<kw name="New Browser" owner="Browser">
<msg time="2025-06-05T09:49:56.561334" level="INFO">{"browser": "chromium", "headless": true, "args": ["--incognito"], "chromiumSandbox": false, "devtools": false, "handleSIGHUP": true, "handleSIGINT": true, "handleSIGTERM": true, "slowMo": 0.0, "timeout": 30000.0, "tracesDir": "D:\\Rail9000\\RobotFramework\\Richard-RobotFrameworkTestProject\\results\\browser\\traces\\temp\\b0d5c63f-ef93-4777-bb6c-5802ff211432"}</msg>
<msg time="2025-06-05T09:49:56.608087" level="INFO">Starting Browser process C:\Python313\Lib\site-packages\Browser\wrapper\index.js using at 127.0.0.1:56961</msg>
<msg time="2025-06-05T09:49:57.808495" level="INFO">Successfully created browser with options: {"browser":"chromium","headless":true,"args":["--incognito"],"chromiumSandbox":false,"devtools":false,"handleSIGHUP":true,"handleSIGINT":true,"handleSIGTERM":true,"slowMo":0,"timeout":30000,"tracesDir":"D:\\Rail9000\\RobotFramework\\Richard-RobotFrameworkTestProject\\results\\browser\\traces\\temp\\b0d5c63f-ef93-4777-bb6c-5802ff211432"}</msg>
<arg>browser=${BROWSER}</arg>
<arg>headless=${HEADLESS}</arg>
<arg>slowMo=${SLOWMO}</arg>
<arg>args=['--incognito']</arg>
<tag>BrowserControl</tag>
<tag>Setter</tag>
<doc>Create a new playwright Browser with specified options.</doc>
<status status="PASS" start="2025-06-05T09:49:56.558972" elapsed="1.250381"/>
</kw>
<kw name="Connect Users BBDD" owner="db">
<kw name="Get Config" owner="ConfigReader">
<msg time="2025-06-05T09:49:57.812552" level="INFO">${DBHost} = localhost</msg>
<var>${DBHost}</var>
<arg>host</arg>
<arg>database</arg>
<status status="PASS" start="2025-06-05T09:49:57.810948" elapsed="0.002221"/>
</kw>
<kw name="Get Config" owner="ConfigReader">
<msg time="2025-06-05T09:49:57.814329" level="INFO">${DBName} = users_csx</msg>
<var>${DBName}</var>
<arg>name</arg>
<arg>database</arg>
<status status="PASS" start="2025-06-05T09:49:57.813536" elapsed="0.001238"/>
</kw>
<kw name="Get Config" owner="ConfigReader">
<msg time="2025-06-05T09:49:57.815792" level="INFO">${DBPass} = ""</msg>
<var>${DBPass}</var>
<arg>password</arg>
<arg>database</arg>
<status status="PASS" start="2025-06-05T09:49:57.815146" elapsed="0.000987"/>
</kw>
<kw name="Get Config" owner="ConfigReader">
<msg time="2025-06-05T09:49:57.817251" level="INFO">${DBPort} = 5432</msg>
<var>${DBPort}</var>
<arg>port</arg>
<arg>database</arg>
<status status="PASS" start="2025-06-05T09:49:57.816418" elapsed="0.001386"/>
</kw>
<kw name="Get Config" owner="ConfigReader">
<msg time="2025-06-05T09:49:57.818850" level="INFO">${DBUser} = postgres</msg>
<var>${DBUser}</var>
<arg>user</arg>
<arg>database</arg>
<status status="PASS" start="2025-06-05T09:49:57.818158" elapsed="0.001092"/>
</kw>
<kw name="Connect To Database" owner="DatabaseLibrary">
<msg time="2025-06-05T09:49:57.820401" level="INFO">Looking for configuration file: 'resources\db.cfg'</msg>
<msg time="2025-06-05T09:49:57.820953" level="INFO">Configuration file doesn't exist</msg>
<msg time="2025-06-05T09:49:57.837234" level="INFO">Connect to DB using : psycopg2.connect(database='users_csx', user='postgres', password=***, host='localhost', port=5432)</msg>
<arg>psycopg2</arg>
<arg>${DBName}</arg>
<arg>${DBUser}</arg>
<arg>${DBPass}</arg>
<arg>${DBHost}</arg>
<arg>${DBPort}</arg>
<doc>Creates a database connection using the DB API 2.0 ``db_module`` and the parameters provided.
Along with listed commonly used arguments (`db_name`, `db_host` etc.)
you can set any other DB module specific parameters as key/value pairs.</doc>
<status status="PASS" start="2025-06-05T09:49:57.819578" elapsed="0.030321"/>
</kw>
<status status="PASS" start="2025-06-05T09:49:57.809974" elapsed="0.040333"/>
</kw>
<kw name="Check Open Sessions" owner="db">
<kw name="Query" owner="DatabaseLibrary">
<msg time="2025-06-05T09:49:57.853132" level="INFO" html="true">Executing sql:&lt;br&gt;&lt;code style="font-weight: bold;"&gt;SELECT COUNT(*) FROM usersessions WHERE status IS NOT NULL;&lt;/code&gt;</msg>
<msg time="2025-06-05T09:49:57.857607" level="INFO">Commit the transaction</msg>
<msg time="2025-06-05T09:49:57.859349" level="INFO" html="true">&lt;div style="max-width: 100%; overflow-x: auto;"&gt;&lt;table style="width: auto; border-collapse: collapse; border: 2px solid rgb(140 140 140)"&gt;&lt;caption style="text-align: left; font-weight: bold; padding: 5px;"&gt;Query returned 1 rows&lt;/caption&gt;&lt;tr&gt;&lt;th scope="col" style="color:black; background-color: #d6ecd4; border: 1px solid rgb(160 160 160);padding: 8px 10px;text-align: center;"&gt;Row&lt;/th&gt;&lt;th scope="col" style="background-color: #505050; color: #fff;border: 1px solid rgb(160 160 160);padding: 8px 10px;text-align: center;"&gt;count&lt;/th&gt;&lt;/tr&gt;&lt;tr style="background-color: var(--secondary-color, #eee)"&gt;&lt;th scope="row" style="color:black; background-color: #d6ecd4;border: 1px solid rgb(160 160 160);padding: 8px 10px;text-align: center;"&gt;0&lt;/th&gt;&lt;td style="border: 1px solid rgb(160 160 160);padding: 8px 10px;text-align: center;"&gt;0&lt;/td&gt;&lt;/tr&gt;&lt;/table&gt;&lt;/div&gt;</msg>
<msg time="2025-06-05T09:49:57.859985" level="INFO">${query} = [(0,)]</msg>
<var>${query}</var>
<arg>SELECT COUNT(*) FROM usersessions WHERE status IS NOT NULL;</arg>
<doc>Runs a query with the ``select_statement`` and returns the result as list of rows.
The type of row values depends on the database module -
usually they are tuples or tuple-like objects.</doc>
<status status="PASS" start="2025-06-05T09:49:57.852489" elapsed="0.007802"/>
</kw>
<kw name="Set Variable" owner="BuiltIn">
<msg time="2025-06-05T09:49:57.862652" level="INFO">${count} = 0</msg>
<var>${count}</var>
<arg>${query[0][0]}</arg>
<doc>Returns the given values which can then be assigned to a variables.</doc>
<status status="PASS" start="2025-06-05T09:49:57.860605" elapsed="0.002724"/>
</kw>
<if>
<branch type="IF" condition="${count} &gt; 0">
<kw name="Close Open Sessions" owner="db">
<status status="NOT RUN" start="2025-06-05T09:49:57.865724" elapsed="0.000373"/>
</kw>
<status status="NOT RUN" start="2025-06-05T09:49:57.863764" elapsed="0.002643"/>
</branch>
<status status="PASS" start="2025-06-05T09:49:57.863591" elapsed="0.002954"/>
</if>
<status status="PASS" start="2025-06-05T09:49:57.850945" elapsed="0.015748"/>
</kw>
<status status="PASS" start="2025-06-05T09:49:56.557769" elapsed="1.309158"/>
</kw>
<test id="s1-s1-s1-s1-t1" name="Prompt For Credentials" line="16">
<kw name="Open Login Page" owner="browser">
<kw name="Open Url" owner="browser">
<kw name="New Context" owner="Browser">
<msg time="2025-06-05T09:49:57.882705" level="INFO">{
  "acceptDownloads": true,
  "bypassCSP": false,
  "forcedColors": "none",
  "ignoreHTTPSErrors": false,
  "javaScriptEnabled": true,
  "offline": false,
  "reducedMotion": "no-preference",
  "serviceWorkers": "allow",
  "viewport": {
    "height": 720,
    "width": 1280
  }
}</msg>
<msg time="2025-06-05T09:49:57.903254" level="INFO">Successfully created context. </msg>
<msg time="2025-06-05T09:49:57.903783" level="INFO">{'acceptDownloads': True, 'bypassCSP': False, 'forcedColors': 'none', 'ignoreHTTPSErrors': False, 'javaScriptEnabled': True, 'offline': False, 'reducedMotion': 'no-preference', 'serviceWorkers': 'allow', 'viewport': {'height': 720, 'width': 1280}}</msg>
<tag>BrowserControl</tag>
<tag>Setter</tag>
<doc>Create a new BrowserContext with specified options.</doc>
<status status="PASS" start="2025-06-05T09:49:57.878356" elapsed="0.026126"/>
</kw>
<kw name="New Page" owner="Browser">
<msg time="2025-06-05T09:49:58.182587" level="INFO">Successfully initialized new page object and opened url: http://127.0.0.1.nip.io/</msg>
<arg>${url}</arg>
<tag>BrowserControl</tag>
<tag>Setter</tag>
<doc>Open a new Page.</doc>
<status status="PASS" start="2025-06-05T09:49:57.904976" elapsed="0.278264"/>
</kw>
<kw name="Set Viewport Size" owner="Browser">
<msg time="2025-06-05T09:49:58.196753" level="INFO">Set viewport size to: [object Object]</msg>
<arg>1920</arg>
<arg>1080</arg>
<tag>BrowserControl</tag>
<tag>Setter</tag>
<doc>Sets current Pages viewport size to specified dimensions.</doc>
<status status="PASS" start="2025-06-05T09:49:58.183557" elapsed="0.013729"/>
</kw>
<arg>${LOGIN_URL}</arg>
<status status="PASS" start="2025-06-05T09:49:57.877187" elapsed="0.320318"/>
</kw>
<kw name="Login Page Should Be Loaded" owner="browser">
<kw name="Wait For Elements State" owner="Browser">
<msg time="2025-06-05T09:49:58.235598" level="INFO">Waited for Element with selector div.login-pf-page at state visible</msg>
<arg>${LOGIN_PAGE_ELEMENT}</arg>
<arg>visible</arg>
<tag>PageContent</tag>
<tag>Wait</tag>
<doc>Waits for the element found by ``selector`` to satisfy state option.</doc>
<status status="PASS" start="2025-06-05T09:49:58.198641" elapsed="0.037489"/>
</kw>
<kw name="Expected Title" owner="browser">
<kw name="Get Title" owner="Browser">
<msg time="2025-06-05T09:49:58.244691" level="INFO">Title: 'Sign in to CSX CoreSystem'</msg>
<msg time="2025-06-05T09:49:58.245123" level="INFO">${title} = Sign in to CSX CoreSystem</msg>
<var>${title}</var>
<tag>Assertion</tag>
<tag>Getter</tag>
<tag>PageContent</tag>
<doc>Returns the title of the current page.</doc>
<status status="PASS" start="2025-06-05T09:49:58.237225" elapsed="0.008167"/>
</kw>
<kw name="Should Be Equal" owner="BuiltIn">
<arg>${title}</arg>
<arg>${expected_title}</arg>
<doc>Fails if the given objects are unequal.</doc>
<status status="PASS" start="2025-06-05T09:49:58.245699" elapsed="0.000678"/>
</kw>
<arg>${expected_title}</arg>
<status status="PASS" start="2025-06-05T09:49:58.236454" elapsed="0.010091"/>
</kw>
<arg>${LOGIN_TITLE}</arg>
<status status="PASS" start="2025-06-05T09:49:58.197736" elapsed="0.048929"/>
</kw>
<arg>${LOGIN_URL}</arg>
<status status="PASS" start="2025-06-05T09:49:57.876047" elapsed="0.370735"/>
</kw>
<kw name="Input Login Valid Credentials" owner="browser">
<kw name="Input Username Login/Logoff" owner="browser">
<kw name="Wait For Elements State" owner="Browser">
<msg time="2025-06-05T09:49:58.261248" level="INFO">Waited for Element with selector input[name="username"] at state visible</msg>
<arg>${INPUT_LOGIN_USERNAME}</arg>
<arg>visible</arg>
<tag>PageContent</tag>
<tag>Wait</tag>
<doc>Waits for the element found by ``selector`` to satisfy state option.</doc>
<status status="PASS" start="2025-06-05T09:49:58.248754" elapsed="0.013046"/>
</kw>
<kw name="Click" owner="Browser">
<msg time="2025-06-05T09:49:58.263711" level="INFO">Clicks the element 'input[name="username"]'.</msg>
<arg>${INPUT_LOGIN_USERNAME}</arg>
<tag>PageContent</tag>
<tag>Setter</tag>
<doc>Simulates mouse click on the element found by ``selector``.</doc>
<status status="PASS" start="2025-06-05T09:49:58.262102" elapsed="0.045548"/>
</kw>
<kw name="Fill Text" owner="Browser">
<msg time="2025-06-05T09:49:58.310406" level="INFO">Fills the text '' in the given field.</msg>
<arg>${INPUT_LOGIN_USERNAME}</arg>
<arg>${EMPTY}</arg>
<tag>PageContent</tag>
<tag>Setter</tag>
<doc>Clears and fills the given ``txt`` into the text field found by ``selector``.</doc>
<status status="PASS" start="2025-06-05T09:49:58.308151" elapsed="0.018445"/>
</kw>
<kw name="Fill Text" owner="Browser">
<msg time="2025-06-05T09:49:58.328925" level="INFO">Fills the text 'supervisor' in the given field.</msg>
<arg>${INPUT_LOGIN_USERNAME}</arg>
<arg>${username}</arg>
<tag>PageContent</tag>
<tag>Setter</tag>
<doc>Clears and fills the given ``txt`` into the text field found by ``selector``.</doc>
<status status="PASS" start="2025-06-05T09:49:58.326915" elapsed="0.014708"/>
</kw>
<arg>${username}</arg>
<status status="PASS" start="2025-06-05T09:49:58.248099" elapsed="0.093760"/>
</kw>
<kw name="Input Password Login/Logoff" owner="browser">
<kw name="Wait For Elements State" owner="Browser">
<msg time="2025-06-05T09:49:58.350597" level="INFO">Waited for Element with selector input[name="password"] at state visible</msg>
<arg>${INPUT_LOGIN_PASSWORD}</arg>
<arg>visible</arg>
<tag>PageContent</tag>
<tag>Wait</tag>
<doc>Waits for the element found by ``selector`` to satisfy state option.</doc>
<status status="PASS" start="2025-06-05T09:49:58.342902" elapsed="0.008457"/>
</kw>
<kw name="Click" owner="Browser">
<msg time="2025-06-05T09:49:58.353197" level="INFO">Clicks the element 'input[name="password"]'.</msg>
<arg>${INPUT_LOGIN_PASSWORD}</arg>
<tag>PageContent</tag>
<tag>Setter</tag>
<doc>Simulates mouse click on the element found by ``selector``.</doc>
<status status="PASS" start="2025-06-05T09:49:58.351671" elapsed="0.035925"/>
</kw>
<kw name="Fill Text" owner="Browser">
<msg time="2025-06-05T09:49:58.390234" level="INFO">Fills the text '' in the given field.</msg>
<arg>${INPUT_LOGIN_PASSWORD}</arg>
<arg>${EMPTY}</arg>
<tag>PageContent</tag>
<tag>Setter</tag>
<doc>Clears and fills the given ``txt`` into the text field found by ``selector``.</doc>
<status status="PASS" start="2025-06-05T09:49:58.387898" elapsed="0.013028"/>
</kw>
<kw name="Fill Text" owner="Browser">
<msg time="2025-06-05T09:49:58.402809" level="INFO">Fills the text 'supervisor' in the given field.</msg>
<arg>${INPUT_LOGIN_PASSWORD}</arg>
<arg>${password}</arg>
<tag>PageContent</tag>
<tag>Setter</tag>
<doc>Clears and fills the given ``txt`` into the text field found by ``selector``.</doc>
<status status="PASS" start="2025-06-05T09:49:58.401239" elapsed="0.010911"/>
</kw>
<arg>${password}</arg>
<status status="PASS" start="2025-06-05T09:49:58.342092" elapsed="0.070349"/>
</kw>
<kw name="Click Submit Button" owner="browser">
<kw name="Wait For Elements State" owner="Browser">
<msg time="2025-06-05T09:49:58.420200" level="INFO">Waited for Element with selector input#kc-login at state visible</msg>
<arg>${INPUT_LOGIN_SUBMIT}</arg>
<arg>visible</arg>
<tag>PageContent</tag>
<tag>Wait</tag>
<doc>Waits for the element found by ``selector`` to satisfy state option.</doc>
<status status="PASS" start="2025-06-05T09:49:58.413400" elapsed="0.007222"/>
</kw>
<kw name="Click" owner="Browser">
<msg time="2025-06-05T09:49:58.422706" level="INFO">Clicks the element 'input#kc-login'.</msg>
<arg>${INPUT_LOGIN_SUBMIT}</arg>
<tag>PageContent</tag>
<tag>Setter</tag>
<doc>Simulates mouse click on the element found by ``selector``.</doc>
<status status="PASS" start="2025-06-05T09:49:58.420891" elapsed="0.253050"/>
</kw>
<status status="PASS" start="2025-06-05T09:49:58.412692" elapsed="0.261782"/>
</kw>
<kw name="Role&amp;Position Page Should Be Open" owner="browser">
<kw name="Wait For Elements State" owner="Browser">
<msg time="2025-06-05T09:50:00.312306" level="INFO">Waited for Element with selector ix-blind.rootPane.blind-outline.hydrated at state visible</msg>
<arg>${IX-BLIND_ROLE&amp;POSITION}</arg>
<arg>visible</arg>
<tag>PageContent</tag>
<tag>Wait</tag>
<doc>Waits for the element found by ``selector`` to satisfy state option.</doc>
<status status="PASS" start="2025-06-05T09:49:58.676516" elapsed="1.636192"/>
</kw>
<kw name="Expected Title" owner="browser">
<kw name="Get Title" owner="Browser">
<msg time="2025-06-05T09:50:00.319277" level="INFO">Title: 'Core System'</msg>
<msg time="2025-06-05T09:50:00.319662" level="INFO">${title} = Core System</msg>
<var>${title}</var>
<tag>Assertion</tag>
<tag>Getter</tag>
<tag>PageContent</tag>
<doc>Returns the title of the current page.</doc>
<status status="PASS" start="2025-06-05T09:50:00.313809" elapsed="0.006023"/>
</kw>
<kw name="Should Be Equal" owner="BuiltIn">
<arg>${title}</arg>
<arg>${expected_title}</arg>
<doc>Fails if the given objects are unequal.</doc>
<status status="PASS" start="2025-06-05T09:50:00.320446" elapsed="0.000734"/>
</kw>
<arg>${expected_title}</arg>
<status status="PASS" start="2025-06-05T09:50:00.313010" elapsed="0.008349"/>
</kw>
<arg>${MAIN_TITLE}</arg>
<status status="PASS" start="2025-06-05T09:49:58.675054" elapsed="1.646469"/>
</kw>
<arg>${VALID_USERNAME}</arg>
<arg>${VALID_PASSWORD}</arg>
<status status="PASS" start="2025-06-05T09:49:58.247270" elapsed="2.074404"/>
</kw>
<msg time="2025-06-05T09:50:00.338947" level="INFO">Switching context to context=61164fae-8772-45de-b425-665d5a334316 in CURRENT</msg>
<msg time="2025-06-05T09:50:00.347320" level="INFO">Successfully changed active context: context=61164fae-8772-45de-b425-665d5a334316</msg>
<msg time="2025-06-05T09:50:00.358146" level="INFO">Successfully closed Context</msg>
<status status="PASS" start="2025-06-05T09:49:57.867148" elapsed="2.454986"/>
</test>
<kw name="Closing Test" owner="initialConfiguration" type="TEARDOWN">
<kw name="Disconnect Users BBDD" owner="db">
<kw name="Execute Sql String" owner="DatabaseLibrary">
<msg time="2025-06-05T09:50:00.363077" level="INFO" html="true">Executing sql:&lt;br&gt;&lt;code style="font-weight: bold;"&gt;DELETE FROM usersessions;&lt;/code&gt;</msg>
<msg time="2025-06-05T09:50:00.366891" level="INFO">Commit the transaction</msg>
<arg>DELETE FROM usersessions;</arg>
<doc>Executes the ``sql_string`` as a single SQL command.</doc>
<status status="PASS" start="2025-06-05T09:50:00.362670" elapsed="0.010169"/>
</kw>
<kw name="Disconnect From Database" owner="DatabaseLibrary">
<doc>Disconnects from the database.</doc>
<status status="PASS" start="2025-06-05T09:50:00.373329" elapsed="0.001115"/>
</kw>
<status status="PASS" start="2025-06-05T09:50:00.362052" elapsed="0.013037"/>
</kw>
<kw name="Close Browser" owner="Browser">
<msg time="2025-06-05T09:50:00.416710" level="INFO">Closed browser</msg>
<tag>BrowserControl</tag>
<tag>Setter</tag>
<doc>Closes the current browser.</doc>
<status status="PASS" start="2025-06-05T09:50:00.375470" elapsed="0.041882"/>
</kw>
<kw name="Log To Console" owner="BuiltIn">
<arg>Test finalizado</arg>
<doc>Logs the given message to the console.</doc>
<status status="PASS" start="2025-06-05T09:50:00.417773" elapsed="0.001032"/>
</kw>
<status status="PASS" start="2025-06-05T09:50:00.361259" elapsed="0.057878"/>
</kw>
<doc>Verify that the system prompts for credentials when a user attempts to log on.</doc>
<meta name="Version">1.0</meta>
<status status="PASS" start="2025-06-05T09:49:55.628319" elapsed="4.791048"/>
</suite>
<status status="PASS" start="2025-06-05T09:49:55.623475" elapsed="4.832377"/>
</suite>
<status status="PASS" start="2025-06-05T09:49:55.618899" elapsed="4.838859"/>
</suite>
<status status="PASS" start="2025-06-05T09:49:55.590625" elapsed="4.868831"/>
</suite>
<statistics>
<total>
<stat pass="1" fail="0" skip="0">All Tests</stat>
</total>
<tag>
</tag>
<suite>
<stat name="Richard-RobotFrameworkTestProject" id="s1" pass="1" fail="0" skip="0">Richard-RobotFrameworkTestProject</stat>
<stat name="Tests" id="s1-s1" pass="1" fail="0" skip="0">Richard-RobotFrameworkTestProject.Tests</stat>
<stat name="1.5.2 User logon" id="s1-s1-s1" pass="1" fail="0" skip="0">Richard-RobotFrameworkTestProject.Tests.1.5.2 User logon</stat>
<stat name="CR9K-266260" id="s1-s1-s1-s1" pass="1" fail="0" skip="0">Richard-RobotFrameworkTestProject.Tests.1.5.2 User logon.CR9K-266260</stat>
</suite>
</statistics>
<errors>
</errors>
</robot>
