<?xml version="1.0" encoding="UTF-8"?>
<robot generator="Robot 7.2.2 (Python 3.13.3 on win32)" generated="2025-05-28T11:28:17.018374" rpa="false" schemaversion="5">
<suite id="s1" name="Richard-RobotFrameworkTestProject" source="D:\Rail9000\RobotFramework\Richard-RobotFrameworkTestProject">
<suite id="s1-s1" name="Tests" source="D:\Rail9000\RobotFramework\Richard-RobotFrameworkTestProject\Tests">
<suite id="s1-s1-s1" name="1.5.2 User logon" source="D:\Rail9000\RobotFramework\Richard-RobotFrameworkTestProject\Tests\1.5.2 User logon">
<suite id="s1-s1-s1-s1" name="CR9K-266260" source="D:\Rail9000\RobotFramework\Richard-RobotFrameworkTestProject\Tests\1.5.2 User logon\CR9K-266260.robot">
<kw name="Set initial configuration" owner="initialConfiguration" type="SETUP">
<kw name="New Browser" owner="Browser">
<msg time="2025-05-28T11:28:17.929562" level="INFO">{"browser": "chromium", "headless": true, "args": ["--incognito"], "chromiumSandbox": false, "devtools": false, "handleSIGHUP": true, "handleSIGINT": true, "handleSIGTERM": true, "slowMo": 0.0, "timeout": 30000.0, "tracesDir": "D:\\Rail9000\\RobotFramework\\Richard-RobotFrameworkTestProject\\results\\browser\\traces\\temp\\ce1001b2-901a-4261-a24d-dcc3276b442b"}</msg>
<msg time="2025-05-28T11:28:17.978984" level="INFO">Starting Browser process C:\Python313\Lib\site-packages\Browser\wrapper\index.js using at 127.0.0.1:54886</msg>
<msg time="2025-05-28T11:28:19.189154" level="INFO">Successfully created browser with options: {"browser":"chromium","headless":true,"args":["--incognito"],"chromiumSandbox":false,"devtools":false,"handleSIGHUP":true,"handleSIGINT":true,"handleSIGTERM":true,"slowMo":0,"timeout":30000,"tracesDir":"D:\\Rail9000\\RobotFramework\\Richard-RobotFrameworkTestProject\\results\\browser\\traces\\temp\\ce1001b2-901a-4261-a24d-dcc3276b442b"}</msg>
<arg>browser=${BROWSER}</arg>
<arg>headless=${HEADLESS}</arg>
<arg>slowMo=${SLOWMO}</arg>
<arg>args=['--incognito']</arg>
<tag>BrowserControl</tag>
<tag>Setter</tag>
<doc>Create a new playwright Browser with specified options.</doc>
<status status="PASS" start="2025-05-28T11:28:17.927219" elapsed="1.263055"/>
</kw>
<kw name="Connect Users BBDD" owner="db">
<kw name="Get Config" owner="ConfigReader">
<msg time="2025-05-28T11:28:19.193866" level="INFO">${DBHost} = localhost</msg>
<var>${DBHost}</var>
<arg>host</arg>
<arg>database</arg>
<status status="PASS" start="2025-05-28T11:28:19.191937" elapsed="0.002650"/>
</kw>
<kw name="Get Config" owner="ConfigReader">
<msg time="2025-05-28T11:28:19.196082" level="INFO">${DBName} = users_csx</msg>
<var>${DBName}</var>
<arg>name</arg>
<arg>database</arg>
<status status="PASS" start="2025-05-28T11:28:19.195062" elapsed="0.001328"/>
</kw>
<kw name="Get Config" owner="ConfigReader">
<msg time="2025-05-28T11:28:19.197739" level="INFO">${DBPass} = ""</msg>
<var>${DBPass}</var>
<arg>password</arg>
<arg>database</arg>
<status status="PASS" start="2025-05-28T11:28:19.196776" elapsed="0.001428"/>
</kw>
<kw name="Get Config" owner="ConfigReader">
<msg time="2025-05-28T11:28:19.199561" level="INFO">${DBPort} = 5432</msg>
<var>${DBPort}</var>
<arg>port</arg>
<arg>database</arg>
<status status="PASS" start="2025-05-28T11:28:19.198578" elapsed="0.001448"/>
</kw>
<kw name="Get Config" owner="ConfigReader">
<msg time="2025-05-28T11:28:19.201492" level="INFO">${DBUser} = postgres</msg>
<var>${DBUser}</var>
<arg>user</arg>
<arg>database</arg>
<status status="PASS" start="2025-05-28T11:28:19.200536" elapsed="0.001421"/>
</kw>
<kw name="Connect To Database" owner="DatabaseLibrary">
<msg time="2025-05-28T11:28:19.203445" level="INFO">Looking for configuration file: 'resources\db.cfg'</msg>
<msg time="2025-05-28T11:28:19.204488" level="INFO">Configuration file doesn't exist</msg>
<msg time="2025-05-28T11:28:19.226234" level="INFO">Connect to DB using : psycopg2.connect(database='users_csx', user='postgres', password=***, host='localhost', port=5432)</msg>
<arg>psycopg2</arg>
<arg>${DBName}</arg>
<arg>${DBUser}</arg>
<arg>${DBPass}</arg>
<arg>${DBHost}</arg>
<arg>${DBPort}</arg>
<doc>Creates a database connection using the DB API 2.0 ``db_module`` and the parameters provided.
Along with listed commonly used arguments (`db_name`, `db_host` etc.)
you can set any other DB module specific parameters as key/value pairs.</doc>
<status status="PASS" start="2025-05-28T11:28:19.202369" elapsed="0.037201"/>
</kw>
<status status="PASS" start="2025-05-28T11:28:19.190893" elapsed="0.049244"/>
</kw>
<kw name="Check Open Sessions" owner="db">
<kw name="Query" owner="DatabaseLibrary">
<msg time="2025-05-28T11:28:19.242528" level="INFO" html="true">Executing sql:&lt;br&gt;&lt;code style="font-weight: bold;"&gt;SELECT COUNT(*) FROM usersessions WHERE status IS NOT NULL;&lt;/code&gt;</msg>
<msg time="2025-05-28T11:28:19.247167" level="INFO">Commit the transaction</msg>
<msg time="2025-05-28T11:28:19.249071" level="INFO" html="true">&lt;div style="max-width: 100%; overflow-x: auto;"&gt;&lt;table style="width: auto; border-collapse: collapse; border: 2px solid rgb(140 140 140)"&gt;&lt;caption style="text-align: left; font-weight: bold; padding: 5px;"&gt;Query returned 1 rows&lt;/caption&gt;&lt;tr&gt;&lt;th scope="col" style="color:black; background-color: #d6ecd4; border: 1px solid rgb(160 160 160);padding: 8px 10px;text-align: center;"&gt;Row&lt;/th&gt;&lt;th scope="col" style="background-color: #505050; color: #fff;border: 1px solid rgb(160 160 160);padding: 8px 10px;text-align: center;"&gt;count&lt;/th&gt;&lt;/tr&gt;&lt;tr style="background-color: var(--secondary-color, #eee)"&gt;&lt;th scope="row" style="color:black; background-color: #d6ecd4;border: 1px solid rgb(160 160 160);padding: 8px 10px;text-align: center;"&gt;0&lt;/th&gt;&lt;td style="border: 1px solid rgb(160 160 160);padding: 8px 10px;text-align: center;"&gt;0&lt;/td&gt;&lt;/tr&gt;&lt;/table&gt;&lt;/div&gt;</msg>
<msg time="2025-05-28T11:28:19.249715" level="INFO">${query} = [(0,)]</msg>
<var>${query}</var>
<arg>SELECT COUNT(*) FROM usersessions WHERE status IS NOT NULL;</arg>
<doc>Runs a query with the ``select_statement`` and returns the result as list of rows.
The type of row values depends on the database module -
usually they are tuples or tuple-like objects.</doc>
<status status="PASS" start="2025-05-28T11:28:19.241658" elapsed="0.008393"/>
</kw>
<kw name="Set Variable" owner="BuiltIn">
<msg time="2025-05-28T11:28:19.253424" level="INFO">${count} = 0</msg>
<var>${count}</var>
<arg>${query[0][0]}</arg>
<doc>Returns the given values which can then be assigned to a variables.</doc>
<status status="PASS" start="2025-05-28T11:28:19.250671" elapsed="0.003350"/>
</kw>
<if>
<branch type="IF" condition="${count} &gt; 0">
<kw name="Close Open Sessions" owner="db">
<status status="NOT RUN" start="2025-05-28T11:28:19.256137" elapsed="0.000506"/>
</kw>
<status status="NOT RUN" start="2025-05-28T11:28:19.254432" elapsed="0.002412"/>
</branch>
<status status="PASS" start="2025-05-28T11:28:19.254363" elapsed="0.002741"/>
</if>
<status status="PASS" start="2025-05-28T11:28:19.240704" elapsed="0.016547"/>
</kw>
<status status="PASS" start="2025-05-28T11:28:17.925052" elapsed="1.332998"/>
</kw>
<test id="s1-s1-s1-s1-t1" name="Prompt For Credentials" line="16">
<kw name="Open Login Page" owner="browser">
<kw name="Open Url" owner="browser">
<kw name="New Context" owner="Browser">
<msg time="2025-05-28T11:28:19.276452" level="INFO">{
  "acceptDownloads": true,
  "bypassCSP": false,
  "forcedColors": "none",
  "ignoreHTTPSErrors": false,
  "javaScriptEnabled": true,
  "offline": false,
  "reducedMotion": "no-preference",
  "serviceWorkers": "allow",
  "viewport": {
    "width": 1280,
    "height": 720
  }
}</msg>
<msg time="2025-05-28T11:28:19.305954" level="INFO">Successfully created context. </msg>
<msg time="2025-05-28T11:28:19.306624" level="INFO">{'acceptDownloads': True, 'bypassCSP': False, 'forcedColors': 'none', 'ignoreHTTPSErrors': False, 'javaScriptEnabled': True, 'offline': False, 'reducedMotion': 'no-preference', 'serviceWorkers': 'allow', 'viewport': {'width': 1280, 'height': 720}}</msg>
<tag>BrowserControl</tag>
<tag>Setter</tag>
<doc>Create a new BrowserContext with specified options.</doc>
<status status="PASS" start="2025-05-28T11:28:19.270034" elapsed="0.037447"/>
</kw>
<kw name="New Page" owner="Browser">
<msg time="2025-05-28T11:28:19.698266" level="INFO">Successfully initialized new page object and opened url: http://127.0.0.1.nip.io/</msg>
<arg>${url}</arg>
<tag>BrowserControl</tag>
<tag>Setter</tag>
<doc>Open a new Page.</doc>
<status status="PASS" start="2025-05-28T11:28:19.307931" elapsed="0.391076"/>
</kw>
<kw name="Set Viewport Size" owner="Browser">
<msg time="2025-05-28T11:28:19.717888" level="INFO">Set viewport size to: [object Object]</msg>
<arg>1920</arg>
<arg>1080</arg>
<tag>BrowserControl</tag>
<tag>Setter</tag>
<doc>Sets current Pages viewport size to specified dimensions.</doc>
<status status="PASS" start="2025-05-28T11:28:19.699605" elapsed="0.019022"/>
</kw>
<arg>${LOGIN_URL}</arg>
<status status="PASS" start="2025-05-28T11:28:19.268836" elapsed="0.450064"/>
</kw>
<kw name="Login Page Should Be Loaded" owner="browser">
<kw name="Wait For Elements State" owner="Browser">
<msg time="2025-05-28T11:28:19.767448" level="INFO">Waited for Element with selector div.login-pf-page at state visible</msg>
<arg>${LOGIN_PAGE_ELEMENT}</arg>
<arg>visible</arg>
<tag>PageContent</tag>
<tag>Wait</tag>
<doc>Waits for the element found by ``selector`` to satisfy state option.</doc>
<status status="PASS" start="2025-05-28T11:28:19.720759" elapsed="0.047354"/>
</kw>
<kw name="Expected Title" owner="browser">
<kw name="Get Title" owner="Browser">
<msg time="2025-05-28T11:28:19.776698" level="INFO">Title: 'Sign in to CSX CoreSystem'</msg>
<msg time="2025-05-28T11:28:19.777157" level="INFO">${title} = Sign in to CSX CoreSystem</msg>
<var>${title}</var>
<tag>Assertion</tag>
<tag>Getter</tag>
<tag>PageContent</tag>
<doc>Returns the title of the current page.</doc>
<status status="PASS" start="2025-05-28T11:28:19.769524" elapsed="0.007897"/>
</kw>
<kw name="Should Be Equal" owner="BuiltIn">
<arg>${title}</arg>
<arg>${expected_title}</arg>
<doc>Fails if the given objects are unequal.</doc>
<status status="PASS" start="2025-05-28T11:28:19.777749" elapsed="0.001212"/>
</kw>
<arg>${expected_title}</arg>
<status status="PASS" start="2025-05-28T11:28:19.768498" elapsed="0.010852"/>
</kw>
<arg>${LOGIN_TITLE}</arg>
<status status="PASS" start="2025-05-28T11:28:19.719221" elapsed="0.060697"/>
</kw>
<arg>${LOGIN_URL}</arg>
<status status="PASS" start="2025-05-28T11:28:19.267345" elapsed="0.512757"/>
</kw>
<kw name="Input Login Valid Credentials" owner="browser">
<kw name="Input Username Login/Logoff" owner="browser">
<kw name="Wait For Elements State" owner="Browser">
<msg time="2025-05-28T11:28:19.795433" level="INFO">Waited for Element with selector input[name="username"] at state visible</msg>
<arg>${INPUT_LOGIN_USERNAME}</arg>
<arg>visible</arg>
<tag>PageContent</tag>
<tag>Wait</tag>
<doc>Waits for the element found by ``selector`` to satisfy state option.</doc>
<status status="PASS" start="2025-05-28T11:28:19.782029" elapsed="0.014091"/>
</kw>
<kw name="Click" owner="Browser">
<msg time="2025-05-28T11:28:19.798618" level="INFO">Clicks the element 'input[name="username"]'.</msg>
<arg>${INPUT_LOGIN_USERNAME}</arg>
<tag>PageContent</tag>
<tag>Setter</tag>
<doc>Simulates mouse click on the element found by ``selector``.</doc>
<status status="PASS" start="2025-05-28T11:28:19.796597" elapsed="0.034250"/>
</kw>
<kw name="Fill Text" owner="Browser">
<msg time="2025-05-28T11:28:19.833465" level="INFO">Fills the text '' in the given field.</msg>
<arg>${INPUT_LOGIN_USERNAME}</arg>
<arg>${EMPTY}</arg>
<tag>PageContent</tag>
<tag>Setter</tag>
<doc>Clears and fills the given ``txt`` into the text field found by ``selector``.</doc>
<status status="PASS" start="2025-05-28T11:28:19.831182" elapsed="0.016656"/>
</kw>
<kw name="Fill Text" owner="Browser">
<msg time="2025-05-28T11:28:19.850107" level="INFO">Fills the text 'supervisor' in the given field.</msg>
<arg>${INPUT_LOGIN_USERNAME}</arg>
<arg>${username}</arg>
<tag>PageContent</tag>
<tag>Setter</tag>
<doc>Clears and fills the given ``txt`` into the text field found by ``selector``.</doc>
<status status="PASS" start="2025-05-28T11:28:19.848174" elapsed="0.016161"/>
</kw>
<arg>${username}</arg>
<status status="PASS" start="2025-05-28T11:28:19.781436" elapsed="0.083147"/>
</kw>
<kw name="Input Password Login/Logoff" owner="browser">
<kw name="Wait For Elements State" owner="Browser">
<msg time="2025-05-28T11:28:19.873483" level="INFO">Waited for Element with selector input[name="password"] at state visible</msg>
<arg>${INPUT_LOGIN_PASSWORD}</arg>
<arg>visible</arg>
<tag>PageContent</tag>
<tag>Wait</tag>
<doc>Waits for the element found by ``selector`` to satisfy state option.</doc>
<status status="PASS" start="2025-05-28T11:28:19.865680" elapsed="0.008318"/>
</kw>
<kw name="Click" owner="Browser">
<msg time="2025-05-28T11:28:19.876150" level="INFO">Clicks the element 'input[name="password"]'.</msg>
<arg>${INPUT_LOGIN_PASSWORD}</arg>
<tag>PageContent</tag>
<tag>Setter</tag>
<doc>Simulates mouse click on the element found by ``selector``.</doc>
<status status="PASS" start="2025-05-28T11:28:19.874337" elapsed="0.037393"/>
</kw>
<kw name="Fill Text" owner="Browser">
<msg time="2025-05-28T11:28:19.914088" level="INFO">Fills the text '' in the given field.</msg>
<arg>${INPUT_LOGIN_PASSWORD}</arg>
<arg>${EMPTY}</arg>
<tag>PageContent</tag>
<tag>Setter</tag>
<doc>Clears and fills the given ``txt`` into the text field found by ``selector``.</doc>
<status status="PASS" start="2025-05-28T11:28:19.912138" elapsed="0.014713"/>
</kw>
<kw name="Fill Text" owner="Browser">
<msg time="2025-05-28T11:28:19.929772" level="INFO">Fills the text 'supervisor' in the given field.</msg>
<arg>${INPUT_LOGIN_PASSWORD}</arg>
<arg>${password}</arg>
<tag>PageContent</tag>
<tag>Setter</tag>
<doc>Clears and fills the given ``txt`` into the text field found by ``selector``.</doc>
<status status="PASS" start="2025-05-28T11:28:19.927364" elapsed="0.016362"/>
</kw>
<arg>${password}</arg>
<status status="PASS" start="2025-05-28T11:28:19.864833" elapsed="0.079139"/>
</kw>
<kw name="Click Submit Button" owner="browser">
<kw name="Wait For Elements State" owner="Browser">
<msg time="2025-05-28T11:28:19.953543" level="INFO">Waited for Element with selector input#kc-login at state visible</msg>
<arg>${INPUT_LOGIN_SUBMIT}</arg>
<arg>visible</arg>
<tag>PageContent</tag>
<tag>Wait</tag>
<doc>Waits for the element found by ``selector`` to satisfy state option.</doc>
<status status="PASS" start="2025-05-28T11:28:19.944967" elapsed="0.009015"/>
</kw>
<kw name="Click" owner="Browser">
<msg time="2025-05-28T11:28:19.956243" level="INFO">Clicks the element 'input#kc-login'.</msg>
<arg>${INPUT_LOGIN_SUBMIT}</arg>
<tag>PageContent</tag>
<tag>Setter</tag>
<doc>Simulates mouse click on the element found by ``selector``.</doc>
<status status="PASS" start="2025-05-28T11:28:19.954305" elapsed="0.288431"/>
</kw>
<status status="PASS" start="2025-05-28T11:28:19.944210" elapsed="0.299310"/>
</kw>
<kw name="Role&amp;Position Page Should Be Open" owner="browser">
<kw name="Wait For Elements State" owner="Browser">
<msg time="2025-05-28T11:28:22.874239" level="INFO">Waited for Element with selector ix-blind.rootPane.blind-outline.hydrated at state visible</msg>
<arg>${IX-BLIND_ROLE&amp;POSITION}</arg>
<arg>visible</arg>
<tag>PageContent</tag>
<tag>Wait</tag>
<doc>Waits for the element found by ``selector`` to satisfy state option.</doc>
<status status="PASS" start="2025-05-28T11:28:20.245857" elapsed="2.628929"/>
</kw>
<kw name="Expected Title" owner="browser">
<kw name="Get Title" owner="Browser">
<msg time="2025-05-28T11:28:22.881774" level="INFO">Title: 'Core System'</msg>
<msg time="2025-05-28T11:28:22.882341" level="INFO">${title} = Core System</msg>
<var>${title}</var>
<tag>Assertion</tag>
<tag>Getter</tag>
<tag>PageContent</tag>
<doc>Returns the title of the current page.</doc>
<status status="PASS" start="2025-05-28T11:28:22.876192" elapsed="0.006496"/>
</kw>
<kw name="Should Be Equal" owner="BuiltIn">
<arg>${title}</arg>
<arg>${expected_title}</arg>
<doc>Fails if the given objects are unequal.</doc>
<status status="PASS" start="2025-05-28T11:28:22.883436" elapsed="0.001221"/>
</kw>
<arg>${expected_title}</arg>
<status status="PASS" start="2025-05-28T11:28:22.875133" elapsed="0.009777"/>
</kw>
<arg>${MAIN_TITLE}</arg>
<status status="PASS" start="2025-05-28T11:28:20.244185" elapsed="2.640899"/>
</kw>
<arg>${VALID_USERNAME}</arg>
<arg>${VALID_PASSWORD}</arg>
<status status="PASS" start="2025-05-28T11:28:19.780611" elapsed="3.104610"/>
</kw>
<msg time="2025-05-28T11:28:22.907940" level="INFO">Switching context to context=fd57c406-4eb3-4a41-8409-0ff6022db875 in CURRENT</msg>
<msg time="2025-05-28T11:28:22.917321" level="INFO">Successfully changed active context: context=fd57c406-4eb3-4a41-8409-0ff6022db875</msg>
<msg time="2025-05-28T11:28:22.930073" level="INFO">Successfully closed Context</msg>
<status status="PASS" start="2025-05-28T11:28:19.258329" elapsed="3.627360"/>
</test>
<kw name="Closing Test" owner="initialConfiguration" type="TEARDOWN">
<kw name="Disconnect Users BBDD" owner="db">
<kw name="Execute Sql String" owner="DatabaseLibrary">
<msg time="2025-05-28T11:28:22.936863" level="INFO" html="true">Executing sql:&lt;br&gt;&lt;code style="font-weight: bold;"&gt;DELETE FROM usersessions;&lt;/code&gt;</msg>
<msg time="2025-05-28T11:28:22.941297" level="INFO">Commit the transaction</msg>
<arg>DELETE FROM usersessions;</arg>
<doc>Executes the ``sql_string`` as a single SQL command.</doc>
<status status="PASS" start="2025-05-28T11:28:22.936300" elapsed="0.013978"/>
</kw>
<kw name="Disconnect From Database" owner="DatabaseLibrary">
<doc>Disconnects from the database.</doc>
<status status="PASS" start="2025-05-28T11:28:22.951039" elapsed="0.001157"/>
</kw>
<status status="PASS" start="2025-05-28T11:28:22.935551" elapsed="0.017162"/>
</kw>
<kw name="Close Browser" owner="Browser">
<msg time="2025-05-28T11:28:22.998137" level="INFO">Closed browser</msg>
<tag>BrowserControl</tag>
<tag>Setter</tag>
<doc>Closes the current browser.</doc>
<status status="PASS" start="2025-05-28T11:28:22.953060" elapsed="0.045681"/>
</kw>
<kw name="Log To Console" owner="BuiltIn">
<arg>Test finalizado</arg>
<doc>Logs the given message to the console.</doc>
<status status="PASS" start="2025-05-28T11:28:22.999222" elapsed="0.001153"/>
</kw>
<status status="PASS" start="2025-05-28T11:28:22.934593" elapsed="0.066145"/>
</kw>
<doc>Verify that the system prompts for credentials when a user attempts to log on.</doc>
<meta name="Version">1.0</meta>
<status status="PASS" start="2025-05-28T11:28:17.123341" elapsed="5.877593"/>
</suite>
<suite id="s1-s1-s1-s2" name="CR9K-266262" source="D:\Rail9000\RobotFramework\Richard-RobotFrameworkTestProject\Tests\1.5.2 User logon\CR9K-266262.robot">
<kw name="Set initial configuration" owner="initialConfiguration" type="SETUP">
<kw name="New Browser" owner="Browser">
<msg time="2025-05-28T11:28:23.067461" level="INFO">{"browser": "chromium", "headless": true, "args": ["--incognito"], "chromiumSandbox": false, "devtools": false, "handleSIGHUP": true, "handleSIGINT": true, "handleSIGTERM": true, "slowMo": 0.0, "timeout": 30000.0, "tracesDir": "D:\\Rail9000\\RobotFramework\\Richard-RobotFrameworkTestProject\\results\\browser\\traces\\temp\\1fdc38db-d0f2-476f-83cc-f9b30f209a5e"}</msg>
<msg time="2025-05-28T11:28:23.183998" level="INFO">Successfully created browser with options: {"browser":"chromium","headless":true,"args":["--incognito"],"chromiumSandbox":false,"devtools":false,"handleSIGHUP":true,"handleSIGINT":true,"handleSIGTERM":true,"slowMo":0,"timeout":30000,"tracesDir":"D:\\Rail9000\\RobotFramework\\Richard-RobotFrameworkTestProject\\results\\browser\\traces\\temp\\1fdc38db-d0f2-476f-83cc-f9b30f209a5e"}</msg>
<arg>browser=${BROWSER}</arg>
<arg>headless=${HEADLESS}</arg>
<arg>slowMo=${SLOWMO}</arg>
<arg>args=['--incognito']</arg>
<tag>BrowserControl</tag>
<tag>Setter</tag>
<doc>Create a new playwright Browser with specified options.</doc>
<status status="PASS" start="2025-05-28T11:28:23.064754" elapsed="0.120213"/>
</kw>
<kw name="Connect Users BBDD" owner="db">
<kw name="Get Config" owner="ConfigReader">
<msg time="2025-05-28T11:28:23.188680" level="INFO">${DBHost} = localhost</msg>
<var>${DBHost}</var>
<arg>host</arg>
<arg>database</arg>
<status status="PASS" start="2025-05-28T11:28:23.186684" elapsed="0.002405"/>
</kw>
<kw name="Get Config" owner="ConfigReader">
<msg time="2025-05-28T11:28:23.190848" level="INFO">${DBName} = users_csx</msg>
<var>${DBName}</var>
<arg>name</arg>
<arg>database</arg>
<status status="PASS" start="2025-05-28T11:28:23.189538" elapsed="0.001784"/>
</kw>
<kw name="Get Config" owner="ConfigReader">
<msg time="2025-05-28T11:28:23.193282" level="INFO">${DBPass} = ""</msg>
<var>${DBPass}</var>
<arg>password</arg>
<arg>database</arg>
<status status="PASS" start="2025-05-28T11:28:23.191816" elapsed="0.002138"/>
</kw>
<kw name="Get Config" owner="ConfigReader">
<msg time="2025-05-28T11:28:23.195638" level="INFO">${DBPort} = 5432</msg>
<var>${DBPort}</var>
<arg>port</arg>
<arg>database</arg>
<status status="PASS" start="2025-05-28T11:28:23.194570" elapsed="0.001493"/>
</kw>
<kw name="Get Config" owner="ConfigReader">
<msg time="2025-05-28T11:28:23.198024" level="INFO">${DBUser} = postgres</msg>
<var>${DBUser}</var>
<arg>user</arg>
<arg>database</arg>
<status status="PASS" start="2025-05-28T11:28:23.196530" elapsed="0.001957"/>
</kw>
<kw name="Connect To Database" owner="DatabaseLibrary">
<msg time="2025-05-28T11:28:23.200241" level="INFO">Looking for configuration file: 'resources\db.cfg'</msg>
<msg time="2025-05-28T11:28:23.200921" level="INFO">Configuration file doesn't exist</msg>
<msg time="2025-05-28T11:28:23.201751" level="INFO">Connect to DB using : psycopg2.connect(database='users_csx', user='postgres', password=***, host='localhost', port=5432)</msg>
<arg>psycopg2</arg>
<arg>${DBName}</arg>
<arg>${DBUser}</arg>
<arg>${DBPass}</arg>
<arg>${DBHost}</arg>
<arg>${DBPort}</arg>
<doc>Creates a database connection using the DB API 2.0 ``db_module`` and the parameters provided.
Along with listed commonly used arguments (`db_name`, `db_host` etc.)
you can set any other DB module specific parameters as key/value pairs.</doc>
<status status="PASS" start="2025-05-28T11:28:23.199006" elapsed="0.013024"/>
</kw>
<status status="PASS" start="2025-05-28T11:28:23.185565" elapsed="0.026867"/>
</kw>
<kw name="Check Open Sessions" owner="db">
<kw name="Query" owner="DatabaseLibrary">
<msg time="2025-05-28T11:28:23.214821" level="INFO" html="true">Executing sql:&lt;br&gt;&lt;code style="font-weight: bold;"&gt;SELECT COUNT(*) FROM usersessions WHERE status IS NOT NULL;&lt;/code&gt;</msg>
<msg time="2025-05-28T11:28:23.218978" level="INFO">Commit the transaction</msg>
<msg time="2025-05-28T11:28:23.220869" level="INFO" html="true">&lt;div style="max-width: 100%; overflow-x: auto;"&gt;&lt;table style="width: auto; border-collapse: collapse; border: 2px solid rgb(140 140 140)"&gt;&lt;caption style="text-align: left; font-weight: bold; padding: 5px;"&gt;Query returned 1 rows&lt;/caption&gt;&lt;tr&gt;&lt;th scope="col" style="color:black; background-color: #d6ecd4; border: 1px solid rgb(160 160 160);padding: 8px 10px;text-align: center;"&gt;Row&lt;/th&gt;&lt;th scope="col" style="background-color: #505050; color: #fff;border: 1px solid rgb(160 160 160);padding: 8px 10px;text-align: center;"&gt;count&lt;/th&gt;&lt;/tr&gt;&lt;tr style="background-color: var(--secondary-color, #eee)"&gt;&lt;th scope="row" style="color:black; background-color: #d6ecd4;border: 1px solid rgb(160 160 160);padding: 8px 10px;text-align: center;"&gt;0&lt;/th&gt;&lt;td style="border: 1px solid rgb(160 160 160);padding: 8px 10px;text-align: center;"&gt;0&lt;/td&gt;&lt;/tr&gt;&lt;/table&gt;&lt;/div&gt;</msg>
<msg time="2025-05-28T11:28:23.221615" level="INFO">${query} = [(0,)]</msg>
<var>${query}</var>
<arg>SELECT COUNT(*) FROM usersessions WHERE status IS NOT NULL;</arg>
<doc>Runs a query with the ``select_statement`` and returns the result as list of rows.
The type of row values depends on the database module -
usually they are tuples or tuple-like objects.</doc>
<status status="PASS" start="2025-05-28T11:28:23.213916" elapsed="0.008134"/>
</kw>
<kw name="Set Variable" owner="BuiltIn">
<msg time="2025-05-28T11:28:23.229870" level="INFO">${count} = 0</msg>
<var>${count}</var>
<arg>${query[0][0]}</arg>
<doc>Returns the given values which can then be assigned to a variables.</doc>
<status status="PASS" start="2025-05-28T11:28:23.222743" elapsed="0.007895"/>
</kw>
<if>
<branch type="IF" condition="${count} &gt; 0">
<kw name="Close Open Sessions" owner="db">
<status status="NOT RUN" start="2025-05-28T11:28:23.232914" elapsed="0.000529"/>
</kw>
<status status="NOT RUN" start="2025-05-28T11:28:23.231049" elapsed="0.002615"/>
</branch>
<status status="PASS" start="2025-05-28T11:28:23.230981" elapsed="0.002808"/>
</if>
<status status="PASS" start="2025-05-28T11:28:23.212887" elapsed="0.021030"/>
</kw>
<status status="PASS" start="2025-05-28T11:28:23.063509" elapsed="0.170638"/>
</kw>
<test id="s1-s1-s1-s2-t1" name="Incorrect Password Handling" line="16">
<kw name="Open Login Page" owner="browser">
<kw name="Open Url" owner="browser">
<kw name="New Context" owner="Browser">
<msg time="2025-05-28T11:28:23.248834" level="INFO">{
  "acceptDownloads": true,
  "bypassCSP": false,
  "forcedColors": "none",
  "ignoreHTTPSErrors": false,
  "javaScriptEnabled": true,
  "offline": false,
  "reducedMotion": "no-preference",
  "serviceWorkers": "allow",
  "viewport": {
    "width": 1280,
    "height": 720
  }
}</msg>
<msg time="2025-05-28T11:28:23.258790" level="INFO">Successfully created context. </msg>
<msg time="2025-05-28T11:28:23.259723" level="INFO">{'acceptDownloads': True, 'bypassCSP': False, 'forcedColors': 'none', 'ignoreHTTPSErrors': False, 'javaScriptEnabled': True, 'offline': False, 'reducedMotion': 'no-preference', 'serviceWorkers': 'allow', 'viewport': {'width': 1280, 'height': 720}}</msg>
<tag>BrowserControl</tag>
<tag>Setter</tag>
<doc>Create a new BrowserContext with specified options.</doc>
<status status="PASS" start="2025-05-28T11:28:23.243328" elapsed="0.017169"/>
</kw>
<kw name="New Page" owner="Browser">
<msg time="2025-05-28T11:28:23.572419" level="INFO">Successfully initialized new page object and opened url: http://127.0.0.1.nip.io/</msg>
<arg>${url}</arg>
<tag>BrowserControl</tag>
<tag>Setter</tag>
<doc>Open a new Page.</doc>
<status status="PASS" start="2025-05-28T11:28:23.261163" elapsed="0.311784"/>
</kw>
<kw name="Set Viewport Size" owner="Browser">
<msg time="2025-05-28T11:28:23.587267" level="INFO">Set viewport size to: [object Object]</msg>
<arg>1920</arg>
<arg>1080</arg>
<tag>BrowserControl</tag>
<tag>Setter</tag>
<doc>Sets current Pages viewport size to specified dimensions.</doc>
<status status="PASS" start="2025-05-28T11:28:23.573260" elapsed="0.014704"/>
</kw>
<arg>${LOGIN_URL}</arg>
<status status="PASS" start="2025-05-28T11:28:23.242079" elapsed="0.346160"/>
</kw>
<kw name="Login Page Should Be Loaded" owner="browser">
<kw name="Wait For Elements State" owner="Browser">
<msg time="2025-05-28T11:28:23.621270" level="INFO">Waited for Element with selector div.login-pf-page at state visible</msg>
<arg>${LOGIN_PAGE_ELEMENT}</arg>
<arg>visible</arg>
<tag>PageContent</tag>
<tag>Wait</tag>
<doc>Waits for the element found by ``selector`` to satisfy state option.</doc>
<status status="PASS" start="2025-05-28T11:28:23.589436" elapsed="0.032407"/>
</kw>
<kw name="Expected Title" owner="browser">
<kw name="Get Title" owner="Browser">
<msg time="2025-05-28T11:28:23.630317" level="INFO">Title: 'Sign in to CSX CoreSystem'</msg>
<msg time="2025-05-28T11:28:23.630944" level="INFO">${title} = Sign in to CSX CoreSystem</msg>
<var>${title}</var>
<tag>Assertion</tag>
<tag>Getter</tag>
<tag>PageContent</tag>
<doc>Returns the title of the current page.</doc>
<status status="PASS" start="2025-05-28T11:28:23.623109" elapsed="0.008150"/>
</kw>
<kw name="Should Be Equal" owner="BuiltIn">
<arg>${title}</arg>
<arg>${expected_title}</arg>
<doc>Fails if the given objects are unequal.</doc>
<status status="PASS" start="2025-05-28T11:28:23.631660" elapsed="0.001135"/>
</kw>
<arg>${expected_title}</arg>
<status status="PASS" start="2025-05-28T11:28:23.622185" elapsed="0.010943"/>
</kw>
<arg>${LOGIN_TITLE}</arg>
<status status="PASS" start="2025-05-28T11:28:23.588488" elapsed="0.044842"/>
</kw>
<arg>${LOGIN_URL}</arg>
<status status="PASS" start="2025-05-28T11:28:23.240787" elapsed="0.392701"/>
</kw>
<kw name="Input Login Incorrect Credentials" owner="browser">
<kw name="Run Keyword If" owner="BuiltIn">
<kw name="Incorrect Username Login" owner="browser">
<kw name="Input Username Login/Logoff" owner="browser">
<kw name="Wait For Elements State" owner="Browser">
<msg time="2025-05-28T11:28:23.648345" level="INFO">Waited for Element with selector input[name="username"] at state visible</msg>
<arg>${INPUT_LOGIN_USERNAME}</arg>
<arg>visible</arg>
<tag>PageContent</tag>
<tag>Wait</tag>
<doc>Waits for the element found by ``selector`` to satisfy state option.</doc>
<status status="PASS" start="2025-05-28T11:28:23.639675" elapsed="0.009233"/>
</kw>
<kw name="Click" owner="Browser">
<msg time="2025-05-28T11:28:23.651161" level="INFO">Clicks the element 'input[name="username"]'.</msg>
<arg>${INPUT_LOGIN_USERNAME}</arg>
<tag>PageContent</tag>
<tag>Setter</tag>
<doc>Simulates mouse click on the element found by ``selector``.</doc>
<status status="PASS" start="2025-05-28T11:28:23.649214" elapsed="0.042640"/>
</kw>
<kw name="Fill Text" owner="Browser">
<msg time="2025-05-28T11:28:23.695211" level="INFO">Fills the text '' in the given field.</msg>
<arg>${INPUT_LOGIN_USERNAME}</arg>
<arg>${EMPTY}</arg>
<tag>PageContent</tag>
<tag>Setter</tag>
<doc>Clears and fills the given ``txt`` into the text field found by ``selector``.</doc>
<status status="PASS" start="2025-05-28T11:28:23.692196" elapsed="0.014699"/>
</kw>
<kw name="Fill Text" owner="Browser">
<msg time="2025-05-28T11:28:23.708958" level="INFO">Fills the text 'invalid' in the given field.</msg>
<arg>${INPUT_LOGIN_USERNAME}</arg>
<arg>${username}</arg>
<tag>PageContent</tag>
<tag>Setter</tag>
<doc>Clears and fills the given ``txt`` into the text field found by ``selector``.</doc>
<status status="PASS" start="2025-05-28T11:28:23.707232" elapsed="0.013820"/>
</kw>
<arg>invalid</arg>
<status status="PASS" start="2025-05-28T11:28:23.639049" elapsed="0.082257"/>
</kw>
<kw name="Input Password Login/Logoff" owner="browser">
<kw name="Wait For Elements State" owner="Browser">
<msg time="2025-05-28T11:28:23.729407" level="INFO">Waited for Element with selector input[name="password"] at state visible</msg>
<arg>${INPUT_LOGIN_PASSWORD}</arg>
<arg>visible</arg>
<tag>PageContent</tag>
<tag>Wait</tag>
<doc>Waits for the element found by ``selector`` to satisfy state option.</doc>
<status status="PASS" start="2025-05-28T11:28:23.722495" elapsed="0.007472"/>
</kw>
<kw name="Click" owner="Browser">
<msg time="2025-05-28T11:28:23.732278" level="INFO">Clicks the element 'input[name="password"]'.</msg>
<arg>${INPUT_LOGIN_PASSWORD}</arg>
<tag>PageContent</tag>
<tag>Setter</tag>
<doc>Simulates mouse click on the element found by ``selector``.</doc>
<status status="PASS" start="2025-05-28T11:28:23.730265" elapsed="0.044922"/>
</kw>
<kw name="Fill Text" owner="Browser">
<msg time="2025-05-28T11:28:23.777881" level="INFO">Fills the text '' in the given field.</msg>
<arg>${INPUT_LOGIN_PASSWORD}</arg>
<arg>${EMPTY}</arg>
<tag>PageContent</tag>
<tag>Setter</tag>
<doc>Clears and fills the given ``txt`` into the text field found by ``selector``.</doc>
<status status="PASS" start="2025-05-28T11:28:23.775509" elapsed="0.011978"/>
</kw>
<kw name="Fill Text" owner="Browser">
<msg time="2025-05-28T11:28:23.789407" level="INFO">Fills the text 'supervisor' in the given field.</msg>
<arg>${INPUT_LOGIN_PASSWORD}</arg>
<arg>${password}</arg>
<tag>PageContent</tag>
<tag>Setter</tag>
<doc>Clears and fills the given ``txt`` into the text field found by ``selector``.</doc>
<status status="PASS" start="2025-05-28T11:28:23.787815" elapsed="0.010655"/>
</kw>
<arg>${VALID_PASSWORD}</arg>
<status status="PASS" start="2025-05-28T11:28:23.721664" elapsed="0.077084"/>
</kw>
<kw name="Click Submit Button" owner="browser">
<kw name="Wait For Elements State" owner="Browser">
<msg time="2025-05-28T11:28:23.806543" level="INFO">Waited for Element with selector input#kc-login at state visible</msg>
<arg>${INPUT_LOGIN_SUBMIT}</arg>
<arg>visible</arg>
<tag>PageContent</tag>
<tag>Wait</tag>
<doc>Waits for the element found by ``selector`` to satisfy state option.</doc>
<status status="PASS" start="2025-05-28T11:28:23.799778" elapsed="0.007315"/>
</kw>
<kw name="Click" owner="Browser">
<msg time="2025-05-28T11:28:23.809032" level="INFO">Clicks the element 'input#kc-login'.</msg>
<arg>${INPUT_LOGIN_SUBMIT}</arg>
<tag>PageContent</tag>
<tag>Setter</tag>
<doc>Simulates mouse click on the element found by ``selector``.</doc>
<status status="PASS" start="2025-05-28T11:28:23.807383" elapsed="0.181871"/>
</kw>
<status status="PASS" start="2025-05-28T11:28:23.799003" elapsed="0.190576"/>
</kw>
<kw name="Wait For Elements State" owner="Browser">
<msg time="2025-05-28T11:28:24.232750" level="INFO">Waited for Element with selector span#input-error at state visible</msg>
<arg>span#input-error</arg>
<arg>visible</arg>
<tag>PageContent</tag>
<tag>Wait</tag>
<doc>Waits for the element found by ``selector`` to satisfy state option.</doc>
<status status="PASS" start="2025-05-28T11:28:23.989844" elapsed="0.243567"/>
</kw>
<status status="PASS" start="2025-05-28T11:28:23.638177" elapsed="0.595717"/>
</kw>
<arg>${Mode} == "Incorrect Password"</arg>
<arg>Incorrect Password Login</arg>
<arg>ELSE IF</arg>
<arg>${Mode} == "Incorrect Username"</arg>
<arg>Incorrect Username Login</arg>
<doc>Runs the given keyword with the given arguments, if ``condition`` is true.</doc>
<status status="PASS" start="2025-05-28T11:28:23.634930" elapsed="0.599442"/>
</kw>
<arg>Mode="Incorrect Username"</arg>
<status status="PASS" start="2025-05-28T11:28:23.634034" elapsed="0.600807"/>
</kw>
<kw name="Input Login Incorrect Credentials" owner="browser">
<kw name="Run Keyword If" owner="BuiltIn">
<kw name="Incorrect Password Login" owner="browser">
<kw name="Input Username Login/Logoff" owner="browser">
<kw name="Wait For Elements State" owner="Browser">
<msg time="2025-05-28T11:28:24.253968" level="INFO">Waited for Element with selector input[name="username"] at state visible</msg>
<arg>${INPUT_LOGIN_USERNAME}</arg>
<arg>visible</arg>
<tag>PageContent</tag>
<tag>Wait</tag>
<doc>Waits for the element found by ``selector`` to satisfy state option.</doc>
<status status="PASS" start="2025-05-28T11:28:24.242798" elapsed="0.011742"/>
</kw>
<kw name="Click" owner="Browser">
<msg time="2025-05-28T11:28:24.257295" level="INFO">Clicks the element 'input[name="username"]'.</msg>
<arg>${INPUT_LOGIN_USERNAME}</arg>
<tag>PageContent</tag>
<tag>Setter</tag>
<doc>Simulates mouse click on the element found by ``selector``.</doc>
<status status="PASS" start="2025-05-28T11:28:24.254879" elapsed="0.039529"/>
</kw>
<kw name="Fill Text" owner="Browser">
<msg time="2025-05-28T11:28:24.297398" level="INFO">Fills the text '' in the given field.</msg>
<arg>${INPUT_LOGIN_USERNAME}</arg>
<arg>${EMPTY}</arg>
<tag>PageContent</tag>
<tag>Setter</tag>
<doc>Clears and fills the given ``txt`` into the text field found by ``selector``.</doc>
<status status="PASS" start="2025-05-28T11:28:24.294777" elapsed="0.020200"/>
</kw>
<kw name="Fill Text" owner="Browser">
<msg time="2025-05-28T11:28:24.318065" level="INFO">Fills the text 'supervisor' in the given field.</msg>
<arg>${INPUT_LOGIN_USERNAME}</arg>
<arg>${username}</arg>
<tag>PageContent</tag>
<tag>Setter</tag>
<doc>Clears and fills the given ``txt`` into the text field found by ``selector``.</doc>
<status status="PASS" start="2025-05-28T11:28:24.315355" elapsed="0.013636"/>
</kw>
<arg>${VALID_USERNAME}</arg>
<status status="PASS" start="2025-05-28T11:28:24.241580" elapsed="0.087666"/>
</kw>
<kw name="Input Password Login/Logoff" owner="browser">
<kw name="Wait For Elements State" owner="Browser">
<msg time="2025-05-28T11:28:24.337596" level="INFO">Waited for Element with selector input[name="password"] at state visible</msg>
<arg>${INPUT_LOGIN_PASSWORD}</arg>
<arg>visible</arg>
<tag>PageContent</tag>
<tag>Wait</tag>
<doc>Waits for the element found by ``selector`` to satisfy state option.</doc>
<status status="PASS" start="2025-05-28T11:28:24.330282" elapsed="0.008102"/>
</kw>
<kw name="Click" owner="Browser">
<msg time="2025-05-28T11:28:24.340747" level="INFO">Clicks the element 'input[name="password"]'.</msg>
<arg>${INPUT_LOGIN_PASSWORD}</arg>
<tag>PageContent</tag>
<tag>Setter</tag>
<doc>Simulates mouse click on the element found by ``selector``.</doc>
<status status="PASS" start="2025-05-28T11:28:24.338849" elapsed="0.041631"/>
</kw>
<kw name="Fill Text" owner="Browser">
<msg time="2025-05-28T11:28:24.384089" level="INFO">Fills the text '' in the given field.</msg>
<arg>${INPUT_LOGIN_PASSWORD}</arg>
<arg>${EMPTY}</arg>
<tag>PageContent</tag>
<tag>Setter</tag>
<doc>Clears and fills the given ``txt`` into the text field found by ``selector``.</doc>
<status status="PASS" start="2025-05-28T11:28:24.381045" elapsed="0.016658"/>
</kw>
<kw name="Fill Text" owner="Browser">
<msg time="2025-05-28T11:28:24.400681" level="INFO">Fills the text 'invalid' in the given field.</msg>
<arg>${INPUT_LOGIN_PASSWORD}</arg>
<arg>${password}</arg>
<tag>PageContent</tag>
<tag>Setter</tag>
<doc>Clears and fills the given ``txt`` into the text field found by ``selector``.</doc>
<status status="PASS" start="2025-05-28T11:28:24.398321" elapsed="0.016959"/>
</kw>
<arg>invalid</arg>
<status status="PASS" start="2025-05-28T11:28:24.329547" elapsed="0.086142"/>
</kw>
<kw name="Click Submit Button" owner="browser">
<kw name="Wait For Elements State" owner="Browser">
<msg time="2025-05-28T11:28:24.428009" level="INFO">Waited for Element with selector input#kc-login at state visible</msg>
<arg>${INPUT_LOGIN_SUBMIT}</arg>
<arg>visible</arg>
<tag>PageContent</tag>
<tag>Wait</tag>
<doc>Waits for the element found by ``selector`` to satisfy state option.</doc>
<status status="PASS" start="2025-05-28T11:28:24.417103" elapsed="0.011624"/>
</kw>
<kw name="Click" owner="Browser">
<msg time="2025-05-28T11:28:24.430921" level="INFO">Clicks the element 'input#kc-login'.</msg>
<arg>${INPUT_LOGIN_SUBMIT}</arg>
<tag>PageContent</tag>
<tag>Setter</tag>
<doc>Simulates mouse click on the element found by ``selector``.</doc>
<status status="PASS" start="2025-05-28T11:28:24.429039" elapsed="0.234681"/>
</kw>
<status status="PASS" start="2025-05-28T11:28:24.416106" elapsed="0.247981"/>
</kw>
<kw name="Wait For Elements State" owner="Browser">
<msg time="2025-05-28T11:28:24.868820" level="INFO">Waited for Element with selector span#input-error at state visible</msg>
<arg>span#input-error</arg>
<arg>visible</arg>
<tag>PageContent</tag>
<tag>Wait</tag>
<doc>Waits for the element found by ``selector`` to satisfy state option.</doc>
<status status="PASS" start="2025-05-28T11:28:24.665144" elapsed="0.204209"/>
</kw>
<status status="PASS" start="2025-05-28T11:28:24.240280" elapsed="0.629329"/>
</kw>
<arg>${Mode} == "Incorrect Password"</arg>
<arg>Incorrect Password Login</arg>
<arg>ELSE IF</arg>
<arg>${Mode} == "Incorrect Username"</arg>
<arg>Incorrect Username Login</arg>
<doc>Runs the given keyword with the given arguments, if ``condition`` is true.</doc>
<status status="PASS" start="2025-05-28T11:28:24.236969" elapsed="0.632770"/>
</kw>
<arg>Mode="Incorrect Password"</arg>
<status status="PASS" start="2025-05-28T11:28:24.235821" elapsed="0.634080"/>
</kw>
<msg time="2025-05-28T11:28:24.886675" level="INFO">Switching context to context=d0cc48a7-59ce-40bd-95c7-246f4d489dfb in CURRENT</msg>
<msg time="2025-05-28T11:28:24.895174" level="INFO">Successfully changed active context: context=d0cc48a7-59ce-40bd-95c7-246f4d489dfb</msg>
<msg time="2025-05-28T11:28:24.903102" level="INFO">Successfully closed Context</msg>
<status status="PASS" start="2025-05-28T11:28:23.234345" elapsed="1.636008"/>
</test>
<kw name="Closing Test" owner="initialConfiguration" type="TEARDOWN">
<kw name="Disconnect Users BBDD" owner="db">
<kw name="Execute Sql String" owner="DatabaseLibrary">
<msg time="2025-05-28T11:28:24.907817" level="INFO" html="true">Executing sql:&lt;br&gt;&lt;code style="font-weight: bold;"&gt;DELETE FROM usersessions;&lt;/code&gt;</msg>
<msg time="2025-05-28T11:28:24.910322" level="INFO">Commit the transaction</msg>
<arg>DELETE FROM usersessions;</arg>
<doc>Executes the ``sql_string`` as a single SQL command.</doc>
<status status="PASS" start="2025-05-28T11:28:24.907253" elapsed="0.004679"/>
</kw>
<kw name="Disconnect From Database" owner="DatabaseLibrary">
<doc>Disconnects from the database.</doc>
<status status="PASS" start="2025-05-28T11:28:24.912244" elapsed="0.000871"/>
</kw>
<status status="PASS" start="2025-05-28T11:28:24.906563" elapsed="0.007109"/>
</kw>
<kw name="Close Browser" owner="Browser">
<msg time="2025-05-28T11:28:24.962037" level="INFO">Closed browser</msg>
<tag>BrowserControl</tag>
<tag>Setter</tag>
<doc>Closes the current browser.</doc>
<status status="PASS" start="2025-05-28T11:28:24.914086" elapsed="0.048621"/>
</kw>
<kw name="Log To Console" owner="BuiltIn">
<arg>Test finalizado</arg>
<doc>Logs the given message to the console.</doc>
<status status="PASS" start="2025-05-28T11:28:24.963017" elapsed="0.001031"/>
</kw>
<status status="PASS" start="2025-05-28T11:28:24.905374" elapsed="0.059023"/>
</kw>
<doc>Verify that the system displays an error message and allows re-entry when an incorrect password is provided.</doc>
<meta name="Version">1.0</meta>
<status status="PASS" start="2025-05-28T11:28:23.037047" elapsed="1.927485"/>
</suite>
<suite id="s1-s1-s1-s3" name="CR9K-266270" source="D:\Rail9000\RobotFramework\Richard-RobotFrameworkTestProject\Tests\1.5.2 User logon\CR9K-266270.robot">
<kw name="Set initial configuration" owner="initialConfiguration" type="SETUP">
<kw name="New Browser" owner="Browser">
<msg time="2025-05-28T11:28:25.028832" level="INFO">{"browser": "chromium", "headless": true, "args": ["--incognito"], "chromiumSandbox": false, "devtools": false, "handleSIGHUP": true, "handleSIGINT": true, "handleSIGTERM": true, "slowMo": 0.0, "timeout": 30000.0, "tracesDir": "D:\\Rail9000\\RobotFramework\\Richard-RobotFrameworkTestProject\\results\\browser\\traces\\temp\\b7b1ace2-42d0-4357-8e82-d0b4d6e3ff28"}</msg>
<msg time="2025-05-28T11:28:25.131186" level="INFO">Successfully created browser with options: {"browser":"chromium","headless":true,"args":["--incognito"],"chromiumSandbox":false,"devtools":false,"handleSIGHUP":true,"handleSIGINT":true,"handleSIGTERM":true,"slowMo":0,"timeout":30000,"tracesDir":"D:\\Rail9000\\RobotFramework\\Richard-RobotFrameworkTestProject\\results\\browser\\traces\\temp\\b7b1ace2-42d0-4357-8e82-d0b4d6e3ff28"}</msg>
<arg>browser=${BROWSER}</arg>
<arg>headless=${HEADLESS}</arg>
<arg>slowMo=${SLOWMO}</arg>
<arg>args=['--incognito']</arg>
<tag>BrowserControl</tag>
<tag>Setter</tag>
<doc>Create a new playwright Browser with specified options.</doc>
<status status="PASS" start="2025-05-28T11:28:25.025978" elapsed="0.106026"/>
</kw>
<kw name="Connect Users BBDD" owner="db">
<kw name="Get Config" owner="ConfigReader">
<msg time="2025-05-28T11:28:25.136084" level="INFO">${DBHost} = localhost</msg>
<var>${DBHost}</var>
<arg>host</arg>
<arg>database</arg>
<status status="PASS" start="2025-05-28T11:28:25.133965" elapsed="0.002654"/>
</kw>
<kw name="Get Config" owner="ConfigReader">
<msg time="2025-05-28T11:28:25.138018" level="INFO">${DBName} = users_csx</msg>
<var>${DBName}</var>
<arg>name</arg>
<arg>database</arg>
<status status="PASS" start="2025-05-28T11:28:25.137069" elapsed="0.001368"/>
</kw>
<kw name="Get Config" owner="ConfigReader">
<msg time="2025-05-28T11:28:25.139761" level="INFO">${DBPass} = ""</msg>
<var>${DBPass}</var>
<arg>password</arg>
<arg>database</arg>
<status status="PASS" start="2025-05-28T11:28:25.138892" elapsed="0.001468"/>
</kw>
<kw name="Get Config" owner="ConfigReader">
<msg time="2025-05-28T11:28:25.141800" level="INFO">${DBPort} = 5432</msg>
<var>${DBPort}</var>
<arg>port</arg>
<arg>database</arg>
<status status="PASS" start="2025-05-28T11:28:25.140823" elapsed="0.001390"/>
</kw>
<kw name="Get Config" owner="ConfigReader">
<msg time="2025-05-28T11:28:25.143533" level="INFO">${DBUser} = postgres</msg>
<var>${DBUser}</var>
<arg>user</arg>
<arg>database</arg>
<status status="PASS" start="2025-05-28T11:28:25.142653" elapsed="0.001312"/>
</kw>
<kw name="Connect To Database" owner="DatabaseLibrary">
<msg time="2025-05-28T11:28:25.145521" level="INFO">Looking for configuration file: 'resources\db.cfg'</msg>
<msg time="2025-05-28T11:28:25.146159" level="INFO">Configuration file doesn't exist</msg>
<msg time="2025-05-28T11:28:25.147098" level="INFO">Connect to DB using : psycopg2.connect(database='users_csx', user='postgres', password=***, host='localhost', port=5432)</msg>
<arg>psycopg2</arg>
<arg>${DBName}</arg>
<arg>${DBUser}</arg>
<arg>${DBPass}</arg>
<arg>${DBHost}</arg>
<arg>${DBPort}</arg>
<doc>Creates a database connection using the DB API 2.0 ``db_module`` and the parameters provided.
Along with listed commonly used arguments (`db_name`, `db_host` etc.)
you can set any other DB module specific parameters as key/value pairs.</doc>
<status status="PASS" start="2025-05-28T11:28:25.144365" elapsed="0.015487"/>
</kw>
<status status="PASS" start="2025-05-28T11:28:25.132775" elapsed="0.027499"/>
</kw>
<kw name="Check Open Sessions" owner="db">
<kw name="Query" owner="DatabaseLibrary">
<msg time="2025-05-28T11:28:25.164261" level="INFO" html="true">Executing sql:&lt;br&gt;&lt;code style="font-weight: bold;"&gt;SELECT COUNT(*) FROM usersessions WHERE status IS NOT NULL;&lt;/code&gt;</msg>
<msg time="2025-05-28T11:28:25.168618" level="INFO">Commit the transaction</msg>
<msg time="2025-05-28T11:28:25.170560" level="INFO" html="true">&lt;div style="max-width: 100%; overflow-x: auto;"&gt;&lt;table style="width: auto; border-collapse: collapse; border: 2px solid rgb(140 140 140)"&gt;&lt;caption style="text-align: left; font-weight: bold; padding: 5px;"&gt;Query returned 1 rows&lt;/caption&gt;&lt;tr&gt;&lt;th scope="col" style="color:black; background-color: #d6ecd4; border: 1px solid rgb(160 160 160);padding: 8px 10px;text-align: center;"&gt;Row&lt;/th&gt;&lt;th scope="col" style="background-color: #505050; color: #fff;border: 1px solid rgb(160 160 160);padding: 8px 10px;text-align: center;"&gt;count&lt;/th&gt;&lt;/tr&gt;&lt;tr style="background-color: var(--secondary-color, #eee)"&gt;&lt;th scope="row" style="color:black; background-color: #d6ecd4;border: 1px solid rgb(160 160 160);padding: 8px 10px;text-align: center;"&gt;0&lt;/th&gt;&lt;td style="border: 1px solid rgb(160 160 160);padding: 8px 10px;text-align: center;"&gt;0&lt;/td&gt;&lt;/tr&gt;&lt;/table&gt;&lt;/div&gt;</msg>
<msg time="2025-05-28T11:28:25.171724" level="INFO">${query} = [(0,)]</msg>
<var>${query}</var>
<arg>SELECT COUNT(*) FROM usersessions WHERE status IS NOT NULL;</arg>
<doc>Runs a query with the ``select_statement`` and returns the result as list of rows.
The type of row values depends on the database module -
usually they are tuples or tuple-like objects.</doc>
<status status="PASS" start="2025-05-28T11:28:25.163423" elapsed="0.009011"/>
</kw>
<kw name="Set Variable" owner="BuiltIn">
<msg time="2025-05-28T11:28:25.176297" level="INFO">${count} = 0</msg>
<var>${count}</var>
<arg>${query[0][0]}</arg>
<doc>Returns the given values which can then be assigned to a variables.</doc>
<status status="PASS" start="2025-05-28T11:28:25.172901" elapsed="0.004136"/>
</kw>
<if>
<branch type="IF" condition="${count} &gt; 0">
<kw name="Close Open Sessions" owner="db">
<status status="NOT RUN" start="2025-05-28T11:28:25.181181" elapsed="0.000821"/>
</kw>
<status status="NOT RUN" start="2025-05-28T11:28:25.177453" elapsed="0.004967"/>
</branch>
<status status="PASS" start="2025-05-28T11:28:25.177336" elapsed="0.005261"/>
</if>
<status status="PASS" start="2025-05-28T11:28:25.161025" elapsed="0.021736"/>
</kw>
<status status="PASS" start="2025-05-28T11:28:25.025179" elapsed="0.158022"/>
</kw>
<test id="s1-s1-s1-s3-t1" name="Cookie With Reference To The User Session Stored" line="16">
<kw name="Open Login Page" owner="browser">
<kw name="Open Url" owner="browser">
<kw name="New Context" owner="Browser">
<msg time="2025-05-28T11:28:25.203636" level="INFO">{
  "acceptDownloads": true,
  "bypassCSP": false,
  "forcedColors": "none",
  "ignoreHTTPSErrors": false,
  "javaScriptEnabled": true,
  "offline": false,
  "reducedMotion": "no-preference",
  "serviceWorkers": "allow",
  "viewport": {
    "width": 1280,
    "height": 720
  }
}</msg>
<msg time="2025-05-28T11:28:25.216019" level="INFO">Successfully created context. </msg>
<msg time="2025-05-28T11:28:25.216687" level="INFO">{'acceptDownloads': True, 'bypassCSP': False, 'forcedColors': 'none', 'ignoreHTTPSErrors': False, 'javaScriptEnabled': True, 'offline': False, 'reducedMotion': 'no-preference', 'serviceWorkers': 'allow', 'viewport': {'width': 1280, 'height': 720}}</msg>
<tag>BrowserControl</tag>
<tag>Setter</tag>
<doc>Create a new BrowserContext with specified options.</doc>
<status status="PASS" start="2025-05-28T11:28:25.196658" elapsed="0.020599"/>
</kw>
<kw name="New Page" owner="Browser">
<msg time="2025-05-28T11:28:25.517245" level="INFO">Successfully initialized new page object and opened url: http://127.0.0.1.nip.io/</msg>
<arg>${url}</arg>
<tag>BrowserControl</tag>
<tag>Setter</tag>
<doc>Open a new Page.</doc>
<status status="PASS" start="2025-05-28T11:28:25.217906" elapsed="0.299970"/>
</kw>
<kw name="Set Viewport Size" owner="Browser">
<msg time="2025-05-28T11:28:25.531582" level="INFO">Set viewport size to: [object Object]</msg>
<arg>1920</arg>
<arg>1080</arg>
<tag>BrowserControl</tag>
<tag>Setter</tag>
<doc>Sets current Pages viewport size to specified dimensions.</doc>
<status status="PASS" start="2025-05-28T11:28:25.518220" elapsed="0.013798"/>
</kw>
<arg>${LOGIN_URL}</arg>
<status status="PASS" start="2025-05-28T11:28:25.195443" elapsed="0.336811"/>
</kw>
<kw name="Login Page Should Be Loaded" owner="browser">
<kw name="Wait For Elements State" owner="Browser">
<msg time="2025-05-28T11:28:25.564940" level="INFO">Waited for Element with selector div.login-pf-page at state visible</msg>
<arg>${LOGIN_PAGE_ELEMENT}</arg>
<arg>visible</arg>
<tag>PageContent</tag>
<tag>Wait</tag>
<doc>Waits for the element found by ``selector`` to satisfy state option.</doc>
<status status="PASS" start="2025-05-28T11:28:25.533533" elapsed="0.031910"/>
</kw>
<kw name="Expected Title" owner="browser">
<kw name="Get Title" owner="Browser">
<msg time="2025-05-28T11:28:25.572362" level="INFO">Title: 'Sign in to CSX CoreSystem'</msg>
<msg time="2025-05-28T11:28:25.572881" level="INFO">${title} = Sign in to CSX CoreSystem</msg>
<var>${title}</var>
<tag>Assertion</tag>
<tag>Getter</tag>
<tag>PageContent</tag>
<doc>Returns the title of the current page.</doc>
<status status="PASS" start="2025-05-28T11:28:25.566938" elapsed="0.006236"/>
</kw>
<kw name="Should Be Equal" owner="BuiltIn">
<arg>${title}</arg>
<arg>${expected_title}</arg>
<doc>Fails if the given objects are unequal.</doc>
<status status="PASS" start="2025-05-28T11:28:25.573474" elapsed="0.000816"/>
</kw>
<arg>${expected_title}</arg>
<status status="PASS" start="2025-05-28T11:28:25.565849" elapsed="0.008624"/>
</kw>
<arg>${LOGIN_TITLE}</arg>
<status status="PASS" start="2025-05-28T11:28:25.532532" elapsed="0.042110"/>
</kw>
<arg>${LOGIN_URL}</arg>
<status status="PASS" start="2025-05-28T11:28:25.193514" elapsed="0.381251"/>
</kw>
<kw name="Input Login Valid Credentials" owner="browser">
<kw name="Input Username Login/Logoff" owner="browser">
<kw name="Wait For Elements State" owner="Browser">
<msg time="2025-05-28T11:28:25.584569" level="INFO">Waited for Element with selector input[name="username"] at state visible</msg>
<arg>${INPUT_LOGIN_USERNAME}</arg>
<arg>visible</arg>
<tag>PageContent</tag>
<tag>Wait</tag>
<doc>Waits for the element found by ``selector`` to satisfy state option.</doc>
<status status="PASS" start="2025-05-28T11:28:25.577152" elapsed="0.007974"/>
</kw>
<kw name="Click" owner="Browser">
<msg time="2025-05-28T11:28:25.587019" level="INFO">Clicks the element 'input[name="username"]'.</msg>
<arg>${INPUT_LOGIN_USERNAME}</arg>
<tag>PageContent</tag>
<tag>Setter</tag>
<doc>Simulates mouse click on the element found by ``selector``.</doc>
<status status="PASS" start="2025-05-28T11:28:25.585414" elapsed="0.022817"/>
</kw>
<kw name="Fill Text" owner="Browser">
<msg time="2025-05-28T11:28:25.610985" level="INFO">Fills the text '' in the given field.</msg>
<arg>${INPUT_LOGIN_USERNAME}</arg>
<arg>${EMPTY}</arg>
<tag>PageContent</tag>
<tag>Setter</tag>
<doc>Clears and fills the given ``txt`` into the text field found by ``selector``.</doc>
<status status="PASS" start="2025-05-28T11:28:25.608560" elapsed="0.012136"/>
</kw>
<kw name="Fill Text" owner="Browser">
<msg time="2025-05-28T11:28:25.622843" level="INFO">Fills the text 'supervisor' in the given field.</msg>
<arg>${INPUT_LOGIN_USERNAME}</arg>
<arg>${username}</arg>
<tag>PageContent</tag>
<tag>Setter</tag>
<doc>Clears and fills the given ``txt`` into the text field found by ``selector``.</doc>
<status status="PASS" start="2025-05-28T11:28:25.621016" elapsed="0.050833"/>
</kw>
<arg>${username}</arg>
<status status="PASS" start="2025-05-28T11:28:25.576156" elapsed="0.095952"/>
</kw>
<kw name="Input Password Login/Logoff" owner="browser">
<kw name="Wait For Elements State" owner="Browser">
<msg time="2025-05-28T11:28:25.684299" level="INFO">Waited for Element with selector input[name="password"] at state visible</msg>
<arg>${INPUT_LOGIN_PASSWORD}</arg>
<arg>visible</arg>
<tag>PageContent</tag>
<tag>Wait</tag>
<doc>Waits for the element found by ``selector`` to satisfy state option.</doc>
<status status="PASS" start="2025-05-28T11:28:25.673322" elapsed="0.011732"/>
</kw>
<kw name="Click" owner="Browser">
<msg time="2025-05-28T11:28:25.687719" level="INFO">Clicks the element 'input[name="password"]'.</msg>
<arg>${INPUT_LOGIN_PASSWORD}</arg>
<tag>PageContent</tag>
<tag>Setter</tag>
<doc>Simulates mouse click on the element found by ``selector``.</doc>
<status status="PASS" start="2025-05-28T11:28:25.685439" elapsed="0.023456"/>
</kw>
<kw name="Fill Text" owner="Browser">
<msg time="2025-05-28T11:28:25.711831" level="INFO">Fills the text '' in the given field.</msg>
<arg>${INPUT_LOGIN_PASSWORD}</arg>
<arg>${EMPTY}</arg>
<tag>PageContent</tag>
<tag>Setter</tag>
<doc>Clears and fills the given ``txt`` into the text field found by ``selector``.</doc>
<status status="PASS" start="2025-05-28T11:28:25.709255" elapsed="0.011694"/>
</kw>
<kw name="Fill Text" owner="Browser">
<msg time="2025-05-28T11:28:25.722978" level="INFO">Fills the text 'supervisor' in the given field.</msg>
<arg>${INPUT_LOGIN_PASSWORD}</arg>
<arg>${password}</arg>
<tag>PageContent</tag>
<tag>Setter</tag>
<doc>Clears and fills the given ``txt`` into the text field found by ``selector``.</doc>
<status status="PASS" start="2025-05-28T11:28:25.721270" elapsed="0.010731"/>
</kw>
<arg>${password}</arg>
<status status="PASS" start="2025-05-28T11:28:25.672367" elapsed="0.059888"/>
</kw>
<kw name="Click Submit Button" owner="browser">
<kw name="Wait For Elements State" owner="Browser">
<msg time="2025-05-28T11:28:25.740411" level="INFO">Waited for Element with selector input#kc-login at state visible</msg>
<arg>${INPUT_LOGIN_SUBMIT}</arg>
<arg>visible</arg>
<tag>PageContent</tag>
<tag>Wait</tag>
<doc>Waits for the element found by ``selector`` to satisfy state option.</doc>
<status status="PASS" start="2025-05-28T11:28:25.733295" elapsed="0.007679"/>
</kw>
<kw name="Click" owner="Browser">
<msg time="2025-05-28T11:28:25.743075" level="INFO">Clicks the element 'input#kc-login'.</msg>
<arg>${INPUT_LOGIN_SUBMIT}</arg>
<tag>PageContent</tag>
<tag>Setter</tag>
<doc>Simulates mouse click on the element found by ``selector``.</doc>
<status status="PASS" start="2025-05-28T11:28:25.741290" elapsed="0.206840"/>
</kw>
<status status="PASS" start="2025-05-28T11:28:25.732495" elapsed="0.216583"/>
</kw>
<kw name="Role&amp;Position Page Should Be Open" owner="browser">
<kw name="Wait For Elements State" owner="Browser">
<msg time="2025-05-28T11:28:28.550959" level="INFO">Waited for Element with selector ix-blind.rootPane.blind-outline.hydrated at state visible</msg>
<arg>${IX-BLIND_ROLE&amp;POSITION}</arg>
<arg>visible</arg>
<tag>PageContent</tag>
<tag>Wait</tag>
<doc>Waits for the element found by ``selector`` to satisfy state option.</doc>
<status status="PASS" start="2025-05-28T11:28:25.952309" elapsed="2.599483"/>
</kw>
<kw name="Expected Title" owner="browser">
<kw name="Get Title" owner="Browser">
<msg time="2025-05-28T11:28:28.560498" level="INFO">Title: 'Core System'</msg>
<msg time="2025-05-28T11:28:28.561221" level="INFO">${title} = Core System</msg>
<var>${title}</var>
<tag>Assertion</tag>
<tag>Getter</tag>
<tag>PageContent</tag>
<doc>Returns the title of the current page.</doc>
<status status="PASS" start="2025-05-28T11:28:28.553156" elapsed="0.008374"/>
</kw>
<kw name="Should Be Equal" owner="BuiltIn">
<arg>${title}</arg>
<arg>${expected_title}</arg>
<doc>Fails if the given objects are unequal.</doc>
<status status="PASS" start="2025-05-28T11:28:28.561868" elapsed="0.000969"/>
</kw>
<arg>${expected_title}</arg>
<status status="PASS" start="2025-05-28T11:28:28.552169" elapsed="0.010980"/>
</kw>
<arg>${MAIN_TITLE}</arg>
<status status="PASS" start="2025-05-28T11:28:25.949862" elapsed="2.613528"/>
</kw>
<arg>${VALID_USERNAME}</arg>
<arg>${VALID_PASSWORD}</arg>
<status status="PASS" start="2025-05-28T11:28:25.575163" elapsed="2.988411"/>
</kw>
<kw name="Check Usersession Cookie" owner="browser">
<kw name="Retrieve Usersession Cookie" owner="browser">
<kw name="Get Cookies" owner="Browser">
<msg time="2025-05-28T11:28:28.575001" level="INFO">Found cookies: AUTH_SESSION_ID_LEGACY,KEYCLOAK_IDENTITY_LEGACY,KEYCLOAK_SESSION_LEGACY,CSSID</msg>
<msg time="2025-05-28T11:28:28.576427" level="INFO">@{cookies} = [ {'name': 'AUTH_SESSION_ID_LEGACY', 'value': '2be3b8c9-d914-481f-84ce-9a2d865517d3.dev-csx-bitnami-keycloak-0-31327', 'domain': '127.0.0.1.sslip.io', 'path': '/realms/csx-coresystem/', 'expires': dat...</msg>
<var>@{cookies}</var>
<tag>Getter</tag>
<tag>PageContent</tag>
<doc>Returns cookies from the current active browser context.</doc>
<status status="PASS" start="2025-05-28T11:28:28.565611" elapsed="0.011281"/>
</kw>
<for flavor="IN">
<iter>
<if>
<branch type="IF" condition="$cookie[&quot;name&quot;] == &quot;CSSID&quot;">
<return>
<value>${cookie}[value]</value>
<status status="NOT RUN" start="2025-05-28T11:28:28.580396" elapsed="0.000520"/>
</return>
<status status="NOT RUN" start="2025-05-28T11:28:28.579189" elapsed="0.001871"/>
</branch>
<status status="PASS" start="2025-05-28T11:28:28.579132" elapsed="0.001999"/>
</if>
<var name="${cookie}">{'name': 'AUTH_SESSION_ID_LEGACY', 'value': '2be3b8c9-d914-481f-84ce-9a2d865517d3.dev-csx-bitnami-keycloak-0-31327', 'domain': '127.0.0.1.sslip.io', 'path': '/realms/csx-coresystem/', 'expires': datet...</var>
<status status="PASS" start="2025-05-28T11:28:28.578374" elapsed="0.002813"/>
</iter>
<iter>
<if>
<branch type="IF" condition="$cookie[&quot;name&quot;] == &quot;CSSID&quot;">
<return>
<value>${cookie}[value]</value>
<status status="NOT RUN" start="2025-05-28T11:28:28.583118" elapsed="0.000297"/>
</return>
<status status="NOT RUN" start="2025-05-28T11:28:28.582111" elapsed="0.001472"/>
</branch>
<status status="PASS" start="2025-05-28T11:28:28.582058" elapsed="0.001609"/>
</if>
<var name="${cookie}">{'name': 'KEYCLOAK_IDENTITY_LEGACY', 'value': 'eyJhbGciOiJIUzUxMiIsInR5cCIgOiAiSldUIiwia2lkIiA6ICI2ODZjNDZiNy0zOGI1LTQ2MTEtYjdiZS1hY2JhYzg3NzAyZWEifQ.eyJleHAiOjE3NDg0NjA1MDUsImlhdCI6MTc0ODQyNDUwNSwian...</var>
<status status="PASS" start="2025-05-28T11:28:28.581578" elapsed="0.002142"/>
</iter>
<iter>
<if>
<branch type="IF" condition="$cookie[&quot;name&quot;] == &quot;CSSID&quot;">
<return>
<value>${cookie}[value]</value>
<status status="NOT RUN" start="2025-05-28T11:28:28.585457" elapsed="0.000260"/>
</return>
<status status="NOT RUN" start="2025-05-28T11:28:28.584459" elapsed="0.001401"/>
</branch>
<status status="PASS" start="2025-05-28T11:28:28.584417" elapsed="0.001540"/>
</if>
<var name="${cookie}">{'name': 'KEYCLOAK_SESSION_LEGACY', 'value': '"csx-coresystem/aa9027af-56fc-4a5e-9d20-102f22a63321/2be3b8c9-d914-481f-84ce-9a2d865517d3"', 'domain': '127.0.0.1.sslip.io', 'path': '/realms/csx-coresyst...</var>
<status status="PASS" start="2025-05-28T11:28:28.584069" elapsed="0.001941"/>
</iter>
<iter>
<if>
<branch type="IF" condition="$cookie[&quot;name&quot;] == &quot;CSSID&quot;">
<return>
<value>${cookie}[value]</value>
<status status="PASS" start="2025-05-28T11:28:28.587436" elapsed="0.000368"/>
</return>
<status status="PASS" start="2025-05-28T11:28:28.586615" elapsed="0.001294"/>
</branch>
<status status="PASS" start="2025-05-28T11:28:28.586586" elapsed="0.001489"/>
</if>
<var name="${cookie}">{'name': 'CSSID', 'value': '5829cb56-ea2b-496b-a277-0e565b119a93', 'domain': '.127.0.0.1.nip.io', 'path': '/', 'expires': datetime.datetime(2025, 5, 28, 19, 28, 25, 926979, tzinfo=datetime.timezone.ut...</var>
<status status="PASS" start="2025-05-28T11:28:28.586289" elapsed="0.001834"/>
</iter>
<var>${cookie}</var>
<value>@{cookies}</value>
<status status="PASS" start="2025-05-28T11:28:28.577231" elapsed="0.010977"/>
</for>
<msg time="2025-05-28T11:28:28.588492" level="INFO">${UserSessionCookie} = 5829cb56-ea2b-496b-a277-0e565b119a93</msg>
<var>${UserSessionCookie}</var>
<status status="PASS" start="2025-05-28T11:28:28.564952" elapsed="0.023916"/>
</kw>
<kw name="Check Usersession Cookie BBDD" owner="db">
<kw name="Query" owner="DatabaseLibrary">
<msg time="2025-05-28T11:28:28.590635" level="INFO" html="true">Executing sql:&lt;br&gt;&lt;code style="font-weight: bold;"&gt;SELECT session_id FROM usersessions;&lt;/code&gt;</msg>
<msg time="2025-05-28T11:28:28.594019" level="INFO">Commit the transaction</msg>
<msg time="2025-05-28T11:28:28.595634" level="INFO" html="true">&lt;div style="max-width: 100%; overflow-x: auto;"&gt;&lt;table style="width: auto; border-collapse: collapse; border: 2px solid rgb(140 140 140)"&gt;&lt;caption style="text-align: left; font-weight: bold; padding: 5px;"&gt;Query returned 1 rows&lt;/caption&gt;&lt;tr&gt;&lt;th scope="col" style="color:black; background-color: #d6ecd4; border: 1px solid rgb(160 160 160);padding: 8px 10px;text-align: center;"&gt;Row&lt;/th&gt;&lt;th scope="col" style="background-color: #505050; color: #fff;border: 1px solid rgb(160 160 160);padding: 8px 10px;text-align: center;"&gt;session_id&lt;/th&gt;&lt;/tr&gt;&lt;tr style="background-color: var(--secondary-color, #eee)"&gt;&lt;th scope="row" style="color:black; background-color: #d6ecd4;border: 1px solid rgb(160 160 160);padding: 8px 10px;text-align: center;"&gt;0&lt;/th&gt;&lt;td style="border: 1px solid rgb(160 160 160);padding: 8px 10px;text-align: center;"&gt;5829cb56-ea2b-496b-a277-0e565b119a93&lt;/td&gt;&lt;/tr&gt;&lt;/table&gt;&lt;/div&gt;</msg>
<msg time="2025-05-28T11:28:28.596368" level="INFO">${query} = [('5829cb56-ea2b-496b-a277-0e565b119a93',)]</msg>
<var>${query}</var>
<arg>SELECT session_id FROM usersessions;</arg>
<doc>Runs a query with the ``select_statement`` and returns the result as list of rows.
The type of row values depends on the database module -
usually they are tuples or tuple-like objects.</doc>
<status status="PASS" start="2025-05-28T11:28:28.589970" elapsed="0.006722"/>
</kw>
<return>
<value>${query[0][0]}</value>
<status status="PASS" start="2025-05-28T11:28:28.596902" elapsed="0.000595"/>
</return>
<msg time="2025-05-28T11:28:28.598802" level="INFO">${query_result} = 5829cb56-ea2b-496b-a277-0e565b119a93</msg>
<var>${query_result}</var>
<status status="PASS" start="2025-05-28T11:28:28.589187" elapsed="0.010037"/>
</kw>
<kw name="Should Be Equal" owner="BuiltIn">
<arg>${UserSessionCookie}</arg>
<arg>${query_result}</arg>
<doc>Fails if the given objects are unequal.</doc>
<status status="PASS" start="2025-05-28T11:28:28.599730" elapsed="0.000835"/>
</kw>
<status status="PASS" start="2025-05-28T11:28:28.564079" elapsed="0.036723"/>
</kw>
<msg time="2025-05-28T11:28:28.621938" level="INFO">Switching context to context=9eac060d-6e3a-4d0e-a338-5e1280ac97a9 in CURRENT</msg>
<msg time="2025-05-28T11:28:28.631665" level="INFO">Successfully changed active context: context=9eac060d-6e3a-4d0e-a338-5e1280ac97a9</msg>
<msg time="2025-05-28T11:28:28.639906" level="INFO">Successfully closed Context</msg>
<status status="PASS" start="2025-05-28T11:28:25.183465" elapsed="3.417783"/>
</test>
<kw name="Closing Test" owner="initialConfiguration" type="TEARDOWN">
<kw name="Disconnect Users BBDD" owner="db">
<kw name="Execute Sql String" owner="DatabaseLibrary">
<msg time="2025-05-28T11:28:28.651266" level="INFO" html="true">Executing sql:&lt;br&gt;&lt;code style="font-weight: bold;"&gt;DELETE FROM usersessions;&lt;/code&gt;</msg>
<msg time="2025-05-28T11:28:28.655591" level="INFO">Commit the transaction</msg>
<arg>DELETE FROM usersessions;</arg>
<doc>Executes the ``sql_string`` as a single SQL command.</doc>
<status status="PASS" start="2025-05-28T11:28:28.650478" elapsed="0.013274"/>
</kw>
<kw name="Disconnect From Database" owner="DatabaseLibrary">
<doc>Disconnects from the database.</doc>
<status status="PASS" start="2025-05-28T11:28:28.664429" elapsed="0.001265"/>
</kw>
<status status="PASS" start="2025-05-28T11:28:28.649705" elapsed="0.016577"/>
</kw>
<kw name="Close Browser" owner="Browser">
<msg time="2025-05-28T11:28:28.726690" level="INFO">Closed browser</msg>
<tag>BrowserControl</tag>
<tag>Setter</tag>
<doc>Closes the current browser.</doc>
<status status="PASS" start="2025-05-28T11:28:28.666801" elapsed="0.060652"/>
</kw>
<kw name="Log To Console" owner="BuiltIn">
<arg>Test finalizado</arg>
<doc>Logs the given message to the console.</doc>
<status status="PASS" start="2025-05-28T11:28:28.727892" elapsed="0.001693"/>
</kw>
<status status="PASS" start="2025-05-28T11:28:28.648808" elapsed="0.081139"/>
</kw>
<doc>Verify that on logon the UI stores a cookie received from the backend as a reference to the user session in the backend</doc>
<meta name="Version">1.0</meta>
<status status="PASS" start="2025-05-28T11:28:25.002850" elapsed="3.727322"/>
</suite>
<status status="PASS" start="2025-05-28T11:28:17.119474" elapsed="11.655195"/>
</suite>
<suite id="s1-s1-s2" name="1.5.3 User logoff" source="D:\Rail9000\RobotFramework\Richard-RobotFrameworkTestProject\Tests\1.5.3 User logoff">
<suite id="s1-s1-s2-s1" name="CR9K-266271" source="D:\Rail9000\RobotFramework\Richard-RobotFrameworkTestProject\Tests\1.5.3 User logoff\CR9K-266271.robot">
<kw name="Set initial configuration" owner="initialConfiguration" type="SETUP">
<kw name="New Browser" owner="Browser">
<msg time="2025-05-28T11:28:28.813397" level="INFO">{"browser": "chromium", "headless": true, "args": ["--incognito"], "chromiumSandbox": false, "devtools": false, "handleSIGHUP": true, "handleSIGINT": true, "handleSIGTERM": true, "slowMo": 0.0, "timeout": 30000.0, "tracesDir": "D:\\Rail9000\\RobotFramework\\Richard-RobotFrameworkTestProject\\results\\browser\\traces\\temp\\90055755-3f92-4c6f-873c-660ac5d74a25"}</msg>
<msg time="2025-05-28T11:28:28.929340" level="INFO">Successfully created browser with options: {"browser":"chromium","headless":true,"args":["--incognito"],"chromiumSandbox":false,"devtools":false,"handleSIGHUP":true,"handleSIGINT":true,"handleSIGTERM":true,"slowMo":0,"timeout":30000,"tracesDir":"D:\\Rail9000\\RobotFramework\\Richard-RobotFrameworkTestProject\\results\\browser\\traces\\temp\\90055755-3f92-4c6f-873c-660ac5d74a25"}</msg>
<arg>browser=${BROWSER}</arg>
<arg>headless=${HEADLESS}</arg>
<arg>slowMo=${SLOWMO}</arg>
<arg>args=['--incognito']</arg>
<tag>BrowserControl</tag>
<tag>Setter</tag>
<doc>Create a new playwright Browser with specified options.</doc>
<status status="PASS" start="2025-05-28T11:28:28.810946" elapsed="0.119526"/>
</kw>
<kw name="Connect Users BBDD" owner="db">
<kw name="Get Config" owner="ConfigReader">
<msg time="2025-05-28T11:28:28.934013" level="INFO">${DBHost} = localhost</msg>
<var>${DBHost}</var>
<arg>host</arg>
<arg>database</arg>
<status status="PASS" start="2025-05-28T11:28:28.932185" elapsed="0.002436"/>
</kw>
<kw name="Get Config" owner="ConfigReader">
<msg time="2025-05-28T11:28:28.936359" level="INFO">${DBName} = users_csx</msg>
<var>${DBName}</var>
<arg>name</arg>
<arg>database</arg>
<status status="PASS" start="2025-05-28T11:28:28.935209" elapsed="0.001578"/>
</kw>
<kw name="Get Config" owner="ConfigReader">
<msg time="2025-05-28T11:28:28.938538" level="INFO">${DBPass} = ""</msg>
<var>${DBPass}</var>
<arg>password</arg>
<arg>database</arg>
<status status="PASS" start="2025-05-28T11:28:28.937247" elapsed="0.001732"/>
</kw>
<kw name="Get Config" owner="ConfigReader">
<msg time="2025-05-28T11:28:28.940563" level="INFO">${DBPort} = 5432</msg>
<var>${DBPort}</var>
<arg>port</arg>
<arg>database</arg>
<status status="PASS" start="2025-05-28T11:28:28.939426" elapsed="0.001612"/>
</kw>
<kw name="Get Config" owner="ConfigReader">
<msg time="2025-05-28T11:28:28.942586" level="INFO">${DBUser} = postgres</msg>
<var>${DBUser}</var>
<arg>user</arg>
<arg>database</arg>
<status status="PASS" start="2025-05-28T11:28:28.941561" elapsed="0.001397"/>
</kw>
<kw name="Connect To Database" owner="DatabaseLibrary">
<msg time="2025-05-28T11:28:28.944888" level="INFO">Looking for configuration file: 'resources\db.cfg'</msg>
<msg time="2025-05-28T11:28:28.945713" level="INFO">Configuration file doesn't exist</msg>
<msg time="2025-05-28T11:28:28.946458" level="INFO">Connect to DB using : psycopg2.connect(database='users_csx', user='postgres', password=***, host='localhost', port=5432)</msg>
<arg>psycopg2</arg>
<arg>${DBName}</arg>
<arg>${DBUser}</arg>
<arg>${DBPass}</arg>
<arg>${DBHost}</arg>
<arg>${DBPort}</arg>
<doc>Creates a database connection using the DB API 2.0 ``db_module`` and the parameters provided.
Along with listed commonly used arguments (`db_name`, `db_host` etc.)
you can set any other DB module specific parameters as key/value pairs.</doc>
<status status="PASS" start="2025-05-28T11:28:28.943474" elapsed="0.021000"/>
</kw>
<status status="PASS" start="2025-05-28T11:28:28.931154" elapsed="0.033762"/>
</kw>
<kw name="Check Open Sessions" owner="db">
<kw name="Query" owner="DatabaseLibrary">
<msg time="2025-05-28T11:28:28.967119" level="INFO" html="true">Executing sql:&lt;br&gt;&lt;code style="font-weight: bold;"&gt;SELECT COUNT(*) FROM usersessions WHERE status IS NOT NULL;&lt;/code&gt;</msg>
<msg time="2025-05-28T11:28:28.971488" level="INFO">Commit the transaction</msg>
<msg time="2025-05-28T11:28:28.973245" level="INFO" html="true">&lt;div style="max-width: 100%; overflow-x: auto;"&gt;&lt;table style="width: auto; border-collapse: collapse; border: 2px solid rgb(140 140 140)"&gt;&lt;caption style="text-align: left; font-weight: bold; padding: 5px;"&gt;Query returned 1 rows&lt;/caption&gt;&lt;tr&gt;&lt;th scope="col" style="color:black; background-color: #d6ecd4; border: 1px solid rgb(160 160 160);padding: 8px 10px;text-align: center;"&gt;Row&lt;/th&gt;&lt;th scope="col" style="background-color: #505050; color: #fff;border: 1px solid rgb(160 160 160);padding: 8px 10px;text-align: center;"&gt;count&lt;/th&gt;&lt;/tr&gt;&lt;tr style="background-color: var(--secondary-color, #eee)"&gt;&lt;th scope="row" style="color:black; background-color: #d6ecd4;border: 1px solid rgb(160 160 160);padding: 8px 10px;text-align: center;"&gt;0&lt;/th&gt;&lt;td style="border: 1px solid rgb(160 160 160);padding: 8px 10px;text-align: center;"&gt;0&lt;/td&gt;&lt;/tr&gt;&lt;/table&gt;&lt;/div&gt;</msg>
<msg time="2025-05-28T11:28:28.974040" level="INFO">${query} = [(0,)]</msg>
<var>${query}</var>
<arg>SELECT COUNT(*) FROM usersessions WHERE status IS NOT NULL;</arg>
<doc>Runs a query with the ``select_statement`` and returns the result as list of rows.
The type of row values depends on the database module -
usually they are tuples or tuple-like objects.</doc>
<status status="PASS" start="2025-05-28T11:28:28.966413" elapsed="0.008218"/>
</kw>
<kw name="Set Variable" owner="BuiltIn">
<msg time="2025-05-28T11:28:28.978307" level="INFO">${count} = 0</msg>
<var>${count}</var>
<arg>${query[0][0]}</arg>
<doc>Returns the given values which can then be assigned to a variables.</doc>
<status status="PASS" start="2025-05-28T11:28:28.975125" elapsed="0.003910"/>
</kw>
<if>
<branch type="IF" condition="${count} &gt; 0">
<kw name="Close Open Sessions" owner="db">
<status status="NOT RUN" start="2025-05-28T11:28:28.981636" elapsed="0.000628"/>
</kw>
<status status="NOT RUN" start="2025-05-28T11:28:28.979461" elapsed="0.003054"/>
</branch>
<status status="PASS" start="2025-05-28T11:28:28.979398" elapsed="0.003240"/>
</if>
<status status="PASS" start="2025-05-28T11:28:28.965439" elapsed="0.017328"/>
</kw>
<status status="PASS" start="2025-05-28T11:28:28.809963" elapsed="0.173065"/>
</kw>
<test id="s1-s1-s2-s1-t1" name="Log Off At Any Time" line="16">
<kw name="Open Login Page" owner="browser">
<kw name="Open Url" owner="browser">
<kw name="New Context" owner="Browser">
<msg time="2025-05-28T11:28:28.997604" level="INFO">{
  "acceptDownloads": true,
  "bypassCSP": false,
  "forcedColors": "none",
  "ignoreHTTPSErrors": false,
  "javaScriptEnabled": true,
  "offline": false,
  "reducedMotion": "no-preference",
  "serviceWorkers": "allow",
  "viewport": {
    "width": 1280,
    "height": 720
  }
}</msg>
<msg time="2025-05-28T11:28:29.012014" level="INFO">Successfully created context. </msg>
<msg time="2025-05-28T11:28:29.012879" level="INFO">{'acceptDownloads': True, 'bypassCSP': False, 'forcedColors': 'none', 'ignoreHTTPSErrors': False, 'javaScriptEnabled': True, 'offline': False, 'reducedMotion': 'no-preference', 'serviceWorkers': 'allow', 'viewport': {'width': 1280, 'height': 720}}</msg>
<tag>BrowserControl</tag>
<tag>Setter</tag>
<doc>Create a new BrowserContext with specified options.</doc>
<status status="PASS" start="2025-05-28T11:28:28.991848" elapsed="0.021827"/>
</kw>
<kw name="New Page" owner="Browser">
<msg time="2025-05-28T11:28:29.502968" level="INFO">Successfully initialized new page object and opened url: http://127.0.0.1.nip.io/</msg>
<arg>${url}</arg>
<tag>BrowserControl</tag>
<tag>Setter</tag>
<doc>Open a new Page.</doc>
<status status="PASS" start="2025-05-28T11:28:29.014173" elapsed="0.489494"/>
</kw>
<kw name="Set Viewport Size" owner="Browser">
<msg time="2025-05-28T11:28:29.521696" level="INFO">Set viewport size to: [object Object]</msg>
<arg>1920</arg>
<arg>1080</arg>
<tag>BrowserControl</tag>
<tag>Setter</tag>
<doc>Sets current Pages viewport size to specified dimensions.</doc>
<status status="PASS" start="2025-05-28T11:28:29.504067" elapsed="0.018557"/>
</kw>
<arg>${LOGIN_URL}</arg>
<status status="PASS" start="2025-05-28T11:28:28.990724" elapsed="0.532256"/>
</kw>
<kw name="Login Page Should Be Loaded" owner="browser">
<kw name="Wait For Elements State" owner="Browser">
<msg time="2025-05-28T11:28:29.566984" level="INFO">Waited for Element with selector div.login-pf-page at state visible</msg>
<arg>${LOGIN_PAGE_ELEMENT}</arg>
<arg>visible</arg>
<tag>PageContent</tag>
<tag>Wait</tag>
<doc>Waits for the element found by ``selector`` to satisfy state option.</doc>
<status status="PASS" start="2025-05-28T11:28:29.524560" elapsed="0.042958"/>
</kw>
<kw name="Expected Title" owner="browser">
<kw name="Get Title" owner="Browser">
<msg time="2025-05-28T11:28:29.576512" level="INFO">Title: 'Sign in to CSX CoreSystem'</msg>
<msg time="2025-05-28T11:28:29.577114" level="INFO">${title} = Sign in to CSX CoreSystem</msg>
<var>${title}</var>
<tag>Assertion</tag>
<tag>Getter</tag>
<tag>PageContent</tag>
<doc>Returns the title of the current page.</doc>
<status status="PASS" start="2025-05-28T11:28:29.569407" elapsed="0.008258"/>
</kw>
<kw name="Should Be Equal" owner="BuiltIn">
<arg>${title}</arg>
<arg>${expected_title}</arg>
<doc>Fails if the given objects are unequal.</doc>
<status status="PASS" start="2025-05-28T11:28:29.578171" elapsed="0.001230"/>
</kw>
<arg>${expected_title}</arg>
<status status="PASS" start="2025-05-28T11:28:29.567916" elapsed="0.011730"/>
</kw>
<arg>${LOGIN_TITLE}</arg>
<status status="PASS" start="2025-05-28T11:28:29.523331" elapsed="0.056833"/>
</kw>
<arg>${LOGIN_URL}</arg>
<status status="PASS" start="2025-05-28T11:28:28.989305" elapsed="0.591212"/>
</kw>
<kw name="Input Login Valid Credentials" owner="browser">
<kw name="Input Username Login/Logoff" owner="browser">
<kw name="Wait For Elements State" owner="Browser">
<msg time="2025-05-28T11:28:29.594028" level="INFO">Waited for Element with selector input[name="username"] at state visible</msg>
<arg>${INPUT_LOGIN_USERNAME}</arg>
<arg>visible</arg>
<tag>PageContent</tag>
<tag>Wait</tag>
<doc>Waits for the element found by ``selector`` to satisfy state option.</doc>
<status status="PASS" start="2025-05-28T11:28:29.583235" elapsed="0.011824"/>
</kw>
<kw name="Click" owner="Browser">
<msg time="2025-05-28T11:28:29.598357" level="INFO">Clicks the element 'input[name="username"]'.</msg>
<arg>${INPUT_LOGIN_USERNAME}</arg>
<tag>PageContent</tag>
<tag>Setter</tag>
<doc>Simulates mouse click on the element found by ``selector``.</doc>
<status status="PASS" start="2025-05-28T11:28:29.595405" elapsed="0.030526"/>
</kw>
<kw name="Fill Text" owner="Browser">
<msg time="2025-05-28T11:28:29.628899" level="INFO">Fills the text '' in the given field.</msg>
<arg>${INPUT_LOGIN_USERNAME}</arg>
<arg>${EMPTY}</arg>
<tag>PageContent</tag>
<tag>Setter</tag>
<doc>Clears and fills the given ``txt`` into the text field found by ``selector``.</doc>
<status status="PASS" start="2025-05-28T11:28:29.626501" elapsed="0.017012"/>
</kw>
<kw name="Fill Text" owner="Browser">
<msg time="2025-05-28T11:28:29.646670" level="INFO">Fills the text 'supervisor' in the given field.</msg>
<arg>${INPUT_LOGIN_USERNAME}</arg>
<arg>${username}</arg>
<tag>PageContent</tag>
<tag>Setter</tag>
<doc>Clears and fills the given ``txt`` into the text field found by ``selector``.</doc>
<status status="PASS" start="2025-05-28T11:28:29.643908" elapsed="0.022201"/>
</kw>
<arg>${username}</arg>
<status status="PASS" start="2025-05-28T11:28:29.582252" elapsed="0.084283"/>
</kw>
<kw name="Input Password Login/Logoff" owner="browser">
<kw name="Wait For Elements State" owner="Browser">
<msg time="2025-05-28T11:28:29.680843" level="INFO">Waited for Element with selector input[name="password"] at state visible</msg>
<arg>${INPUT_LOGIN_PASSWORD}</arg>
<arg>visible</arg>
<tag>PageContent</tag>
<tag>Wait</tag>
<doc>Waits for the element found by ``selector`` to satisfy state option.</doc>
<status status="PASS" start="2025-05-28T11:28:29.668465" elapsed="0.013665"/>
</kw>
<kw name="Click" owner="Browser">
<msg time="2025-05-28T11:28:29.684826" level="INFO">Clicks the element 'input[name="password"]'.</msg>
<arg>${INPUT_LOGIN_PASSWORD}</arg>
<tag>PageContent</tag>
<tag>Setter</tag>
<doc>Simulates mouse click on the element found by ``selector``.</doc>
[...]
</kw>
<kw name="Get Selector For IX-SELECT-ITEM_ROLE" owner="variables">
<kw name="Set Variable" owner="BuiltIn">
<msg time="2025-05-28T11:29:02.975953" level="INFO">${selector} = ix-select-item[ng-reflect-value="Chief Dispatcher"]</msg>
<var>${selector}</var>
<arg>ix-select-item[ng-reflect-value="${role}"]</arg>
<doc>Returns the given values which can then be assigned to a variables.</doc>
<status status="PASS" start="2025-05-28T11:29:02.975420" elapsed="0.000796"/>
</kw>
<return>
<value>${selector}</value>
<status status="PASS" start="2025-05-28T11:29:02.976381" elapsed="0.000468"/>
</return>
<msg time="2025-05-28T11:29:02.977040" level="INFO">${IXL-SELECT-ITEM_ROLE} = ix-select-item[ng-reflect-value="Chief Dispatcher"]</msg>
<var>${IXL-SELECT-ITEM_ROLE}</var>
<arg>${role}</arg>
<status status="PASS" start="2025-05-28T11:29:02.974593" elapsed="0.002671"/>
</kw>
<kw name="Wait For Elements State" owner="Browser">
<msg time="2025-05-28T11:29:02.986808" level="INFO">Waited for Element with selector ix-select-item[ng-reflect-value="Chief Dispatcher"] at state visible</msg>
<arg>${IXL-SELECT-ITEM_ROLE}</arg>
<arg>visible</arg>
<tag>PageContent</tag>
<tag>Wait</tag>
<doc>Waits for the element found by ``selector`` to satisfy state option.</doc>
<status status="PASS" start="2025-05-28T11:29:02.977495" elapsed="0.010010"/>
</kw>
<kw name="Click" owner="Browser">
<msg time="2025-05-28T11:29:02.989387" level="INFO">Clicks the element 'ix-select-item[ng-reflect-value="Chief Dispatcher"]'.</msg>
<arg>${IXL-SELECT-ITEM_ROLE}</arg>
<tag>PageContent</tag>
<tag>Setter</tag>
<doc>Simulates mouse click on the element found by ``selector``.</doc>
<status status="PASS" start="2025-05-28T11:29:02.987888" elapsed="0.042741"/>
</kw>
<arg>${role}</arg>
<status status="PASS" start="2025-05-28T11:29:02.905610" elapsed="0.125256"/>
</kw>
<kw name="Select A Position" owner="browser">
<kw name="Wait For Elements State" owner="Browser">
<msg time="2025-05-28T11:29:03.040253" level="INFO">Waited for Element with selector ix-select &gt;&gt; nth=1 at state visible</msg>
<arg>${IX-SELECT_POSITION}</arg>
<tag>PageContent</tag>
<tag>Wait</tag>
<doc>Waits for the element found by ``selector`` to satisfy state option.</doc>
<status status="PASS" start="2025-05-28T11:29:03.032010" elapsed="0.008661"/>
</kw>
<kw name="Click" owner="Browser">
<msg time="2025-05-28T11:29:03.042729" level="INFO">Clicks the element 'ix-select &gt;&gt; nth=1'.</msg>
<arg>${IX-SELECT_POSITION}</arg>
<tag>PageContent</tag>
<tag>Setter</tag>
<doc>Simulates mouse click on the element found by ``selector``.</doc>
<status status="PASS" start="2025-05-28T11:29:03.041007" elapsed="0.054271"/>
</kw>
<kw name="Get Selector For IX-SELECT-ITEM_POSITION" owner="variables">
<kw name="Set Variable" owner="BuiltIn">
<msg time="2025-05-28T11:29:03.097693" level="INFO">${selector} = ix-select-item[ng-reflect-value="Florence"]</msg>
<var>${selector}</var>
<arg>ix-select-item[ng-reflect-value="${position}"]</arg>
<doc>Returns the given values which can then be assigned to a variables.</doc>
<status status="PASS" start="2025-05-28T11:29:03.096953" elapsed="0.001049"/>
</kw>
<return>
<value>${selector}</value>
<status status="PASS" start="2025-05-28T11:29:03.098197" elapsed="0.000519"/>
</return>
<msg time="2025-05-28T11:29:03.098995" level="INFO">${IXL-SELECT-ITEM_POSITION} = ix-select-item[ng-reflect-value="Florence"]</msg>
<var>${IXL-SELECT-ITEM_POSITION}</var>
<arg>${position}</arg>
<status status="PASS" start="2025-05-28T11:29:03.095655" elapsed="0.003645"/>
</kw>
<kw name="Wait For Elements State" owner="Browser">
<msg time="2025-05-28T11:29:03.111803" level="INFO">Waited for Element with selector ix-select-item[ng-reflect-value="Florence"] at state visible</msg>
<arg>${IXL-SELECT-ITEM_POSITION}</arg>
<arg>visible</arg>
<tag>PageContent</tag>
<tag>Wait</tag>
<doc>Waits for the element found by ``selector`` to satisfy state option.</doc>
<status status="PASS" start="2025-05-28T11:29:03.099750" elapsed="0.013004"/>
</kw>
<kw name="Click" owner="Browser">
<msg time="2025-05-28T11:29:03.114880" level="INFO">Clicks the element 'ix-select-item[ng-reflect-value="Florence"]'.</msg>
<arg>${IXL-SELECT-ITEM_POSITION}</arg>
<tag>PageContent</tag>
<tag>Setter</tag>
<doc>Simulates mouse click on the element found by ``selector``.</doc>
<status status="PASS" start="2025-05-28T11:29:03.113199" elapsed="0.067126"/>
</kw>
<arg>${position}</arg>
<status status="PASS" start="2025-05-28T11:29:03.031105" elapsed="0.149703"/>
</kw>
<kw name="Run Keyword If" owner="BuiltIn">
<arg>${HOS} == True</arg>
<arg>Set Hour Of Service</arg>
<doc>Runs the given keyword with the given arguments, if ``condition`` is true.</doc>
<status status="PASS" start="2025-05-28T11:29:03.181048" elapsed="0.001007"/>
</kw>
<kw name="Start Session" owner="browser">
<kw name="Wait For Elements State" owner="Browser">
<msg time="2025-05-28T11:29:03.194328" level="INFO">Waited for Element with selector text="Start session" at state visible</msg>
<arg>${START_SESSION_BUTTON}</arg>
<arg>visible</arg>
<tag>PageContent</tag>
<tag>Wait</tag>
<doc>Waits for the element found by ``selector`` to satisfy state option.</doc>
<status status="PASS" start="2025-05-28T11:29:03.183356" elapsed="0.011433"/>
</kw>
<kw name="Click" owner="Browser">
<msg time="2025-05-28T11:29:03.196980" level="INFO">Clicks the element 'text="Start session"'.</msg>
<arg>${START_SESSION_BUTTON}</arg>
<tag>PageContent</tag>
<tag>Setter</tag>
<doc>Simulates mouse click on the element found by ``selector``.</doc>
<status status="PASS" start="2025-05-28T11:29:03.195078" elapsed="0.047704"/>
</kw>
<status status="PASS" start="2025-05-28T11:29:03.182538" elapsed="0.060623"/>
</kw>
<kw name="Main Page Should Be Open" owner="browser">
<kw name="Wait For Elements State" owner="Browser">
<msg time="2025-05-28T11:29:03.256109" level="INFO">Waited for Element with selector gridster-item#DashBoard_mainCanvas at state visible</msg>
<arg>${MAIN_PAGE_ELEMENT}</arg>
<arg>visible</arg>
<tag>PageContent</tag>
<tag>Wait</tag>
<doc>Waits for the element found by ``selector`` to satisfy state option.</doc>
<status status="PASS" start="2025-05-28T11:29:03.244602" elapsed="0.011997"/>
</kw>
<kw name="Expected Title" owner="browser">
<kw name="Get Title" owner="Browser">
<msg time="2025-05-28T11:29:03.262896" level="INFO">Title: 'Core System'</msg>
<msg time="2025-05-28T11:29:03.263313" level="INFO">${title} = Core System</msg>
<var>${title}</var>
<tag>Assertion</tag>
<tag>Getter</tag>
<tag>PageContent</tag>
<doc>Returns the title of the current page.</doc>
<status status="PASS" start="2025-05-28T11:29:03.257822" elapsed="0.005925"/>
</kw>
<kw name="Should Be Equal" owner="BuiltIn">
<arg>${title}</arg>
<arg>${expected_title}</arg>
<doc>Fails if the given objects are unequal.</doc>
<status status="PASS" start="2025-05-28T11:29:03.264236" elapsed="0.000958"/>
</kw>
<arg>${expected_title}</arg>
<status status="PASS" start="2025-05-28T11:29:03.256914" elapsed="0.008562"/>
</kw>
<arg>${MAIN_TITLE}</arg>
<status status="PASS" start="2025-05-28T11:29:03.243545" elapsed="0.022106"/>
</kw>
<arg>${ROLE}</arg>
<arg>${POSITION}</arg>
<arg>${HOS}</arg>
<status status="PASS" start="2025-05-28T11:29:02.904511" elapsed="0.361319"/>
</kw>
<kw name="Cancel Logoff" owner="browser">
<kw name="Click Logoff Button" owner="browser">
<kw name="Wait For Elements State" owner="Browser">
<msg time="2025-05-28T11:29:03.415832" level="INFO">Waited for Element with selector ix-menu-item[label="Logout"] at state visible</msg>
<arg>${LOGOFF_BUTTON}</arg>
<arg>visible</arg>
<tag>PageContent</tag>
<tag>Wait</tag>
<doc>Waits for the element found by ``selector`` to satisfy state option.</doc>
<status status="PASS" start="2025-05-28T11:29:03.268303" elapsed="0.148182"/>
</kw>
<kw name="Click" owner="Browser">
<msg time="2025-05-28T11:29:03.418982" level="INFO">Clicks the element 'ix-menu-item[label="Logout"]'.</msg>
<arg>${LOGOFF_BUTTON}</arg>
<tag>PageContent</tag>
<tag>Setter</tag>
<doc>Simulates mouse click on the element found by ``selector``.</doc>
<status status="PASS" start="2025-05-28T11:29:03.416819" elapsed="0.076248"/>
</kw>
<status status="PASS" start="2025-05-28T11:29:03.267529" elapsed="0.225784"/>
</kw>
<kw name="Run Keyword If" owner="BuiltIn">
<kw name="Cancel Logoff Window Mode" owner="browser">
<kw name="Click Cancel Logoff Window Button" owner="browser">
<kw name="Wait For Elements State" owner="Browser">
<msg time="2025-05-28T11:29:04.441472" level="INFO">Waited for Element with selector text=" Cancel" at state visible</msg>
<arg>${LOGOUT_CANCEL}</arg>
<arg>visible</arg>
<tag>PageContent</tag>
<tag>Wait</tag>
<doc>Waits for the element found by ``selector`` to satisfy state option.</doc>
<status status="PASS" start="2025-05-28T11:29:03.497185" elapsed="0.944735"/>
</kw>
<kw name="Click" owner="Browser">
<msg time="2025-05-28T11:29:04.444173" level="INFO">Clicks the element 'text=" Cancel"'.</msg>
<arg>${LOGOUT_CANCEL}</arg>
<tag>PageContent</tag>
<tag>Setter</tag>
<doc>Simulates mouse click on the element found by ``selector``.</doc>
<status status="PASS" start="2025-05-28T11:29:04.442225" elapsed="1.723791"/>
</kw>
<status status="PASS" start="2025-05-28T11:29:03.496356" elapsed="2.670146"/>
</kw>
<kw name="Main Page Should Be Open" owner="browser">
<kw name="Wait For Elements State" owner="Browser">
<msg time="2025-05-28T11:29:06.196517" level="INFO">Waited for Element with selector gridster-item#DashBoard_mainCanvas at state visible</msg>
<arg>${MAIN_PAGE_ELEMENT}</arg>
<arg>visible</arg>
<tag>PageContent</tag>
<tag>Wait</tag>
<doc>Waits for the element found by ``selector`` to satisfy state option.</doc>
<status status="PASS" start="2025-05-28T11:29:06.168548" elapsed="0.028842"/>
</kw>
<kw name="Expected Title" owner="browser">
<kw name="Get Title" owner="Browser">
<msg time="2025-05-28T11:29:06.209858" level="INFO">Title: 'Core System'</msg>
<msg time="2025-05-28T11:29:06.210670" level="INFO">${title} = Core System</msg>
<var>${title}</var>
<tag>Assertion</tag>
<tag>Getter</tag>
<tag>PageContent</tag>
<doc>Returns the title of the current page.</doc>
<status status="PASS" start="2025-05-28T11:29:06.199382" elapsed="0.011723"/>
</kw>
<kw name="Should Be Equal" owner="BuiltIn">
<arg>${title}</arg>
<arg>${expected_title}</arg>
<doc>Fails if the given objects are unequal.</doc>
<status status="PASS" start="2025-05-28T11:29:06.211563" elapsed="0.001051"/>
</kw>
<arg>${expected_title}</arg>
<status status="PASS" start="2025-05-28T11:29:06.198113" elapsed="0.014808"/>
</kw>
<arg>${MAIN_TITLE}</arg>
<status status="PASS" start="2025-05-28T11:29:06.166925" elapsed="0.046259"/>
</kw>
<status status="PASS" start="2025-05-28T11:29:03.495332" elapsed="2.718192"/>
</kw>
<arg>${HOS} == False and ${Mode} == "Cancel Logoff Window"</arg>
<arg>Cancel Logoff Window Mode</arg>
<arg>ELSE IF</arg>
<arg>${HOS} == False and ${Mode} == "Close Logoff Window"</arg>
<arg>close Logoff Window Mode</arg>
<arg>ELSE IF</arg>
<arg>${HOS} == True and ${Mode} == "Incorrect Password Logoff HOS"</arg>
<arg>Incorrect Password Logoff HOS</arg>
<arg>ELSE IF</arg>
<arg>${HOS} == True and ${Mode} == "Close HOS Logoff Window"</arg>
<arg>Close HOS Logoff Window Mode</arg>
<arg>ELSE</arg>
<arg>Cancel Logoff Window Mode</arg>
<doc>Runs the given keyword with the given arguments, if ``condition`` is true.</doc>
<status status="PASS" start="2025-05-28T11:29:03.493797" elapsed="2.719941"/>
</kw>
<arg>${HOS}</arg>
<arg>Mode="Cancel Logoff Window"</arg>
<status status="PASS" start="2025-05-28T11:29:03.266472" elapsed="2.947558"/>
</kw>
<kw name="Cancel Logoff" owner="browser">
<kw name="Click Logoff Button" owner="browser">
<kw name="Wait For Elements State" owner="Browser">
<msg time="2025-05-28T11:29:06.228836" level="INFO">Waited for Element with selector ix-menu-item[label="Logout"] at state visible</msg>
<arg>${LOGOFF_BUTTON}</arg>
<arg>visible</arg>
<tag>PageContent</tag>
<tag>Wait</tag>
<doc>Waits for the element found by ``selector`` to satisfy state option.</doc>
<status status="PASS" start="2025-05-28T11:29:06.216580" elapsed="0.013175"/>
</kw>
<kw name="Click" owner="Browser">
<msg time="2025-05-28T11:29:06.232876" level="INFO">Clicks the element 'ix-menu-item[label="Logout"]'.</msg>
<arg>${LOGOFF_BUTTON}</arg>
<tag>PageContent</tag>
<tag>Setter</tag>
<doc>Simulates mouse click on the element found by ``selector``.</doc>
<status status="PASS" start="2025-05-28T11:29:06.230253" elapsed="0.436054"/>
</kw>
<status status="PASS" start="2025-05-28T11:29:06.215758" elapsed="0.451166"/>
</kw>
<kw name="Run Keyword If" owner="BuiltIn">
<kw name="Close Logoff Window Mode" owner="browser">
<kw name="Click Close Logoff Window Button" owner="browser">
<kw name="Wait For Elements State" owner="Browser">
<msg time="2025-05-28T11:29:06.766120" level="INFO">Waited for Element with selector ix-modal-header[ng-reflect-icon="log-out"] &gt;&gt; button[aria-label="Close"] at state visible</msg>
<arg>${CLOSE_BUTTON_LOGOFF_WINDOW}</arg>
<arg>visible</arg>
<tag>PageContent</tag>
<tag>Wait</tag>
<doc>Waits for the element found by ``selector`` to satisfy state option.</doc>
<status status="PASS" start="2025-05-28T11:29:06.671711" elapsed="0.095279"/>
</kw>
<kw name="Click" owner="Browser">
<msg time="2025-05-28T11:29:06.770862" level="INFO">Clicks the element 'ix-modal-header[ng-reflect-icon="log-out"] &gt;&gt; button[aria-label="Close"]'.</msg>
<arg>${CLOSE_BUTTON_LOGOFF_WINDOW}</arg>
<tag>PageContent</tag>
<tag>Setter</tag>
<doc>Simulates mouse click on the element found by ``selector``.</doc>
<status status="PASS" start="2025-05-28T11:29:06.767585" elapsed="0.503498"/>
</kw>
<status status="PASS" start="2025-05-28T11:29:06.670894" elapsed="0.600556"/>
</kw>
<kw name="Main Page Should Be Open" owner="browser">
<kw name="Wait For Elements State" owner="Browser">
<msg time="2025-05-28T11:29:07.283863" level="INFO">Waited for Element with selector gridster-item#DashBoard_mainCanvas at state visible</msg>
<arg>${MAIN_PAGE_ELEMENT}</arg>
<arg>visible</arg>
<tag>PageContent</tag>
<tag>Wait</tag>
<doc>Waits for the element found by ``selector`` to satisfy state option.</doc>
<status status="PASS" start="2025-05-28T11:29:07.272899" elapsed="0.012191"/>
</kw>
<kw name="Expected Title" owner="browser">
<kw name="Get Title" owner="Browser">
<msg time="2025-05-28T11:29:07.292886" level="INFO">Title: 'Core System'</msg>
<msg time="2025-05-28T11:29:07.293801" level="INFO">${title} = Core System</msg>
<var>${title}</var>
<tag>Assertion</tag>
<tag>Getter</tag>
<tag>PageContent</tag>
<doc>Returns the title of the current page.</doc>
<status status="PASS" start="2025-05-28T11:29:07.286786" elapsed="0.007584"/>
</kw>
<kw name="Should Be Equal" owner="BuiltIn">
<arg>${title}</arg>
<arg>${expected_title}</arg>
<doc>Fails if the given objects are unequal.</doc>
<status status="PASS" start="2025-05-28T11:29:07.294904" elapsed="0.001218"/>
</kw>
<arg>${expected_title}</arg>
<status status="PASS" start="2025-05-28T11:29:07.285606" elapsed="0.010838"/>
</kw>
<arg>${MAIN_TITLE}</arg>
<status status="PASS" start="2025-05-28T11:29:07.271798" elapsed="0.024836"/>
</kw>
<status status="PASS" start="2025-05-28T11:29:06.670183" elapsed="0.626590"/>
</kw>
<arg>${HOS} == False and ${Mode} == "Cancel Logoff Window"</arg>
<arg>Cancel Logoff Window Mode</arg>
<arg>ELSE IF</arg>
<arg>${HOS} == False and ${Mode} == "Close Logoff Window"</arg>
<arg>close Logoff Window Mode</arg>
<arg>ELSE IF</arg>
<arg>${HOS} == True and ${Mode} == "Incorrect Password Logoff HOS"</arg>
<arg>Incorrect Password Logoff HOS</arg>
<arg>ELSE IF</arg>
<arg>${HOS} == True and ${Mode} == "Close HOS Logoff Window"</arg>
<arg>Close HOS Logoff Window Mode</arg>
<arg>ELSE</arg>
<arg>Cancel Logoff Window Mode</arg>
<doc>Runs the given keyword with the given arguments, if ``condition`` is true.</doc>
<status status="PASS" start="2025-05-28T11:29:06.667330" elapsed="0.629582"/>
</kw>
<arg>${HOS}</arg>
<arg>Mode="Close Logoff Window"</arg>
<status status="PASS" start="2025-05-28T11:29:06.214662" elapsed="1.082525"/>
</kw>
<msg time="2025-05-28T11:29:07.320396" level="INFO">Switching context to context=9c74dbb7-b32b-469b-8ba4-f6e97846ebb9 in CURRENT</msg>
<msg time="2025-05-28T11:29:07.333899" level="INFO">Successfully changed active context: context=9c74dbb7-b32b-469b-8ba4-f6e97846ebb9</msg>
<msg time="2025-05-28T11:29:07.356776" level="INFO">Successfully closed Context</msg>
<status status="PASS" start="2025-05-28T11:28:59.427014" elapsed="7.870821"/>
</test>
<kw name="Closing Test" owner="initialConfiguration" type="TEARDOWN">
<kw name="Disconnect Users BBDD" owner="db">
<kw name="Execute Sql String" owner="DatabaseLibrary">
<msg time="2025-05-28T11:29:07.365339" level="INFO" html="true">Executing sql:&lt;br&gt;&lt;code style="font-weight: bold;"&gt;DELETE FROM usersessions;&lt;/code&gt;</msg>
<msg time="2025-05-28T11:29:07.369544" level="INFO">Commit the transaction</msg>
<arg>DELETE FROM usersessions;</arg>
<doc>Executes the ``sql_string`` as a single SQL command.</doc>
<status status="PASS" start="2025-05-28T11:29:07.364504" elapsed="0.014323"/>
</kw>
<kw name="Disconnect From Database" owner="DatabaseLibrary">
<doc>Disconnects from the database.</doc>
<status status="PASS" start="2025-05-28T11:29:07.379263" elapsed="0.001103"/>
</kw>
<status status="PASS" start="2025-05-28T11:29:07.363590" elapsed="0.017333"/>
</kw>
<kw name="Close Browser" owner="Browser">
<msg time="2025-05-28T11:29:07.487074" level="INFO">Closed browser</msg>
<tag>BrowserControl</tag>
<tag>Setter</tag>
<doc>Closes the current browser.</doc>
<status status="PASS" start="2025-05-28T11:29:07.381504" elapsed="0.106404"/>
</kw>
<kw name="Log To Console" owner="BuiltIn">
<arg>Test finalizado</arg>
<doc>Logs the given message to the console.</doc>
<status status="PASS" start="2025-05-28T11:29:07.488405" elapsed="0.001147"/>
</kw>
<status status="PASS" start="2025-05-28T11:29:07.362289" elapsed="0.127547"/>
</kw>
<doc>Verify that the user is able to cancel the logoff process</doc>
<meta name="Version">1.0</meta>
<status status="PASS" start="2025-05-28T11:28:59.248242" elapsed="8.241784"/>
</suite>
<status status="PASS" start="2025-05-28T11:28:28.777467" elapsed="38.772512"/>
</suite>
<status status="PASS" start="2025-05-28T11:28:17.115023" elapsed="50.437372"/>
</suite>
<status status="PASS" start="2025-05-28T11:28:17.070060" elapsed="50.484715"/>
</suite>
<statistics>
<total>
<stat pass="6" fail="0" skip="0">All Tests</stat>
</total>
<tag>
</tag>
<suite>
<stat name="Richard-RobotFrameworkTestProject" id="s1" pass="6" fail="0" skip="0">Richard-RobotFrameworkTestProject</stat>
<stat name="Tests" id="s1-s1" pass="6" fail="0" skip="0">Richard-RobotFrameworkTestProject.Tests</stat>
<stat name="1.5.2 User logon" id="s1-s1-s1" pass="3" fail="0" skip="0">Richard-RobotFrameworkTestProject.Tests.1.5.2 User logon</stat>
<stat name="CR9K-266260" id="s1-s1-s1-s1" pass="1" fail="0" skip="0">Richard-RobotFrameworkTestProject.Tests.1.5.2 User logon.CR9K-266260</stat>
<stat name="CR9K-266262" id="s1-s1-s1-s2" pass="1" fail="0" skip="0">Richard-RobotFrameworkTestProject.Tests.1.5.2 User logon.CR9K-266262</stat>
<stat name="CR9K-266270" id="s1-s1-s1-s3" pass="1" fail="0" skip="0">Richard-RobotFrameworkTestProject.Tests.1.5.2 User logon.CR9K-266270</stat>
<stat name="1.5.3 User logoff" id="s1-s1-s2" pass="3" fail="0" skip="0">Richard-RobotFrameworkTestProject.Tests.1.5.3 User logoff</stat>
<stat name="CR9K-266271" id="s1-s1-s2-s1" pass="1" fail="0" skip="0">Richard-RobotFrameworkTestProject.Tests.1.5.3 User logoff.CR9K-266271</stat>
<stat name="CR9K-266303" id="s1-s1-s2-s2" pass="1" fail="0" skip="0">Richard-RobotFrameworkTestProject.Tests.1.5.3 User logoff.CR9K-266303</stat>
<stat name="CR9K-266318" id="s1-s1-s2-s3" pass="1" fail="0" skip="0">Richard-RobotFrameworkTestProject.Tests.1.5.3 User logoff.CR9K-266318</stat>
</suite>
</statistics>
<errors>
</errors>
</robot>
