<?xml version="1.0" encoding="UTF-8"?>
<robot generator="Robot 7.2.2 (Python 3.13.3 on win32)" generated="2025-05-23T11:54:51.974360" rpa="false" schemaversion="5">
<suite id="s1" name="Richard-RobotFrameworkTestProject" source="D:\Rail9000\RobotFramework\Richard-RobotFrameworkTestProject">
<suite id="s1-s1" name="Tests" source="D:\Rail9000\RobotFramework\Richard-RobotFrameworkTestProject\Tests">
<suite id="s1-s1-s1" name="1.5.3 User logoff" source="D:\Rail9000\RobotFramework\Richard-RobotFrameworkTestProject\Tests\1.5.3 User logoff">
<suite id="s1-s1-s1-s1" name="CR9K-266303" source="D:\Rail9000\RobotFramework\Richard-RobotFrameworkTestProject\Tests\1.5.3 User logoff\CR9K-266303.robot">
<kw name="Set initial configuration" owner="initialConfiguration" type="SETUP">
<kw name="New Browser" owner="Browser">
<msg time="2025-05-23T11:54:52.433615" level="INFO">{"browser": "chromium", "headless": false, "args": ["--incognito"], "chromiumSandbox": false, "devtools": false, "handleSIGHUP": true, "handleSIGINT": true, "handleSIGTERM": true, "slowMo": 500.0, "timeout": 30000.0, "tracesDir": "D:\\Rail9000\\RobotFramework\\Richard-RobotFrameworkTestProject\\results\\browser\\traces\\temp\\850ee2cd-bd22-4e7f-a5dd-395590e3b017"}</msg>
<msg time="2025-05-23T11:54:52.494950" level="INFO">Starting Browser process C:\Python313\Lib\site-packages\Browser\wrapper\index.js using at 127.0.0.1:60268</msg>
<msg time="2025-05-23T11:54:54.442012" level="INFO">Successfully created browser with options: {"browser":"chromium","headless":false,"args":["--incognito"],"chromiumSandbox":false,"devtools":false,"handleSIGHUP":true,"handleSIGINT":true,"handleSIGTERM":true,"slowMo":500,"timeout":30000,"tracesDir":"D:\\Rail9000\\RobotFramework\\Richard-RobotFrameworkTestProject\\results\\browser\\traces\\temp\\850ee2cd-bd22-4e7f-a5dd-395590e3b017"}</msg>
<arg>browser=${BROWSER}</arg>
<arg>headless=${HEADLESS}</arg>
<arg>slowMo=${SLOWMO}</arg>
<arg>args=['--incognito']</arg>
<tag>BrowserControl</tag>
<tag>Setter</tag>
<doc>Create a new playwright Browser with specified options.</doc>
<status status="PASS" start="2025-05-23T11:54:52.431155" elapsed="2.011706"/>
</kw>
<kw name="Connect Users BBDD" owner="db">
<kw name="Get Config" owner="ConfigReader">
<msg time="2025-05-23T11:54:54.447276" level="INFO">${DBHost} = localhost</msg>
<var>${DBHost}</var>
<arg>host</arg>
<arg>database</arg>
<status status="PASS" start="2025-05-23T11:54:54.445064" elapsed="0.003079"/>
</kw>
<kw name="Get Config" owner="ConfigReader">
<msg time="2025-05-23T11:54:54.451279" level="INFO">${DBName} = users_csx</msg>
<var>${DBName}</var>
<arg>name</arg>
<arg>database</arg>
<status status="PASS" start="2025-05-23T11:54:54.449067" elapsed="0.003943"/>
</kw>
<kw name="Get Config" owner="ConfigReader">
<msg time="2025-05-23T11:54:54.454577" level="INFO">${DBPass} = ""</msg>
<var>${DBPass}</var>
<arg>password</arg>
<arg>database</arg>
<status status="PASS" start="2025-05-23T11:54:54.453478" elapsed="0.001759"/>
</kw>
<kw name="Get Config" owner="ConfigReader">
<msg time="2025-05-23T11:54:54.457542" level="INFO">${DBPort} = 5432</msg>
<var>${DBPort}</var>
<arg>port</arg>
<arg>database</arg>
<status status="PASS" start="2025-05-23T11:54:54.455837" elapsed="0.002296"/>
</kw>
<kw name="Get Config" owner="ConfigReader">
<msg time="2025-05-23T11:54:54.463721" level="INFO">${DBUser} = postgres</msg>
<var>${DBUser}</var>
<arg>user</arg>
<arg>database</arg>
<status status="PASS" start="2025-05-23T11:54:54.458756" elapsed="0.007174"/>
</kw>
<kw name="Connect To Database" owner="DatabaseLibrary">
<msg time="2025-05-23T11:54:54.469450" level="INFO">Looking for configuration file: 'resources\db.cfg'</msg>
<msg time="2025-05-23T11:54:54.470579" level="INFO">Configuration file doesn't exist</msg>
<msg time="2025-05-23T11:54:54.508331" level="INFO">Connect to DB using : psycopg2.connect(database='users_csx', user='postgres', password=***, host='localhost', port=5432)</msg>
<arg>psycopg2</arg>
<arg>${DBName}</arg>
<arg>${DBUser}</arg>
<arg>${DBPass}</arg>
<arg>${DBHost}</arg>
<arg>${DBPort}</arg>
<doc>Creates a database connection using the DB API 2.0 ``db_module`` and the parameters provided.
Along with listed commonly used arguments (`db_name`, `db_host` etc.)
you can set any other DB module specific parameters as key/value pairs.</doc>
<status status="PASS" start="2025-05-23T11:54:54.467265" elapsed="0.121148"/>
</kw>
<status status="PASS" start="2025-05-23T11:54:54.443474" elapsed="0.145416"/>
</kw>
<kw name="Check Open Sessions" owner="db">
<kw name="Query" owner="DatabaseLibrary">
<msg time="2025-05-23T11:54:54.591177" level="INFO" html="true">Executing sql:&lt;br&gt;&lt;code style="font-weight: bold;"&gt;SELECT COUNT(*) FROM usersessions WHERE status IS NOT NULL;&lt;/code&gt;</msg>
<msg time="2025-05-23T11:54:54.595725" level="INFO">Commit the transaction</msg>
<msg time="2025-05-23T11:54:54.597482" level="INFO" html="true">&lt;div style="max-width: 100%; overflow-x: auto;"&gt;&lt;table style="width: auto; border-collapse: collapse; border: 2px solid rgb(140 140 140)"&gt;&lt;caption style="text-align: left; font-weight: bold; padding: 5px;"&gt;Query returned 1 rows&lt;/caption&gt;&lt;tr&gt;&lt;th scope="col" style="color:black; background-color: #d6ecd4; border: 1px solid rgb(160 160 160);padding: 8px 10px;text-align: center;"&gt;Row&lt;/th&gt;&lt;th scope="col" style="background-color: #505050; color: #fff;border: 1px solid rgb(160 160 160);padding: 8px 10px;text-align: center;"&gt;count&lt;/th&gt;&lt;/tr&gt;&lt;tr style="background-color: var(--secondary-color, #eee)"&gt;&lt;th scope="row" style="color:black; background-color: #d6ecd4;border: 1px solid rgb(160 160 160);padding: 8px 10px;text-align: center;"&gt;0&lt;/th&gt;&lt;td style="border: 1px solid rgb(160 160 160);padding: 8px 10px;text-align: center;"&gt;1&lt;/td&gt;&lt;/tr&gt;&lt;/table&gt;&lt;/div&gt;</msg>
<msg time="2025-05-23T11:54:54.598152" level="INFO">${query} = [(1,)]</msg>
<var>${query}</var>
<arg>SELECT COUNT(*) FROM usersessions WHERE status IS NOT NULL;</arg>
<doc>Runs a query with the ``select_statement`` and returns the result as list of rows.
The type of row values depends on the database module -
usually they are tuples or tuple-like objects.</doc>
<status status="PASS" start="2025-05-23T11:54:54.590406" elapsed="0.008121"/>
</kw>
<kw name="Set Variable" owner="BuiltIn">
<msg time="2025-05-23T11:54:54.601759" level="INFO">${count} = 1</msg>
<var>${count}</var>
<arg>${query[0][0]}</arg>
<doc>Returns the given values which can then be assigned to a variables.</doc>
<status status="PASS" start="2025-05-23T11:54:54.598985" elapsed="0.003342"/>
</kw>
<kw name="Log To Console" owner="BuiltIn">
<arg>Número de sesiones abiertas: ${count}</arg>
<doc>Logs the given message to the console.</doc>
<status status="PASS" start="2025-05-23T11:54:54.602867" elapsed="0.008626"/>
</kw>
<if>
<branch type="IF" condition="${count} &gt; 0">
<kw name="Close Open Sessions" owner="db">
<kw name="Log To Console" owner="BuiltIn">
<arg>Hay sesiones abiertas, se procederá a cerrarlas</arg>
<doc>Logs the given message to the console.</doc>
<status status="PASS" start="2025-05-23T11:54:54.615154" elapsed="0.000946"/>
</kw>
<kw name="Execute Sql String" owner="DatabaseLibrary">
<msg time="2025-05-23T11:54:54.617393" level="INFO" html="true">Executing sql:&lt;br&gt;&lt;code style="font-weight: bold;"&gt;DELETE FROM usersessions;&lt;/code&gt;</msg>
<msg time="2025-05-23T11:54:54.621795" level="INFO">Commit the transaction</msg>
<arg>DELETE FROM usersessions;</arg>
<doc>Executes the ``sql_string`` as a single SQL command.</doc>
<status status="PASS" start="2025-05-23T11:54:54.616608" elapsed="0.018580"/>
</kw>
<kw name="Log To Console" owner="BuiltIn">
<arg>Sesiones cerradas</arg>
<doc>Logs the given message to the console.</doc>
<status status="PASS" start="2025-05-23T11:54:54.635704" elapsed="0.001280"/>
</kw>
<status status="PASS" start="2025-05-23T11:54:54.614104" elapsed="0.023418"/>
</kw>
<status status="PASS" start="2025-05-23T11:54:54.612054" elapsed="0.025803"/>
</branch>
<branch type="ELSE">
<kw name="Log To Console" owner="BuiltIn">
<arg>No hay sesiones abiertas</arg>
<doc>Logs the given message to the console.</doc>
<status status="NOT RUN" start="2025-05-23T11:54:54.639362" elapsed="0.001031"/>
</kw>
<status status="NOT RUN" start="2025-05-23T11:54:54.638312" elapsed="0.002352"/>
</branch>
<status status="PASS" start="2025-05-23T11:54:54.611969" elapsed="0.028807"/>
</if>
<status status="PASS" start="2025-05-23T11:54:54.589427" elapsed="0.051485"/>
</kw>
<status status="PASS" start="2025-05-23T11:54:52.429597" elapsed="2.211510"/>
</kw>
<test id="s1-s1-s1-s1-t1" name="Logoff HOS user type" line="16">
<kw name="Open Login Page" owner="browser">
<kw name="Open Url" owner="browser">
<kw name="New Context" owner="Browser">
<msg time="2025-05-23T11:54:54.657628" level="INFO">{
  "acceptDownloads": true,
  "bypassCSP": false,
  "forcedColors": "none",
  "ignoreHTTPSErrors": false,
  "javaScriptEnabled": true,
  "offline": false,
  "reducedMotion": "no-preference",
  "serviceWorkers": "allow",
  "viewport": {
    "height": 720,
    "width": 1280
  }
}</msg>
<msg time="2025-05-23T11:54:54.687780" level="INFO">Successfully created context. </msg>
<msg time="2025-05-23T11:54:54.688403" level="INFO">{'acceptDownloads': True, 'bypassCSP': False, 'forcedColors': 'none', 'ignoreHTTPSErrors': False, 'javaScriptEnabled': True, 'offline': False, 'reducedMotion': 'no-preference', 'serviceWorkers': 'allow', 'viewport': {'height': 720, 'width': 1280}}</msg>
<tag>BrowserControl</tag>
<tag>Setter</tag>
<doc>Create a new BrowserContext with specified options.</doc>
<status status="PASS" start="2025-05-23T11:54:54.652880" elapsed="0.036118"/>
</kw>
<kw name="New Page" owner="Browser">
<msg time="2025-05-23T11:54:56.152080" level="INFO">Successfully initialized new page object and opened url: http://127.0.0.1.nip.io/</msg>
<arg>${url}</arg>
<tag>BrowserControl</tag>
<tag>Setter</tag>
<doc>Open a new Page.</doc>
<status status="PASS" start="2025-05-23T11:54:54.689460" elapsed="1.463397"/>
</kw>
<kw name="Set Viewport Size" owner="Browser">
<msg time="2025-05-23T11:54:56.175349" level="INFO">Set viewport size to: [object Object]</msg>
<arg>1920</arg>
<arg>1080</arg>
<tag>BrowserControl</tag>
<tag>Setter</tag>
<doc>Sets current Pages viewport size to specified dimensions.</doc>
<status status="PASS" start="2025-05-23T11:54:56.153287" elapsed="0.022802"/>
</kw>
<arg>${LOGIN_URL}</arg>
<status status="PASS" start="2025-05-23T11:54:54.652036" elapsed="1.524369"/>
</kw>
<kw name="Login Page Should Be Loaded" owner="browser">
<kw name="Wait For Elements State" owner="Browser">
<msg time="2025-05-23T11:54:56.231971" level="INFO">Waited for Element with selector div.login-pf-page at state visible</msg>
<arg>${LOGIN_PAGE_ELEMENT}</arg>
<arg>visible</arg>
<tag>PageContent</tag>
<tag>Wait</tag>
<doc>Waits for the element found by ``selector`` to satisfy state option.</doc>
<status status="PASS" start="2025-05-23T11:54:56.178090" elapsed="0.054448"/>
</kw>
<kw name="Get Title" owner="Browser">
<msg time="2025-05-23T11:54:56.241136" level="INFO">Title: 'Sign in to CSX CoreSystem'</msg>
<msg time="2025-05-23T11:54:56.242561" level="INFO">${title} = Sign in to CSX CoreSystem</msg>
<var>${title}</var>
<tag>Assertion</tag>
<tag>Getter</tag>
<tag>PageContent</tag>
<doc>Returns the title of the current page.</doc>
<status status="PASS" start="2025-05-23T11:54:56.232839" elapsed="0.010357"/>
</kw>
<kw name="Should Be Equal" owner="BuiltIn">
<arg>${title}</arg>
<arg>${expected_title}</arg>
<doc>Fails if the given objects are unequal.</doc>
<status status="PASS" start="2025-05-23T11:54:56.243587" elapsed="0.000913"/>
</kw>
<arg>${LOGIN_TITLE}</arg>
<status status="PASS" start="2025-05-23T11:54:56.176778" elapsed="0.068007"/>
</kw>
<arg>${LOGIN_URL}</arg>
<status status="PASS" start="2025-05-23T11:54:54.650653" elapsed="1.594366"/>
</kw>
<kw name="Input Login Valid Credentials" owner="browser">
<kw name="Fill Text" owner="Browser">
<msg time="2025-05-23T11:54:56.248319" level="INFO">Fills the text 'supervisor' in the given field.</msg>
<arg>${INPUT_LOGIN_USERNAME}</arg>
<arg>${username}</arg>
<tag>PageContent</tag>
<tag>Setter</tag>
<doc>Clears and fills the given ``txt`` into the text field found by ``selector``.</doc>
<status status="PASS" start="2025-05-23T11:54:56.246609" elapsed="0.538983"/>
</kw>
<kw name="Fill Text" owner="Browser">
<msg time="2025-05-23T11:54:56.787817" level="INFO">Fills the text 'supervisor' in the given field.</msg>
<arg>${INPUT_LOGIN_PASSWORD}</arg>
<arg>${password}</arg>
<tag>PageContent</tag>
<tag>Setter</tag>
<doc>Clears and fills the given ``txt`` into the text field found by ``selector``.</doc>
<status status="PASS" start="2025-05-23T11:54:56.786030" elapsed="0.535353"/>
</kw>
<kw name="Click" owner="Browser">
<msg time="2025-05-23T11:54:57.324541" level="INFO">Clicks the element 'input#kc-login'.</msg>
<arg>${INPUT_LOGIN_SUBMIT}</arg>
<tag>PageContent</tag>
<tag>Setter</tag>
<doc>Simulates mouse click on the element found by ``selector``.</doc>
<status status="PASS" start="2025-05-23T11:54:57.321955" elapsed="0.838652"/>
</kw>
<kw name="Role&amp;Position Page Should Be Open" owner="browser">
<kw name="Wait For Elements State" owner="Browser">
<msg time="2025-05-23T11:55:00.547444" level="INFO">Waited for Element with selector ix-blind.rootPane.blind-outline.hydrated at state visible</msg>
<arg>${IX-BLIND_ROLE&amp;POSITION}</arg>
<arg>visible</arg>
<tag>PageContent</tag>
<tag>Wait</tag>
<doc>Waits for the element found by ``selector`` to satisfy state option.</doc>
<status status="PASS" start="2025-05-23T11:54:58.162624" elapsed="2.385654"/>
</kw>
<kw name="Get Title" owner="Browser">
<msg time="2025-05-23T11:55:00.558668" level="INFO">Title: 'Core System'</msg>
<msg time="2025-05-23T11:55:00.559629" level="INFO">${title} = Core System</msg>
<var>${title}</var>
<tag>Assertion</tag>
<tag>Getter</tag>
<tag>PageContent</tag>
<doc>Returns the title of the current page.</doc>
<status status="PASS" start="2025-05-23T11:55:00.548805" elapsed="0.011329"/>
</kw>
<kw name="Should Be Equal" owner="BuiltIn">
<arg>${title}</arg>
<arg>${expected_title}</arg>
<doc>Fails if the given objects are unequal.</doc>
<status status="PASS" start="2025-05-23T11:55:00.560617" elapsed="0.001301"/>
</kw>
<arg>${MAIN_TITLE}</arg>
<status status="PASS" start="2025-05-23T11:54:58.161301" elapsed="2.400979"/>
</kw>
<arg>${VALID_USERNAME}</arg>
<arg>${VALID_PASSWORD}</arg>
<status status="PASS" start="2025-05-23T11:54:56.245606" elapsed="4.316931"/>
</kw>
<kw name="Select Role And Position" owner="browser">
<kw name="Wait For Elements State" owner="Browser">
<msg time="2025-05-23T11:55:00.579284" level="INFO">Waited for Element with selector ix-select &gt;&gt; nth=0 at state visible</msg>
<arg>${IX-SELECT_ROLE}</arg>
<tag>PageContent</tag>
<tag>Wait</tag>
<doc>Waits for the element found by ``selector`` to satisfy state option.</doc>
<status status="PASS" start="2025-05-23T11:55:00.564981" elapsed="0.015153"/>
</kw>
<kw name="Click" owner="Browser">
<msg time="2025-05-23T11:55:00.583438" level="INFO">Clicks the element 'ix-select &gt;&gt; nth=0'.</msg>
<arg>${IX-SELECT_ROLE}</arg>
<tag>PageContent</tag>
<tag>Setter</tag>
<doc>Simulates mouse click on the element found by ``selector``.</doc>
<status status="PASS" start="2025-05-23T11:55:00.580634" elapsed="0.597660"/>
</kw>
<kw name="Get Selector For IX-SELECT-ITEM_ROLE" owner="variables">
<kw name="Set Variable" owner="BuiltIn">
<msg time="2025-05-23T11:55:01.180967" level="INFO">${selector} = ix-select-item[ng-reflect-value="Dispatcher"]</msg>
<var>${selector}</var>
<arg>ix-select-item[ng-reflect-value="${role}"]</arg>
<doc>Returns the given values which can then be assigned to a variables.</doc>
<status status="PASS" start="2025-05-23T11:55:01.180103" elapsed="0.001395"/>
</kw>
<return>
<value>${selector}</value>
<status status="PASS" start="2025-05-23T11:55:01.181774" elapsed="0.000608"/>
</return>
<msg time="2025-05-23T11:55:01.182742" level="INFO">${IXL-SELECT-ITEM_ROLE} = ix-select-item[ng-reflect-value="Dispatcher"]</msg>
<var>${IXL-SELECT-ITEM_ROLE}</var>
<arg>${role}</arg>
<status status="PASS" start="2025-05-23T11:55:01.178886" elapsed="0.005337"/>
</kw>
<kw name="Wait For Elements State" owner="Browser">
<msg time="2025-05-23T11:55:02.202565" level="INFO">Waited for Element with selector ix-select-item[ng-reflect-value="Dispatcher"] at state visible</msg>
<arg>${IXL-SELECT-ITEM_ROLE}</arg>
<arg>visible</arg>
<tag>PageContent</tag>
<tag>Wait</tag>
<doc>Waits for the element found by ``selector`` to satisfy state option.</doc>
<status status="PASS" start="2025-05-23T11:55:01.184688" elapsed="1.018895"/>
</kw>
<kw name="Click" owner="Browser">
<msg time="2025-05-23T11:55:02.206806" level="INFO">Clicks the element 'ix-select-item[ng-reflect-value="Dispatcher"]'.</msg>
<arg>${IXL-SELECT-ITEM_ROLE}</arg>
<tag>PageContent</tag>
<tag>Setter</tag>
<doc>Simulates mouse click on the element found by ``selector``.</doc>
<status status="PASS" start="2025-05-23T11:55:02.204311" elapsed="0.592122"/>
</kw>
<kw name="Wait For Elements State" owner="Browser">
<msg time="2025-05-23T11:55:03.457930" level="INFO">Waited for Element with selector ix-select &gt;&gt; nth=1 at state visible</msg>
<arg>${IX-SELECT_POSITION}</arg>
<tag>PageContent</tag>
<tag>Wait</tag>
<doc>Waits for the element found by ``selector`` to satisfy state option.</doc>
<status status="PASS" start="2025-05-23T11:55:02.796994" elapsed="0.661789"/>
</kw>
<kw name="Click" owner="Browser">
<msg time="2025-05-23T11:55:03.461665" level="INFO">Clicks the element 'ix-select &gt;&gt; nth=1'.</msg>
<arg>${IX-SELECT_POSITION}</arg>
<tag>PageContent</tag>
<tag>Setter</tag>
<doc>Simulates mouse click on the element found by ``selector``.</doc>
<status status="PASS" start="2025-05-23T11:55:03.459112" elapsed="1.254648"/>
</kw>
<kw name="Get Selector For IX-SELECT-ITEM_POSITION" owner="variables">
<kw name="Set Variable" owner="BuiltIn">
<msg time="2025-05-23T11:55:04.715241" level="INFO">${selector} = ix-select-item[ng-reflect-value="FE"]</msg>
<var>${selector}</var>
<arg>ix-select-item[ng-reflect-value="${position}"]</arg>
<doc>Returns the given values which can then be assigned to a variables.</doc>
<status status="PASS" start="2025-05-23T11:55:04.714827" elapsed="0.000928"/>
</kw>
<return>
<value>${selector}</value>
<status status="PASS" start="2025-05-23T11:55:04.715896" elapsed="0.000347"/>
</return>
<msg time="2025-05-23T11:55:04.716417" level="INFO">${IXL-SELECT-ITEM_POSITION} = ix-select-item[ng-reflect-value="FE"]</msg>
<var>${IXL-SELECT-ITEM_POSITION}</var>
<arg>${position}</arg>
<status status="PASS" start="2025-05-23T11:55:04.714200" elapsed="0.002496"/>
</kw>
<kw name="Wait For Elements State" owner="Browser">
<msg time="2025-05-23T11:55:04.727462" level="INFO">Waited for Element with selector ix-select-item[ng-reflect-value="FE"] at state visible</msg>
<arg>${IXL-SELECT-ITEM_POSITION}</arg>
<arg>visible</arg>
<tag>PageContent</tag>
<tag>Wait</tag>
<doc>Waits for the element found by ``selector`` to satisfy state option.</doc>
<status status="PASS" start="2025-05-23T11:55:04.717009" elapsed="0.011211"/>
</kw>
<kw name="Click" owner="Browser">
<msg time="2025-05-23T11:55:04.730149" level="INFO">Clicks the element 'ix-select-item[ng-reflect-value="FE"]'.</msg>
<arg>${IXL-SELECT-ITEM_POSITION}</arg>
<tag>PageContent</tag>
<tag>Setter</tag>
<doc>Simulates mouse click on the element found by ``selector``.</doc>
<status status="PASS" start="2025-05-23T11:55:04.728487" elapsed="0.576460"/>
</kw>
<if>
<branch type="IF" condition="'${HOS}' == 'True'">
<kw name="Set Hour Of Service" owner="browser">
<kw name="Wait For Elements State" owner="Browser">
<msg time="2025-05-23T11:55:05.313924" level="INFO">Waited for Element with selector button[aria-label="Calendar"] at state visible</msg>
<arg>${HOS_CALENDAR_BUTTON}</arg>
<arg>visible</arg>
<tag>PageContent</tag>
<tag>Wait</tag>
<doc>Waits for the element found by ``selector`` to satisfy state option.</doc>
<status status="PASS" start="2025-05-23T11:55:05.306788" elapsed="0.007738"/>
</kw>
<kw name="Click" owner="Browser">
<msg time="2025-05-23T11:55:05.316921" level="INFO">Clicks the element 'button[aria-label="Calendar"]'.</msg>
<arg>${HOS_CALENDAR_BUTTON}</arg>
<tag>PageContent</tag>
<tag>Setter</tag>
<doc>Simulates mouse click on the element found by ``selector``.</doc>
<status status="PASS" start="2025-05-23T11:55:05.314807" elapsed="0.551241"/>
</kw>
<kw name="Wait For Elements State" owner="Browser">
<msg time="2025-05-23T11:55:05.875676" level="INFO">Waited for Element with selector div.calendar-item.today.selected at state visible</msg>
<arg>${HOS_CALENDAR_TODAY_ITEM}</arg>
<arg>visible</arg>
<tag>PageContent</tag>
<tag>Wait</tag>
<doc>Waits for the element found by ``selector`` to satisfy state option.</doc>
<status status="PASS" start="2025-05-23T11:55:05.866333" elapsed="0.009943"/>
</kw>
<kw name="Click" owner="Browser">
<msg time="2025-05-23T11:55:05.878437" level="INFO">Clicks the element 'div.calendar-item.today.selected'.</msg>
<arg>${HOS_CALENDAR_TODAY_ITEM}</arg>
<tag>PageContent</tag>
<tag>Setter</tag>
<doc>Simulates mouse click on the element found by ``selector``.</doc>
<status status="PASS" start="2025-05-23T11:55:05.876593" elapsed="0.565960"/>
</kw>
<kw name="Get Current Date" owner="DateTime">
<msg time="2025-05-23T11:55:06.443367" level="INFO">${current_hour} = 11</msg>
<var>${current_hour}</var>
<arg>result_format=%H</arg>
<doc>Returns current local or UTC time with an optional increment.</doc>
<status status="PASS" start="2025-05-23T11:55:06.442837" elapsed="0.000751"/>
</kw>
<kw name="Get Current Date" owner="DateTime">
<msg time="2025-05-23T11:55:06.444176" level="INFO">${current_minute} = 55</msg>
<var>${current_minute}</var>
<arg>result_format=%M</arg>
<doc>Returns current local or UTC time with an optional increment.</doc>
<status status="PASS" start="2025-05-23T11:55:06.443764" elapsed="0.000659"/>
</kw>
<kw name="Convert To Integer" owner="BuiltIn">
<msg time="2025-05-23T11:55:06.445215" level="INFO">${hour} = 11</msg>
<var>${hour}</var>
<arg>${current_hour}</arg>
<doc>Converts the given item to an integer number.</doc>
<status status="PASS" start="2025-05-23T11:55:06.444622" elapsed="0.000815"/>
</kw>
<kw name="Convert To Integer" owner="BuiltIn">
<msg time="2025-05-23T11:55:06.446040" level="INFO">${minute} = 55</msg>
<var>${minute}</var>
<arg>${current_minute}</arg>
<doc>Converts the given item to an integer number.</doc>
<status status="PASS" start="2025-05-23T11:55:06.445625" elapsed="0.000602"/>
</kw>
<kw name="Evaluate" owner="BuiltIn">
<msg time="2025-05-23T11:55:06.447403" level="INFO">${delay_hour} = 10</msg>
<var>${delay_hour}</var>
<arg>${hour} - 1</arg>
<doc>Evaluates the given expression in Python and returns the result.</doc>
<status status="PASS" start="2025-05-23T11:55:06.446459" elapsed="0.001227"/>
</kw>
<kw name="Wait For Elements State" owner="Browser">
<msg time="2025-05-23T11:55:06.456179" level="INFO">Waited for Element with selector input[name="hour"] at state visible</msg>
<arg>${HOS_INPUT_HOUR}</arg>
<arg>visible</arg>
<tag>PageContent</tag>
<tag>Wait</tag>
<doc>Waits for the element found by ``selector`` to satisfy state option.</doc>
<status status="PASS" start="2025-05-23T11:55:06.447957" elapsed="0.008583"/>
</kw>
<kw name="Fill Text" owner="Browser">
<msg time="2025-05-23T11:55:06.458370" level="INFO">Fills the text '10' in the given field.</msg>
<arg>${HOS_INPUT_HOUR}</arg>
<arg>${delay_hour}</arg>
<tag>PageContent</tag>
<tag>Setter</tag>
<doc>Clears and fills the given ``txt`` into the text field found by ``selector``.</doc>
<status status="PASS" start="2025-05-23T11:55:06.456791" elapsed="0.515829"/>
</kw>
<kw name="Wait For Elements State" owner="Browser">
<msg time="2025-05-23T11:55:06.981839" level="INFO">Waited for Element with selector input[name="minute"] at state visible</msg>
<arg>${HOS_INPUT_MINUTE}</arg>
<arg>visible</arg>
<tag>PageContent</tag>
<tag>Wait</tag>
<doc>Waits for the element found by ``selector`` to satisfy state option.</doc>
<status status="PASS" start="2025-05-23T11:55:06.972892" elapsed="0.009307"/>
</kw>
<kw name="Fill Text" owner="Browser">
<msg time="2025-05-23T11:55:06.984691" level="INFO">Fills the text '55' in the given field.</msg>
<arg>${HOS_INPUT_MINUTE}</arg>
<arg>${minute}</arg>
<tag>PageContent</tag>
<tag>Setter</tag>
<doc>Clears and fills the given ``txt`` into the text field found by ``selector``.</doc>
<status status="PASS" start="2025-05-23T11:55:06.982810" elapsed="0.531267"/>
</kw>
<kw name="Wait For Elements State" owner="Browser">
<msg time="2025-05-23T11:55:07.525331" level="INFO">Waited for Element with selector div.btn-select-date-container &gt;&gt; ix-button:has-text("Done") at state visible</msg>
<arg>${HOS_DONE_BUTTON}</arg>
<arg>visible</arg>
<tag>PageContent</tag>
<tag>Wait</tag>
<doc>Waits for the element found by ``selector`` to satisfy state option.</doc>
<status status="PASS" start="2025-05-23T11:55:07.514341" elapsed="0.011436"/>
</kw>
<kw name="Click" owner="Browser">
<msg time="2025-05-23T11:55:07.528034" level="INFO">Clicks the element 'div.btn-select-date-container &gt;&gt; ix-button:has-text("Done")'.</msg>
<arg>${HOS_DONE_BUTTON}</arg>
<tag>PageContent</tag>
<tag>Setter</tag>
<doc>Simulates mouse click on the element found by ``selector``.</doc>
<status status="PASS" start="2025-05-23T11:55:07.526050" elapsed="0.557984"/>
</kw>
<status status="PASS" start="2025-05-23T11:55:05.306288" elapsed="2.778071"/>
</kw>
<status status="PASS" start="2025-05-23T11:55:05.305244" elapsed="2.779245"/>
</branch>
<status status="PASS" start="2025-05-23T11:55:05.305198" elapsed="2.779399"/>
</if>
<kw name="Wait For Elements State" owner="Browser">
<msg time="2025-05-23T11:55:08.095906" level="INFO">Waited for Element with selector text=Start session at state visible</msg>
<arg>${START_SESSION_BUTTON}</arg>
<arg>visible</arg>
<tag>PageContent</tag>
<tag>Wait</tag>
<doc>Waits for the element found by ``selector`` to satisfy state option.</doc>
<status status="PASS" start="2025-05-23T11:55:08.084783" elapsed="0.011644"/>
</kw>
<kw name="Click" owner="Browser">
<msg time="2025-05-23T11:55:08.098645" level="INFO">Clicks the element 'text=Start session'.</msg>
<arg>${START_SESSION_BUTTON}</arg>
<tag>PageContent</tag>
<tag>Setter</tag>
<doc>Simulates mouse click on the element found by ``selector``.</doc>
<status status="PASS" start="2025-05-23T11:55:08.096732" elapsed="0.557738"/>
</kw>
<kw name="Main Page Should Be Open" owner="browser">
<kw name="Wait For Elements State" owner="Browser">
<msg time="2025-05-23T11:55:08.663149" level="INFO">Waited for Element with selector gridster-item#DashBoard_mainCanvas at state visible</msg>
<arg>${MAIN_PAGE_ELEMENT}</arg>
<arg>visible</arg>
<tag>PageContent</tag>
<tag>Wait</tag>
<doc>Waits for the element found by ``selector`` to satisfy state option.</doc>
<status status="PASS" start="2025-05-23T11:55:08.655580" elapsed="0.008172"/>
</kw>
<kw name="Get Title" owner="Browser">
<msg time="2025-05-23T11:55:08.670926" level="INFO">Title: 'Core System'</msg>
<msg time="2025-05-23T11:55:08.671318" level="INFO">${title} = Core System</msg>
<var>${title}</var>
<tag>Assertion</tag>
<tag>Getter</tag>
<tag>PageContent</tag>
<doc>Returns the title of the current page.</doc>
<status status="PASS" start="2025-05-23T11:55:08.664147" elapsed="0.007344"/>
</kw>
<kw name="Should Be Equal" owner="BuiltIn">
<arg>${title}</arg>
<arg>${expected_title}</arg>
<doc>Fails if the given objects are unequal.</doc>
<status status="PASS" start="2025-05-23T11:55:08.671766" elapsed="0.000679"/>
</kw>
<arg>${MAIN_TITLE}</arg>
<status status="PASS" start="2025-05-23T11:55:08.654820" elapsed="0.017789"/>
</kw>
<arg>${ROLE}</arg>
<arg>${POSITION}</arg>
<arg>${HOS}</arg>
<status status="PASS" start="2025-05-23T11:55:00.563463" elapsed="8.109258"/>
</kw>
<msg time="2025-05-23T11:55:08.690241" level="INFO">Switching context to context=b9d3dc46-379a-4d6f-b004-6f3181112774 in CURRENT</msg>
<msg time="2025-05-23T11:55:08.699031" level="INFO">Successfully changed active context: context=b9d3dc46-379a-4d6f-b004-6f3181112774</msg>
<msg time="2025-05-23T11:55:08.753036" level="INFO">Successfully closed Context</msg>
<status status="PASS" start="2025-05-23T11:54:54.641311" elapsed="14.031854"/>
</test>
<kw name="Closing Test" owner="initialConfiguration" type="TEARDOWN">
<kw name="Disconnect Users BBDD" owner="db">
<kw name="Execute Sql String" owner="DatabaseLibrary">
<msg time="2025-05-23T11:55:08.761024" level="INFO" html="true">Executing sql:&lt;br&gt;&lt;code style="font-weight: bold;"&gt;DELETE FROM usersessions;&lt;/code&gt;</msg>
<msg time="2025-05-23T11:55:08.763741" level="INFO">Commit the transaction</msg>
<arg>DELETE FROM usersessions;</arg>
<doc>Executes the ``sql_string`` as a single SQL command.</doc>
<status status="PASS" start="2025-05-23T11:55:08.760309" elapsed="0.014839"/>
</kw>
<kw name="Log To Console" owner="BuiltIn">
<arg>Cerrando sesiones abiertas</arg>
<doc>Logs the given message to the console.</doc>
<status status="PASS" start="2025-05-23T11:55:08.775721" elapsed="0.005649"/>
</kw>
<kw name="Disconnect From Database" owner="DatabaseLibrary">
<doc>Disconnects from the database.</doc>
<status status="PASS" start="2025-05-23T11:55:08.781999" elapsed="0.002122"/>
</kw>
<status status="PASS" start="2025-05-23T11:55:08.759263" elapsed="0.025405"/>
</kw>
<kw name="Close Browser" owner="Browser">
<msg time="2025-05-23T11:55:09.007440" level="INFO">Closed browser</msg>
<tag>BrowserControl</tag>
<tag>Setter</tag>
<doc>Closes the current browser.</doc>
<status status="PASS" start="2025-05-23T11:55:08.787007" elapsed="0.221113"/>
</kw>
<kw name="Log To Console" owner="BuiltIn">
<arg>Test finalizado</arg>
<doc>Logs the given message to the console.</doc>
<status status="PASS" start="2025-05-23T11:55:09.008616" elapsed="0.001606"/>
</kw>
<status status="PASS" start="2025-05-23T11:55:08.758219" elapsed="0.252329"/>
</kw>
<doc>Verify that when the user works under hours of service, the system shall ask for confirmation password to complete the logoff</doc>
<meta name="Version">1.0</meta>
<status status="PASS" start="2025-05-23T11:54:52.036603" elapsed="16.974153"/>
</suite>
<status status="PASS" start="2025-05-23T11:54:52.031754" elapsed="17.027963"/>
</suite>
<status status="PASS" start="2025-05-23T11:54:52.027073" elapsed="17.034878"/>
</suite>
<status status="PASS" start="2025-05-23T11:54:51.982866" elapsed="17.080983"/>
</suite>
<statistics>
<total>
<stat pass="1" fail="0" skip="0">All Tests</stat>
</total>
<tag>
</tag>
<suite>
<stat name="Richard-RobotFrameworkTestProject" id="s1" pass="1" fail="0" skip="0">Richard-RobotFrameworkTestProject</stat>
<stat name="Tests" id="s1-s1" pass="1" fail="0" skip="0">Richard-RobotFrameworkTestProject.Tests</stat>
<stat name="1.5.3 User logoff" id="s1-s1-s1" pass="1" fail="0" skip="0">Richard-RobotFrameworkTestProject.Tests.1.5.3 User logoff</stat>
<stat name="CR9K-266303" id="s1-s1-s1-s1" pass="1" fail="0" skip="0">Richard-RobotFrameworkTestProject.Tests.1.5.3 User logoff.CR9K-266303</stat>
</suite>
</statistics>
<errors>
</errors>
</robot>
